CRITICAL - 2022-09-07 16:52:38 --> Argument 1 passed to App\Controllers\Admin\Extras::buscaExtraOu404() must be of the type int or null, string given, called in C:\xampp\htdocs\food\app\Controllers\Admin\Extras.php on line 105
in APPPATH\Controllers\Admin\Extras.php on line 118.
 1 APPPATH\Controllers\Admin\Extras.php(105): App\Controllers\Admin\Extras->buscaExtraOu404('images')
 2 SYSTEMPATH\CodeIgniter.php(904): App\Controllers\Admin\Extras->show('images', 'logo.svg')
 3 SYSTEMPATH\CodeIgniter.php(457): CodeIgniter\CodeIgniter->runController(Object(App\Controllers\Admin\Extras))
 4 SYSTEMPATH\CodeIgniter.php(340): CodeIgniter\CodeIgniter->handleRequest(null, Object(Config\Cache), false)
 5 FCPATH\index.php(67): CodeIgniter\CodeIgniter->run()
 6 SYSTEMPATH\Commands\Server\rewrite.php(43): require_once('FCPATH\\index.php')
CRITICAL - 2022-09-07 16:52:38 --> Argument 1 passed to App\Controllers\Admin\Extras::buscaExtraOu404() must be of the type int or null, string given, called in C:\xampp\htdocs\food\app\Controllers\Admin\Extras.php on line 105
in APPPATH\Controllers\Admin\Extras.php on line 118.
 1 APPPATH\Controllers\Admin\Extras.php(105): App\Controllers\Admin\Extras->buscaExtraOu404('images')
 2 SYSTEMPATH\CodeIgniter.php(904): App\Controllers\Admin\Extras->show('images', 'logo-mini.svg')
 3 SYSTEMPATH\CodeIgniter.php(457): CodeIgniter\CodeIgniter->runController(Object(App\Controllers\Admin\Extras))
 4 SYSTEMPATH\CodeIgniter.php(340): CodeIgniter\CodeIgniter->handleRequest(null, Object(Config\Cache), false)
 5 FCPATH\index.php(67): CodeIgniter\CodeIgniter->run()
 6 SYSTEMPATH\Commands\Server\rewrite.php(43): require_once('FCPATH\\index.php')
CRITICAL - 2022-09-07 16:52:38 --> Argument 1 passed to App\Controllers\Admin\Extras::buscaExtraOu404() must be of the type int or null, string given, called in C:\xampp\htdocs\food\app\Controllers\Admin\Extras.php on line 105
in APPPATH\Controllers\Admin\Extras.php on line 118.
 1 APPPATH\Controllers\Admin\Extras.php(105): App\Controllers\Admin\Extras->buscaExtraOu404('images')
 2 SYSTEMPATH\CodeIgniter.php(904): App\Controllers\Admin\Extras->show('images', 'faces', 'face4.jpg')
 3 SYSTEMPATH\CodeIgniter.php(457): CodeIgniter\CodeIgniter->runController(Object(App\Controllers\Admin\Extras))
 4 SYSTEMPATH\CodeIgniter.php(340): CodeIgniter\CodeIgniter->handleRequest(null, Object(Config\Cache), false)
 5 FCPATH\index.php(67): CodeIgniter\CodeIgniter->run()
 6 SYSTEMPATH\Commands\Server\rewrite.php(43): require_once('FCPATH\\index.php')
CRITICAL - 2022-09-07 16:52:38 --> Argument 1 passed to App\Controllers\Admin\Extras::buscaExtraOu404() must be of the type int or null, string given, called in C:\xampp\htdocs\food\app\Controllers\Admin\Extras.php on line 105
in APPPATH\Controllers\Admin\Extras.php on line 118.
 1 APPPATH\Controllers\Admin\Extras.php(105): App\Controllers\Admin\Extras->buscaExtraOu404('images')
 2 SYSTEMPATH\CodeIgniter.php(904): App\Controllers\Admin\Extras->show('images', 'faces', 'face2.jpg')
 3 SYSTEMPATH\CodeIgniter.php(457): CodeIgniter\CodeIgniter->runController(Object(App\Controllers\Admin\Extras))
 4 SYSTEMPATH\CodeIgniter.php(340): CodeIgniter\CodeIgniter->handleRequest(null, Object(Config\Cache), false)
 5 FCPATH\index.php(67): CodeIgniter\CodeIgniter->run()
 6 SYSTEMPATH\Commands\Server\rewrite.php(43): require_once('FCPATH\\index.php')
CRITICAL - 2022-09-07 16:52:38 --> Argument 1 passed to App\Controllers\Admin\Extras::buscaExtraOu404() must be of the type int or null, string given, called in C:\xampp\htdocs\food\app\Controllers\Admin\Extras.php on line 105
in APPPATH\Controllers\Admin\Extras.php on line 118.
 1 APPPATH\Controllers\Admin\Extras.php(105): App\Controllers\Admin\Extras->buscaExtraOu404('images')
 2 SYSTEMPATH\CodeIgniter.php(904): App\Controllers\Admin\Extras->show('images', 'faces', 'face5.jpg')
 3 SYSTEMPATH\CodeIgniter.php(457): CodeIgniter\CodeIgniter->runController(Object(App\Controllers\Admin\Extras))
 4 SYSTEMPATH\CodeIgniter.php(340): CodeIgniter\CodeIgniter->handleRequest(null, Object(Config\Cache), false)
 5 FCPATH\index.php(67): CodeIgniter\CodeIgniter->run()
 6 SYSTEMPATH\Commands\Server\rewrite.php(43): require_once('FCPATH\\index.php')
CRITICAL - 2022-09-07 16:52:38 --> Argument 1 passed to App\Controllers\Admin\Extras::buscaExtraOu404() must be of the type int or null, string given, called in C:\xampp\htdocs\food\app\Controllers\Admin\Extras.php on line 105
in APPPATH\Controllers\Admin\Extras.php on line 118.
 1 APPPATH\Controllers\Admin\Extras.php(105): App\Controllers\Admin\Extras->buscaExtraOu404('images')
 2 SYSTEMPATH\CodeIgniter.php(904): App\Controllers\Admin\Extras->show('images', 'faces', 'face3.jpg')
 3 SYSTEMPATH\CodeIgniter.php(457): CodeIgniter\CodeIgniter->runController(Object(App\Controllers\Admin\Extras))
 4 SYSTEMPATH\CodeIgniter.php(340): CodeIgniter\CodeIgniter->handleRequest(null, Object(Config\Cache), false)
 5 FCPATH\index.php(67): CodeIgniter\CodeIgniter->run()
 6 SYSTEMPATH\Commands\Server\rewrite.php(43): require_once('FCPATH\\index.php')
CRITICAL - 2022-09-07 16:52:43 --> Argument 1 passed to App\Controllers\Admin\Produtos::buscaProdutoOu404() must be of the type int or null, string given, called in C:\xampp\htdocs\food\app\Controllers\Admin\Produtos.php on line 93
in APPPATH\Controllers\Admin\Produtos.php on line 105.
 1 APPPATH\Controllers\Admin\Produtos.php(93): App\Controllers\Admin\Produtos->buscaProdutoOu404('images')
 2 SYSTEMPATH\CodeIgniter.php(904): App\Controllers\Admin\Produtos->show('images', 'logo.svg')
 3 SYSTEMPATH\CodeIgniter.php(457): CodeIgniter\CodeIgniter->runController(Object(App\Controllers\Admin\Produtos))
 4 SYSTEMPATH\CodeIgniter.php(340): CodeIgniter\CodeIgniter->handleRequest(null, Object(Config\Cache), false)
 5 FCPATH\index.php(67): CodeIgniter\CodeIgniter->run()
 6 SYSTEMPATH\Commands\Server\rewrite.php(43): require_once('FCPATH\\index.php')
CRITICAL - 2022-09-07 16:52:43 --> Argument 1 passed to App\Controllers\Admin\Produtos::buscaProdutoOu404() must be of the type int or null, string given, called in C:\xampp\htdocs\food\app\Controllers\Admin\Produtos.php on line 93
in APPPATH\Controllers\Admin\Produtos.php on line 105.
 1 APPPATH\Controllers\Admin\Produtos.php(93): App\Controllers\Admin\Produtos->buscaProdutoOu404('images')
 2 SYSTEMPATH\CodeIgniter.php(904): App\Controllers\Admin\Produtos->show('images', 'logo-mini.svg')
 3 SYSTEMPATH\CodeIgniter.php(457): CodeIgniter\CodeIgniter->runController(Object(App\Controllers\Admin\Produtos))
 4 SYSTEMPATH\CodeIgniter.php(340): CodeIgniter\CodeIgniter->handleRequest(null, Object(Config\Cache), false)
 5 FCPATH\index.php(67): CodeIgniter\CodeIgniter->run()
 6 SYSTEMPATH\Commands\Server\rewrite.php(43): require_once('FCPATH\\index.php')
CRITICAL - 2022-09-07 16:52:43 --> Argument 1 passed to App\Controllers\Admin\Produtos::buscaProdutoOu404() must be of the type int or null, string given, called in C:\xampp\htdocs\food\app\Controllers\Admin\Produtos.php on line 93
in APPPATH\Controllers\Admin\Produtos.php on line 105.
 1 APPPATH\Controllers\Admin\Produtos.php(93): App\Controllers\Admin\Produtos->buscaProdutoOu404('images')
 2 SYSTEMPATH\CodeIgniter.php(904): App\Controllers\Admin\Produtos->show('images', 'faces', 'face4.jpg')
 3 SYSTEMPATH\CodeIgniter.php(457): CodeIgniter\CodeIgniter->runController(Object(App\Controllers\Admin\Produtos))
 4 SYSTEMPATH\CodeIgniter.php(340): CodeIgniter\CodeIgniter->handleRequest(null, Object(Config\Cache), false)
 5 FCPATH\index.php(67): CodeIgniter\CodeIgniter->run()
 6 SYSTEMPATH\Commands\Server\rewrite.php(43): require_once('FCPATH\\index.php')
CRITICAL - 2022-09-07 16:52:43 --> Argument 1 passed to App\Controllers\Admin\Produtos::buscaProdutoOu404() must be of the type int or null, string given, called in C:\xampp\htdocs\food\app\Controllers\Admin\Produtos.php on line 93
in APPPATH\Controllers\Admin\Produtos.php on line 105.
 1 APPPATH\Controllers\Admin\Produtos.php(93): App\Controllers\Admin\Produtos->buscaProdutoOu404('images')
 2 SYSTEMPATH\CodeIgniter.php(904): App\Controllers\Admin\Produtos->show('images', 'faces', 'face5.jpg')
 3 SYSTEMPATH\CodeIgniter.php(457): CodeIgniter\CodeIgniter->runController(Object(App\Controllers\Admin\Produtos))
 4 SYSTEMPATH\CodeIgniter.php(340): CodeIgniter\CodeIgniter->handleRequest(null, Object(Config\Cache), false)
 5 FCPATH\index.php(67): CodeIgniter\CodeIgniter->run()
 6 SYSTEMPATH\Commands\Server\rewrite.php(43): require_once('FCPATH\\index.php')
CRITICAL - 2022-09-07 16:52:43 --> Argument 1 passed to App\Controllers\Admin\Produtos::buscaProdutoOu404() must be of the type int or null, string given, called in C:\xampp\htdocs\food\app\Controllers\Admin\Produtos.php on line 93
in APPPATH\Controllers\Admin\Produtos.php on line 105.
 1 APPPATH\Controllers\Admin\Produtos.php(93): App\Controllers\Admin\Produtos->buscaProdutoOu404('images')
 2 SYSTEMPATH\CodeIgniter.php(904): App\Controllers\Admin\Produtos->show('images', 'faces', 'face2.jpg')
 3 SYSTEMPATH\CodeIgniter.php(457): CodeIgniter\CodeIgniter->runController(Object(App\Controllers\Admin\Produtos))
 4 SYSTEMPATH\CodeIgniter.php(340): CodeIgniter\CodeIgniter->handleRequest(null, Object(Config\Cache), false)
 5 FCPATH\index.php(67): CodeIgniter\CodeIgniter->run()
 6 SYSTEMPATH\Commands\Server\rewrite.php(43): require_once('FCPATH\\index.php')
CRITICAL - 2022-09-07 16:52:43 --> Argument 1 passed to App\Controllers\Admin\Produtos::buscaProdutoOu404() must be of the type int or null, string given, called in C:\xampp\htdocs\food\app\Controllers\Admin\Produtos.php on line 93
in APPPATH\Controllers\Admin\Produtos.php on line 105.
 1 APPPATH\Controllers\Admin\Produtos.php(93): App\Controllers\Admin\Produtos->buscaProdutoOu404('images')
 2 SYSTEMPATH\CodeIgniter.php(904): App\Controllers\Admin\Produtos->show('images', 'faces', 'face3.jpg')
 3 SYSTEMPATH\CodeIgniter.php(457): CodeIgniter\CodeIgniter->runController(Object(App\Controllers\Admin\Produtos))
 4 SYSTEMPATH\CodeIgniter.php(340): CodeIgniter\CodeIgniter->handleRequest(null, Object(Config\Cache), false)
 5 FCPATH\index.php(67): CodeIgniter\CodeIgniter->run()
 6 SYSTEMPATH\Commands\Server\rewrite.php(43): require_once('FCPATH\\index.php')
CRITICAL - 2022-09-07 16:53:14 --> Argument 1 passed to App\Controllers\Admin\Produtos::buscaProdutoOu404() must be of the type int or null, string given, called in C:\xampp\htdocs\food\app\Controllers\Admin\Produtos.php on line 93
in APPPATH\Controllers\Admin\Produtos.php on line 105.
 1 APPPATH\Controllers\Admin\Produtos.php(93): App\Controllers\Admin\Produtos->buscaProdutoOu404('images')
 2 SYSTEMPATH\CodeIgniter.php(904): App\Controllers\Admin\Produtos->show('images', 'logo.svg')
 3 SYSTEMPATH\CodeIgniter.php(457): CodeIgniter\CodeIgniter->runController(Object(App\Controllers\Admin\Produtos))
 4 SYSTEMPATH\CodeIgniter.php(340): CodeIgniter\CodeIgniter->handleRequest(null, Object(Config\Cache), false)
 5 FCPATH\index.php(67): CodeIgniter\CodeIgniter->run()
 6 SYSTEMPATH\Commands\Server\rewrite.php(43): require_once('FCPATH\\index.php')
CRITICAL - 2022-09-07 16:53:14 --> Argument 1 passed to App\Controllers\Admin\Produtos::buscaProdutoOu404() must be of the type int or null, string given, called in C:\xampp\htdocs\food\app\Controllers\Admin\Produtos.php on line 93
in APPPATH\Controllers\Admin\Produtos.php on line 105.
 1 APPPATH\Controllers\Admin\Produtos.php(93): App\Controllers\Admin\Produtos->buscaProdutoOu404('images')
 2 SYSTEMPATH\CodeIgniter.php(904): App\Controllers\Admin\Produtos->show('images', 'logo-mini.svg')
 3 SYSTEMPATH\CodeIgniter.php(457): CodeIgniter\CodeIgniter->runController(Object(App\Controllers\Admin\Produtos))
 4 SYSTEMPATH\CodeIgniter.php(340): CodeIgniter\CodeIgniter->handleRequest(null, Object(Config\Cache), false)
 5 FCPATH\index.php(67): CodeIgniter\CodeIgniter->run()
 6 SYSTEMPATH\Commands\Server\rewrite.php(43): require_once('FCPATH\\index.php')
CRITICAL - 2022-09-07 16:53:14 --> Argument 1 passed to App\Controllers\Admin\Produtos::buscaProdutoOu404() must be of the type int or null, string given, called in C:\xampp\htdocs\food\app\Controllers\Admin\Produtos.php on line 93
in APPPATH\Controllers\Admin\Produtos.php on line 105.
 1 APPPATH\Controllers\Admin\Produtos.php(93): App\Controllers\Admin\Produtos->buscaProdutoOu404('images')
 2 SYSTEMPATH\CodeIgniter.php(904): App\Controllers\Admin\Produtos->show('images', 'faces', 'face4.jpg')
 3 SYSTEMPATH\CodeIgniter.php(457): CodeIgniter\CodeIgniter->runController(Object(App\Controllers\Admin\Produtos))
 4 SYSTEMPATH\CodeIgniter.php(340): CodeIgniter\CodeIgniter->handleRequest(null, Object(Config\Cache), false)
 5 FCPATH\index.php(67): CodeIgniter\CodeIgniter->run()
 6 SYSTEMPATH\Commands\Server\rewrite.php(43): require_once('FCPATH\\index.php')
CRITICAL - 2022-09-07 16:53:14 --> Argument 1 passed to App\Controllers\Admin\Produtos::buscaProdutoOu404() must be of the type int or null, string given, called in C:\xampp\htdocs\food\app\Controllers\Admin\Produtos.php on line 93
in APPPATH\Controllers\Admin\Produtos.php on line 105.
 1 APPPATH\Controllers\Admin\Produtos.php(93): App\Controllers\Admin\Produtos->buscaProdutoOu404('images')
 2 SYSTEMPATH\CodeIgniter.php(904): App\Controllers\Admin\Produtos->show('images', 'faces', 'face5.jpg')
 3 SYSTEMPATH\CodeIgniter.php(457): CodeIgniter\CodeIgniter->runController(Object(App\Controllers\Admin\Produtos))
 4 SYSTEMPATH\CodeIgniter.php(340): CodeIgniter\CodeIgniter->handleRequest(null, Object(Config\Cache), false)
 5 FCPATH\index.php(67): CodeIgniter\CodeIgniter->run()
 6 SYSTEMPATH\Commands\Server\rewrite.php(43): require_once('FCPATH\\index.php')
CRITICAL - 2022-09-07 16:53:14 --> Argument 1 passed to App\Controllers\Admin\Produtos::buscaProdutoOu404() must be of the type int or null, string given, called in C:\xampp\htdocs\food\app\Controllers\Admin\Produtos.php on line 93
in APPPATH\Controllers\Admin\Produtos.php on line 105.
 1 APPPATH\Controllers\Admin\Produtos.php(93): App\Controllers\Admin\Produtos->buscaProdutoOu404('images')
 2 SYSTEMPATH\CodeIgniter.php(904): App\Controllers\Admin\Produtos->show('images', 'faces', 'face2.jpg')
 3 SYSTEMPATH\CodeIgniter.php(457): CodeIgniter\CodeIgniter->runController(Object(App\Controllers\Admin\Produtos))
 4 SYSTEMPATH\CodeIgniter.php(340): CodeIgniter\CodeIgniter->handleRequest(null, Object(Config\Cache), false)
 5 FCPATH\index.php(67): CodeIgniter\CodeIgniter->run()
 6 SYSTEMPATH\Commands\Server\rewrite.php(43): require_once('FCPATH\\index.php')
CRITICAL - 2022-09-07 16:53:14 --> Argument 1 passed to App\Controllers\Admin\Produtos::buscaProdutoOu404() must be of the type int or null, string given, called in C:\xampp\htdocs\food\app\Controllers\Admin\Produtos.php on line 93
in APPPATH\Controllers\Admin\Produtos.php on line 105.
 1 APPPATH\Controllers\Admin\Produtos.php(93): App\Controllers\Admin\Produtos->buscaProdutoOu404('images')
 2 SYSTEMPATH\CodeIgniter.php(904): App\Controllers\Admin\Produtos->show('images', 'faces', 'face3.jpg')
 3 SYSTEMPATH\CodeIgniter.php(457): CodeIgniter\CodeIgniter->runController(Object(App\Controllers\Admin\Produtos))
 4 SYSTEMPATH\CodeIgniter.php(340): CodeIgniter\CodeIgniter->handleRequest(null, Object(Config\Cache), false)
 5 FCPATH\index.php(67): CodeIgniter\CodeIgniter->run()
 6 SYSTEMPATH\Commands\Server\rewrite.php(43): require_once('FCPATH\\index.php')
CRITICAL - 2022-09-07 16:53:15 --> Call to a member function where() on null
in APPPATH\Controllers\Admin\Produtos.php on line 383.
 1 SYSTEMPATH\CodeIgniter.php(904): App\Controllers\Admin\Produtos->especificacoes('2')
 2 SYSTEMPATH\CodeIgniter.php(457): CodeIgniter\CodeIgniter->runController(Object(App\Controllers\Admin\Produtos))
 3 SYSTEMPATH\CodeIgniter.php(340): CodeIgniter\CodeIgniter->handleRequest(null, Object(Config\Cache), false)
 4 FCPATH\index.php(67): CodeIgniter\CodeIgniter->run()
 5 SYSTEMPATH\Commands\Server\rewrite.php(43): require_once('FCPATH\\index.php')
CRITICAL - 2022-09-07 17:01:10 --> Call to a member function where() on null
in APPPATH\Controllers\Admin\Produtos.php on line 383.
 1 SYSTEMPATH\CodeIgniter.php(904): App\Controllers\Admin\Produtos->especificacoes('2')
 2 SYSTEMPATH\CodeIgniter.php(457): CodeIgniter\CodeIgniter->runController(Object(App\Controllers\Admin\Produtos))
 3 SYSTEMPATH\CodeIgniter.php(340): CodeIgniter\CodeIgniter->handleRequest(null, Object(Config\Cache), false)
 4 FCPATH\index.php(67): CodeIgniter\CodeIgniter->run()
 5 SYSTEMPATH\Commands\Server\rewrite.php(43): require_once('FCPATH\\index.php')
CRITICAL - 2022-09-07 17:03:01 --> Argument 1 passed to App\Controllers\Admin\Produtos::buscaProdutoOu404() must be of the type int or null, string given, called in C:\xampp\htdocs\food\app\Controllers\Admin\Produtos.php on line 93
in APPPATH\Controllers\Admin\Produtos.php on line 105.
 1 APPPATH\Controllers\Admin\Produtos.php(93): App\Controllers\Admin\Produtos->buscaProdutoOu404('images')
 2 SYSTEMPATH\CodeIgniter.php(904): App\Controllers\Admin\Produtos->show('images', 'logo.svg')
 3 SYSTEMPATH\CodeIgniter.php(457): CodeIgniter\CodeIgniter->runController(Object(App\Controllers\Admin\Produtos))
 4 SYSTEMPATH\CodeIgniter.php(340): CodeIgniter\CodeIgniter->handleRequest(null, Object(Config\Cache), false)
 5 FCPATH\index.php(67): CodeIgniter\CodeIgniter->run()
 6 SYSTEMPATH\Commands\Server\rewrite.php(43): require_once('FCPATH\\index.php')
CRITICAL - 2022-09-07 17:03:01 --> Argument 1 passed to App\Controllers\Admin\Produtos::buscaProdutoOu404() must be of the type int or null, string given, called in C:\xampp\htdocs\food\app\Controllers\Admin\Produtos.php on line 93
in APPPATH\Controllers\Admin\Produtos.php on line 105.
 1 APPPATH\Controllers\Admin\Produtos.php(93): App\Controllers\Admin\Produtos->buscaProdutoOu404('images')
 2 SYSTEMPATH\CodeIgniter.php(904): App\Controllers\Admin\Produtos->show('images', 'logo-mini.svg')
 3 SYSTEMPATH\CodeIgniter.php(457): CodeIgniter\CodeIgniter->runController(Object(App\Controllers\Admin\Produtos))
 4 SYSTEMPATH\CodeIgniter.php(340): CodeIgniter\CodeIgniter->handleRequest(null, Object(Config\Cache), false)
 5 FCPATH\index.php(67): CodeIgniter\CodeIgniter->run()
 6 SYSTEMPATH\Commands\Server\rewrite.php(43): require_once('FCPATH\\index.php')
CRITICAL - 2022-09-07 17:03:01 --> Argument 1 passed to App\Controllers\Admin\Produtos::buscaProdutoOu404() must be of the type int or null, string given, called in C:\xampp\htdocs\food\app\Controllers\Admin\Produtos.php on line 93
in APPPATH\Controllers\Admin\Produtos.php on line 105.
 1 APPPATH\Controllers\Admin\Produtos.php(93): App\Controllers\Admin\Produtos->buscaProdutoOu404('images')
 2 SYSTEMPATH\CodeIgniter.php(904): App\Controllers\Admin\Produtos->show('images', 'faces', 'face4.jpg')
 3 SYSTEMPATH\CodeIgniter.php(457): CodeIgniter\CodeIgniter->runController(Object(App\Controllers\Admin\Produtos))
 4 SYSTEMPATH\CodeIgniter.php(340): CodeIgniter\CodeIgniter->handleRequest(null, Object(Config\Cache), false)
 5 FCPATH\index.php(67): CodeIgniter\CodeIgniter->run()
 6 SYSTEMPATH\Commands\Server\rewrite.php(43): require_once('FCPATH\\index.php')
CRITICAL - 2022-09-07 17:03:01 --> Argument 1 passed to App\Controllers\Admin\Produtos::buscaProdutoOu404() must be of the type int or null, string given, called in C:\xampp\htdocs\food\app\Controllers\Admin\Produtos.php on line 93
in APPPATH\Controllers\Admin\Produtos.php on line 105.
 1 APPPATH\Controllers\Admin\Produtos.php(93): App\Controllers\Admin\Produtos->buscaProdutoOu404('images')
 2 SYSTEMPATH\CodeIgniter.php(904): App\Controllers\Admin\Produtos->show('images', 'faces', 'face2.jpg')
 3 SYSTEMPATH\CodeIgniter.php(457): CodeIgniter\CodeIgniter->runController(Object(App\Controllers\Admin\Produtos))
 4 SYSTEMPATH\CodeIgniter.php(340): CodeIgniter\CodeIgniter->handleRequest(null, Object(Config\Cache), false)
 5 FCPATH\index.php(67): CodeIgniter\CodeIgniter->run()
 6 SYSTEMPATH\Commands\Server\rewrite.php(43): require_once('FCPATH\\index.php')
CRITICAL - 2022-09-07 17:03:01 --> Argument 1 passed to App\Controllers\Admin\Produtos::buscaProdutoOu404() must be of the type int or null, string given, called in C:\xampp\htdocs\food\app\Controllers\Admin\Produtos.php on line 93
in APPPATH\Controllers\Admin\Produtos.php on line 105.
 1 APPPATH\Controllers\Admin\Produtos.php(93): App\Controllers\Admin\Produtos->buscaProdutoOu404('images')
 2 SYSTEMPATH\CodeIgniter.php(904): App\Controllers\Admin\Produtos->show('images', 'faces', 'face3.jpg')
 3 SYSTEMPATH\CodeIgniter.php(457): CodeIgniter\CodeIgniter->runController(Object(App\Controllers\Admin\Produtos))
 4 SYSTEMPATH\CodeIgniter.php(340): CodeIgniter\CodeIgniter->handleRequest(null, Object(Config\Cache), false)
 5 FCPATH\index.php(67): CodeIgniter\CodeIgniter->run()
 6 SYSTEMPATH\Commands\Server\rewrite.php(43): require_once('FCPATH\\index.php')
CRITICAL - 2022-09-07 17:03:01 --> Argument 1 passed to App\Controllers\Admin\Produtos::buscaProdutoOu404() must be of the type int or null, string given, called in C:\xampp\htdocs\food\app\Controllers\Admin\Produtos.php on line 93
in APPPATH\Controllers\Admin\Produtos.php on line 105.
 1 APPPATH\Controllers\Admin\Produtos.php(93): App\Controllers\Admin\Produtos->buscaProdutoOu404('images')
 2 SYSTEMPATH\CodeIgniter.php(904): App\Controllers\Admin\Produtos->show('images', 'faces', 'face5.jpg')
 3 SYSTEMPATH\CodeIgniter.php(457): CodeIgniter\CodeIgniter->runController(Object(App\Controllers\Admin\Produtos))
 4 SYSTEMPATH\CodeIgniter.php(340): CodeIgniter\CodeIgniter->handleRequest(null, Object(Config\Cache), false)
 5 FCPATH\index.php(67): CodeIgniter\CodeIgniter->run()
 6 SYSTEMPATH\Commands\Server\rewrite.php(43): require_once('FCPATH\\index.php')
CRITICAL - 2022-09-07 17:03:04 --> Argument 1 passed to App\Controllers\Admin\Produtos::buscaProdutoOu404() must be of the type int or null, string given, called in C:\xampp\htdocs\food\app\Controllers\Admin\Produtos.php on line 294
in APPPATH\Controllers\Admin\Produtos.php on line 105.
 1 APPPATH\Controllers\Admin\Produtos.php(294): App\Controllers\Admin\Produtos->buscaProdutoOu404('images')
 2 SYSTEMPATH\CodeIgniter.php(904): App\Controllers\Admin\Produtos->extras('images', 'logo.svg')
 3 SYSTEMPATH\CodeIgniter.php(457): CodeIgniter\CodeIgniter->runController(Object(App\Controllers\Admin\Produtos))
 4 SYSTEMPATH\CodeIgniter.php(340): CodeIgniter\CodeIgniter->handleRequest(null, Object(Config\Cache), false)
 5 FCPATH\index.php(67): CodeIgniter\CodeIgniter->run()
 6 SYSTEMPATH\Commands\Server\rewrite.php(43): require_once('FCPATH\\index.php')
CRITICAL - 2022-09-07 17:03:05 --> Argument 1 passed to App\Controllers\Admin\Produtos::buscaProdutoOu404() must be of the type int or null, string given, called in C:\xampp\htdocs\food\app\Controllers\Admin\Produtos.php on line 294
in APPPATH\Controllers\Admin\Produtos.php on line 105.
 1 APPPATH\Controllers\Admin\Produtos.php(294): App\Controllers\Admin\Produtos->buscaProdutoOu404('images')
 2 SYSTEMPATH\CodeIgniter.php(904): App\Controllers\Admin\Produtos->extras('images', 'faces', 'face5.jpg')
 3 SYSTEMPATH\CodeIgniter.php(457): CodeIgniter\CodeIgniter->runController(Object(App\Controllers\Admin\Produtos))
 4 SYSTEMPATH\CodeIgniter.php(340): CodeIgniter\CodeIgniter->handleRequest(null, Object(Config\Cache), false)
 5 FCPATH\index.php(67): CodeIgniter\CodeIgniter->run()
 6 SYSTEMPATH\Commands\Server\rewrite.php(43): require_once('FCPATH\\index.php')
CRITICAL - 2022-09-07 17:03:05 --> Argument 1 passed to App\Controllers\Admin\Produtos::buscaProdutoOu404() must be of the type int or null, string given, called in C:\xampp\htdocs\food\app\Controllers\Admin\Produtos.php on line 294
in APPPATH\Controllers\Admin\Produtos.php on line 105.
 1 APPPATH\Controllers\Admin\Produtos.php(294): App\Controllers\Admin\Produtos->buscaProdutoOu404('images')
 2 SYSTEMPATH\CodeIgniter.php(904): App\Controllers\Admin\Produtos->extras('images', 'logo-mini.svg')
 3 SYSTEMPATH\CodeIgniter.php(457): CodeIgniter\CodeIgniter->runController(Object(App\Controllers\Admin\Produtos))
 4 SYSTEMPATH\CodeIgniter.php(340): CodeIgniter\CodeIgniter->handleRequest(null, Object(Config\Cache), false)
 5 FCPATH\index.php(67): CodeIgniter\CodeIgniter->run()
 6 SYSTEMPATH\Commands\Server\rewrite.php(43): require_once('FCPATH\\index.php')
CRITICAL - 2022-09-07 17:03:05 --> Argument 1 passed to App\Controllers\Admin\Produtos::buscaProdutoOu404() must be of the type int or null, string given, called in C:\xampp\htdocs\food\app\Controllers\Admin\Produtos.php on line 294
in APPPATH\Controllers\Admin\Produtos.php on line 105.
 1 APPPATH\Controllers\Admin\Produtos.php(294): App\Controllers\Admin\Produtos->buscaProdutoOu404('images')
 2 SYSTEMPATH\CodeIgniter.php(904): App\Controllers\Admin\Produtos->extras('images', 'faces', 'face4.jpg')
 3 SYSTEMPATH\CodeIgniter.php(457): CodeIgniter\CodeIgniter->runController(Object(App\Controllers\Admin\Produtos))
 4 SYSTEMPATH\CodeIgniter.php(340): CodeIgniter\CodeIgniter->handleRequest(null, Object(Config\Cache), false)
 5 FCPATH\index.php(67): CodeIgniter\CodeIgniter->run()
 6 SYSTEMPATH\Commands\Server\rewrite.php(43): require_once('FCPATH\\index.php')
CRITICAL - 2022-09-07 17:03:05 --> Argument 1 passed to App\Controllers\Admin\Produtos::buscaProdutoOu404() must be of the type int or null, string given, called in C:\xampp\htdocs\food\app\Controllers\Admin\Produtos.php on line 294
in APPPATH\Controllers\Admin\Produtos.php on line 105.
 1 APPPATH\Controllers\Admin\Produtos.php(294): App\Controllers\Admin\Produtos->buscaProdutoOu404('images')
 2 SYSTEMPATH\CodeIgniter.php(904): App\Controllers\Admin\Produtos->extras('images', 'faces', 'face2.jpg')
 3 SYSTEMPATH\CodeIgniter.php(457): CodeIgniter\CodeIgniter->runController(Object(App\Controllers\Admin\Produtos))
 4 SYSTEMPATH\CodeIgniter.php(340): CodeIgniter\CodeIgniter->handleRequest(null, Object(Config\Cache), false)
 5 FCPATH\index.php(67): CodeIgniter\CodeIgniter->run()
 6 SYSTEMPATH\Commands\Server\rewrite.php(43): require_once('FCPATH\\index.php')
CRITICAL - 2022-09-07 17:03:05 --> Argument 1 passed to App\Controllers\Admin\Produtos::buscaProdutoOu404() must be of the type int or null, string given, called in C:\xampp\htdocs\food\app\Controllers\Admin\Produtos.php on line 294
in APPPATH\Controllers\Admin\Produtos.php on line 105.
 1 APPPATH\Controllers\Admin\Produtos.php(294): App\Controllers\Admin\Produtos->buscaProdutoOu404('images')
 2 SYSTEMPATH\CodeIgniter.php(904): App\Controllers\Admin\Produtos->extras('images', 'faces', 'face3.jpg')
 3 SYSTEMPATH\CodeIgniter.php(457): CodeIgniter\CodeIgniter->runController(Object(App\Controllers\Admin\Produtos))
 4 SYSTEMPATH\CodeIgniter.php(340): CodeIgniter\CodeIgniter->handleRequest(null, Object(Config\Cache), false)
 5 FCPATH\index.php(67): CodeIgniter\CodeIgniter->run()
 6 SYSTEMPATH\Commands\Server\rewrite.php(43): require_once('FCPATH\\index.php')
CRITICAL - 2022-09-07 17:03:08 --> Argument 1 passed to App\Controllers\Admin\Produtos::buscaProdutoOu404() must be of the type int or null, string given, called in C:\xampp\htdocs\food\app\Controllers\Admin\Produtos.php on line 93
in APPPATH\Controllers\Admin\Produtos.php on line 105.
 1 APPPATH\Controllers\Admin\Produtos.php(93): App\Controllers\Admin\Produtos->buscaProdutoOu404('images')
 2 SYSTEMPATH\CodeIgniter.php(904): App\Controllers\Admin\Produtos->show('images', 'logo.svg')
 3 SYSTEMPATH\CodeIgniter.php(457): CodeIgniter\CodeIgniter->runController(Object(App\Controllers\Admin\Produtos))
 4 SYSTEMPATH\CodeIgniter.php(340): CodeIgniter\CodeIgniter->handleRequest(null, Object(Config\Cache), false)
 5 FCPATH\index.php(67): CodeIgniter\CodeIgniter->run()
 6 SYSTEMPATH\Commands\Server\rewrite.php(43): require_once('FCPATH\\index.php')
CRITICAL - 2022-09-07 17:03:08 --> Argument 1 passed to App\Controllers\Admin\Produtos::buscaProdutoOu404() must be of the type int or null, string given, called in C:\xampp\htdocs\food\app\Controllers\Admin\Produtos.php on line 93
in APPPATH\Controllers\Admin\Produtos.php on line 105.
 1 APPPATH\Controllers\Admin\Produtos.php(93): App\Controllers\Admin\Produtos->buscaProdutoOu404('images')
 2 SYSTEMPATH\CodeIgniter.php(904): App\Controllers\Admin\Produtos->show('images', 'logo-mini.svg')
 3 SYSTEMPATH\CodeIgniter.php(457): CodeIgniter\CodeIgniter->runController(Object(App\Controllers\Admin\Produtos))
 4 SYSTEMPATH\CodeIgniter.php(340): CodeIgniter\CodeIgniter->handleRequest(null, Object(Config\Cache), false)
 5 FCPATH\index.php(67): CodeIgniter\CodeIgniter->run()
 6 SYSTEMPATH\Commands\Server\rewrite.php(43): require_once('FCPATH\\index.php')
CRITICAL - 2022-09-07 17:03:08 --> Argument 1 passed to App\Controllers\Admin\Produtos::buscaProdutoOu404() must be of the type int or null, string given, called in C:\xampp\htdocs\food\app\Controllers\Admin\Produtos.php on line 93
in APPPATH\Controllers\Admin\Produtos.php on line 105.
 1 APPPATH\Controllers\Admin\Produtos.php(93): App\Controllers\Admin\Produtos->buscaProdutoOu404('images')
 2 SYSTEMPATH\CodeIgniter.php(904): App\Controllers\Admin\Produtos->show('images', 'faces', 'face4.jpg')
 3 SYSTEMPATH\CodeIgniter.php(457): CodeIgniter\CodeIgniter->runController(Object(App\Controllers\Admin\Produtos))
 4 SYSTEMPATH\CodeIgniter.php(340): CodeIgniter\CodeIgniter->handleRequest(null, Object(Config\Cache), false)
 5 FCPATH\index.php(67): CodeIgniter\CodeIgniter->run()
 6 SYSTEMPATH\Commands\Server\rewrite.php(43): require_once('FCPATH\\index.php')
CRITICAL - 2022-09-07 17:03:08 --> Argument 1 passed to App\Controllers\Admin\Produtos::buscaProdutoOu404() must be of the type int or null, string given, called in C:\xampp\htdocs\food\app\Controllers\Admin\Produtos.php on line 93
in APPPATH\Controllers\Admin\Produtos.php on line 105.
 1 APPPATH\Controllers\Admin\Produtos.php(93): App\Controllers\Admin\Produtos->buscaProdutoOu404('images')
 2 SYSTEMPATH\CodeIgniter.php(904): App\Controllers\Admin\Produtos->show('images', 'faces', 'face2.jpg')
 3 SYSTEMPATH\CodeIgniter.php(457): CodeIgniter\CodeIgniter->runController(Object(App\Controllers\Admin\Produtos))
 4 SYSTEMPATH\CodeIgniter.php(340): CodeIgniter\CodeIgniter->handleRequest(null, Object(Config\Cache), false)
 5 FCPATH\index.php(67): CodeIgniter\CodeIgniter->run()
 6 SYSTEMPATH\Commands\Server\rewrite.php(43): require_once('FCPATH\\index.php')
CRITICAL - 2022-09-07 17:03:08 --> Argument 1 passed to App\Controllers\Admin\Produtos::buscaProdutoOu404() must be of the type int or null, string given, called in C:\xampp\htdocs\food\app\Controllers\Admin\Produtos.php on line 93
in APPPATH\Controllers\Admin\Produtos.php on line 105.
 1 APPPATH\Controllers\Admin\Produtos.php(93): App\Controllers\Admin\Produtos->buscaProdutoOu404('images')
 2 SYSTEMPATH\CodeIgniter.php(904): App\Controllers\Admin\Produtos->show('images', 'faces', 'face3.jpg')
 3 SYSTEMPATH\CodeIgniter.php(457): CodeIgniter\CodeIgniter->runController(Object(App\Controllers\Admin\Produtos))
 4 SYSTEMPATH\CodeIgniter.php(340): CodeIgniter\CodeIgniter->handleRequest(null, Object(Config\Cache), false)
 5 FCPATH\index.php(67): CodeIgniter\CodeIgniter->run()
 6 SYSTEMPATH\Commands\Server\rewrite.php(43): require_once('FCPATH\\index.php')
CRITICAL - 2022-09-07 17:03:08 --> Argument 1 passed to App\Controllers\Admin\Produtos::buscaProdutoOu404() must be of the type int or null, string given, called in C:\xampp\htdocs\food\app\Controllers\Admin\Produtos.php on line 93
in APPPATH\Controllers\Admin\Produtos.php on line 105.
 1 APPPATH\Controllers\Admin\Produtos.php(93): App\Controllers\Admin\Produtos->buscaProdutoOu404('images')
 2 SYSTEMPATH\CodeIgniter.php(904): App\Controllers\Admin\Produtos->show('images', 'faces', 'face5.jpg')
 3 SYSTEMPATH\CodeIgniter.php(457): CodeIgniter\CodeIgniter->runController(Object(App\Controllers\Admin\Produtos))
 4 SYSTEMPATH\CodeIgniter.php(340): CodeIgniter\CodeIgniter->handleRequest(null, Object(Config\Cache), false)
 5 FCPATH\index.php(67): CodeIgniter\CodeIgniter->run()
 6 SYSTEMPATH\Commands\Server\rewrite.php(43): require_once('FCPATH\\index.php')
CRITICAL - 2022-09-07 17:03:09 --> Call to a member function where() on null
in APPPATH\Controllers\Admin\Produtos.php on line 383.
 1 SYSTEMPATH\CodeIgniter.php(904): App\Controllers\Admin\Produtos->especificacoes('2')
 2 SYSTEMPATH\CodeIgniter.php(457): CodeIgniter\CodeIgniter->runController(Object(App\Controllers\Admin\Produtos))
 3 SYSTEMPATH\CodeIgniter.php(340): CodeIgniter\CodeIgniter->handleRequest(null, Object(Config\Cache), false)
 4 FCPATH\index.php(67): CodeIgniter\CodeIgniter->run()
 5 SYSTEMPATH\Commands\Server\rewrite.php(43): require_once('FCPATH\\index.php')
CRITICAL - 2022-09-07 17:06:42 --> Argument 1 passed to App\Controllers\Admin\Produtos::buscaProdutoOu404() must be of the type int or null, string given, called in C:\xampp\htdocs\food\app\Controllers\Admin\Produtos.php on line 378
in APPPATH\Controllers\Admin\Produtos.php on line 105.
 1 APPPATH\Controllers\Admin\Produtos.php(378): App\Controllers\Admin\Produtos->buscaProdutoOu404('images')
 2 SYSTEMPATH\CodeIgniter.php(904): App\Controllers\Admin\Produtos->especificacoes('images', 'logo.svg')
 3 SYSTEMPATH\CodeIgniter.php(457): CodeIgniter\CodeIgniter->runController(Object(App\Controllers\Admin\Produtos))
 4 SYSTEMPATH\CodeIgniter.php(340): CodeIgniter\CodeIgniter->handleRequest(null, Object(Config\Cache), false)
 5 FCPATH\index.php(67): CodeIgniter\CodeIgniter->run()
 6 SYSTEMPATH\Commands\Server\rewrite.php(43): require_once('FCPATH\\index.php')
CRITICAL - 2022-09-07 17:06:42 --> Argument 1 passed to App\Controllers\Admin\Produtos::buscaProdutoOu404() must be of the type int or null, string given, called in C:\xampp\htdocs\food\app\Controllers\Admin\Produtos.php on line 378
in APPPATH\Controllers\Admin\Produtos.php on line 105.
 1 APPPATH\Controllers\Admin\Produtos.php(378): App\Controllers\Admin\Produtos->buscaProdutoOu404('images')
 2 SYSTEMPATH\CodeIgniter.php(904): App\Controllers\Admin\Produtos->especificacoes('images', 'logo-mini.svg')
 3 SYSTEMPATH\CodeIgniter.php(457): CodeIgniter\CodeIgniter->runController(Object(App\Controllers\Admin\Produtos))
 4 SYSTEMPATH\CodeIgniter.php(340): CodeIgniter\CodeIgniter->handleRequest(null, Object(Config\Cache), false)
 5 FCPATH\index.php(67): CodeIgniter\CodeIgniter->run()
 6 SYSTEMPATH\Commands\Server\rewrite.php(43): require_once('FCPATH\\index.php')
CRITICAL - 2022-09-07 17:06:42 --> Argument 1 passed to App\Controllers\Admin\Produtos::buscaProdutoOu404() must be of the type int or null, string given, called in C:\xampp\htdocs\food\app\Controllers\Admin\Produtos.php on line 378
in APPPATH\Controllers\Admin\Produtos.php on line 105.
 1 APPPATH\Controllers\Admin\Produtos.php(378): App\Controllers\Admin\Produtos->buscaProdutoOu404('images')
 2 SYSTEMPATH\CodeIgniter.php(904): App\Controllers\Admin\Produtos->especificacoes('images', 'faces', 'face4.jpg')
 3 SYSTEMPATH\CodeIgniter.php(457): CodeIgniter\CodeIgniter->runController(Object(App\Controllers\Admin\Produtos))
 4 SYSTEMPATH\CodeIgniter.php(340): CodeIgniter\CodeIgniter->handleRequest(null, Object(Config\Cache), false)
 5 FCPATH\index.php(67): CodeIgniter\CodeIgniter->run()
 6 SYSTEMPATH\Commands\Server\rewrite.php(43): require_once('FCPATH\\index.php')
CRITICAL - 2022-09-07 17:06:42 --> Argument 1 passed to App\Controllers\Admin\Produtos::buscaProdutoOu404() must be of the type int or null, string given, called in C:\xampp\htdocs\food\app\Controllers\Admin\Produtos.php on line 378
in APPPATH\Controllers\Admin\Produtos.php on line 105.
 1 APPPATH\Controllers\Admin\Produtos.php(378): App\Controllers\Admin\Produtos->buscaProdutoOu404('images')
 2 SYSTEMPATH\CodeIgniter.php(904): App\Controllers\Admin\Produtos->especificacoes('images', 'faces', 'face5.jpg')
 3 SYSTEMPATH\CodeIgniter.php(457): CodeIgniter\CodeIgniter->runController(Object(App\Controllers\Admin\Produtos))
 4 SYSTEMPATH\CodeIgniter.php(340): CodeIgniter\CodeIgniter->handleRequest(null, Object(Config\Cache), false)
 5 FCPATH\index.php(67): CodeIgniter\CodeIgniter->run()
 6 SYSTEMPATH\Commands\Server\rewrite.php(43): require_once('FCPATH\\index.php')
CRITICAL - 2022-09-07 17:06:42 --> Argument 1 passed to App\Controllers\Admin\Produtos::buscaProdutoOu404() must be of the type int or null, string given, called in C:\xampp\htdocs\food\app\Controllers\Admin\Produtos.php on line 378
in APPPATH\Controllers\Admin\Produtos.php on line 105.
 1 APPPATH\Controllers\Admin\Produtos.php(378): App\Controllers\Admin\Produtos->buscaProdutoOu404('images')
 2 SYSTEMPATH\CodeIgniter.php(904): App\Controllers\Admin\Produtos->especificacoes('images', 'faces', 'face2.jpg')
 3 SYSTEMPATH\CodeIgniter.php(457): CodeIgniter\CodeIgniter->runController(Object(App\Controllers\Admin\Produtos))
 4 SYSTEMPATH\CodeIgniter.php(340): CodeIgniter\CodeIgniter->handleRequest(null, Object(Config\Cache), false)
 5 FCPATH\index.php(67): CodeIgniter\CodeIgniter->run()
 6 SYSTEMPATH\Commands\Server\rewrite.php(43): require_once('FCPATH\\index.php')
CRITICAL - 2022-09-07 17:06:42 --> Argument 1 passed to App\Controllers\Admin\Produtos::buscaProdutoOu404() must be of the type int or null, string given, called in C:\xampp\htdocs\food\app\Controllers\Admin\Produtos.php on line 378
in APPPATH\Controllers\Admin\Produtos.php on line 105.
 1 APPPATH\Controllers\Admin\Produtos.php(378): App\Controllers\Admin\Produtos->buscaProdutoOu404('images')
 2 SYSTEMPATH\CodeIgniter.php(904): App\Controllers\Admin\Produtos->especificacoes('images', 'faces', 'face3.jpg')
 3 SYSTEMPATH\CodeIgniter.php(457): CodeIgniter\CodeIgniter->runController(Object(App\Controllers\Admin\Produtos))
 4 SYSTEMPATH\CodeIgniter.php(340): CodeIgniter\CodeIgniter->handleRequest(null, Object(Config\Cache), false)
 5 FCPATH\index.php(67): CodeIgniter\CodeIgniter->run()
 6 SYSTEMPATH\Commands\Server\rewrite.php(43): require_once('FCPATH\\index.php')
CRITICAL - 2022-09-07 17:07:07 --> Argument 1 passed to App\Controllers\Admin\Produtos::buscaProdutoOu404() must be of the type int or null, string given, called in C:\xampp\htdocs\food\app\Controllers\Admin\Produtos.php on line 93
in APPPATH\Controllers\Admin\Produtos.php on line 105.
 1 APPPATH\Controllers\Admin\Produtos.php(93): App\Controllers\Admin\Produtos->buscaProdutoOu404('images')
 2 SYSTEMPATH\CodeIgniter.php(904): App\Controllers\Admin\Produtos->show('images', 'logo.svg')
 3 SYSTEMPATH\CodeIgniter.php(457): CodeIgniter\CodeIgniter->runController(Object(App\Controllers\Admin\Produtos))
 4 SYSTEMPATH\CodeIgniter.php(340): CodeIgniter\CodeIgniter->handleRequest(null, Object(Config\Cache), false)
 5 FCPATH\index.php(67): CodeIgniter\CodeIgniter->run()
 6 SYSTEMPATH\Commands\Server\rewrite.php(43): require_once('FCPATH\\index.php')
CRITICAL - 2022-09-07 17:07:07 --> Argument 1 passed to App\Controllers\Admin\Produtos::buscaProdutoOu404() must be of the type int or null, string given, called in C:\xampp\htdocs\food\app\Controllers\Admin\Produtos.php on line 93
in APPPATH\Controllers\Admin\Produtos.php on line 105.
 1 APPPATH\Controllers\Admin\Produtos.php(93): App\Controllers\Admin\Produtos->buscaProdutoOu404('images')
 2 SYSTEMPATH\CodeIgniter.php(904): App\Controllers\Admin\Produtos->show('images', 'logo-mini.svg')
 3 SYSTEMPATH\CodeIgniter.php(457): CodeIgniter\CodeIgniter->runController(Object(App\Controllers\Admin\Produtos))
 4 SYSTEMPATH\CodeIgniter.php(340): CodeIgniter\CodeIgniter->handleRequest(null, Object(Config\Cache), false)
 5 FCPATH\index.php(67): CodeIgniter\CodeIgniter->run()
 6 SYSTEMPATH\Commands\Server\rewrite.php(43): require_once('FCPATH\\index.php')
CRITICAL - 2022-09-07 17:07:07 --> Argument 1 passed to App\Controllers\Admin\Produtos::buscaProdutoOu404() must be of the type int or null, string given, called in C:\xampp\htdocs\food\app\Controllers\Admin\Produtos.php on line 93
in APPPATH\Controllers\Admin\Produtos.php on line 105.
 1 APPPATH\Controllers\Admin\Produtos.php(93): App\Controllers\Admin\Produtos->buscaProdutoOu404('images')
 2 SYSTEMPATH\CodeIgniter.php(904): App\Controllers\Admin\Produtos->show('images', 'faces', 'face4.jpg')
 3 SYSTEMPATH\CodeIgniter.php(457): CodeIgniter\CodeIgniter->runController(Object(App\Controllers\Admin\Produtos))
 4 SYSTEMPATH\CodeIgniter.php(340): CodeIgniter\CodeIgniter->handleRequest(null, Object(Config\Cache), false)
 5 FCPATH\index.php(67): CodeIgniter\CodeIgniter->run()
 6 SYSTEMPATH\Commands\Server\rewrite.php(43): require_once('FCPATH\\index.php')
CRITICAL - 2022-09-07 17:07:08 --> Argument 1 passed to App\Controllers\Admin\Produtos::buscaProdutoOu404() must be of the type int or null, string given, called in C:\xampp\htdocs\food\app\Controllers\Admin\Produtos.php on line 93
in APPPATH\Controllers\Admin\Produtos.php on line 105.
 1 APPPATH\Controllers\Admin\Produtos.php(93): App\Controllers\Admin\Produtos->buscaProdutoOu404('images')
 2 SYSTEMPATH\CodeIgniter.php(904): App\Controllers\Admin\Produtos->show('images', 'faces', 'face5.jpg')
 3 SYSTEMPATH\CodeIgniter.php(457): CodeIgniter\CodeIgniter->runController(Object(App\Controllers\Admin\Produtos))
 4 SYSTEMPATH\CodeIgniter.php(340): CodeIgniter\CodeIgniter->handleRequest(null, Object(Config\Cache), false)
 5 FCPATH\index.php(67): CodeIgniter\CodeIgniter->run()
 6 SYSTEMPATH\Commands\Server\rewrite.php(43): require_once('FCPATH\\index.php')
CRITICAL - 2022-09-07 17:07:08 --> Argument 1 passed to App\Controllers\Admin\Produtos::buscaProdutoOu404() must be of the type int or null, string given, called in C:\xampp\htdocs\food\app\Controllers\Admin\Produtos.php on line 93
in APPPATH\Controllers\Admin\Produtos.php on line 105.
 1 APPPATH\Controllers\Admin\Produtos.php(93): App\Controllers\Admin\Produtos->buscaProdutoOu404('images')
 2 SYSTEMPATH\CodeIgniter.php(904): App\Controllers\Admin\Produtos->show('images', 'faces', 'face2.jpg')
 3 SYSTEMPATH\CodeIgniter.php(457): CodeIgniter\CodeIgniter->runController(Object(App\Controllers\Admin\Produtos))
 4 SYSTEMPATH\CodeIgniter.php(340): CodeIgniter\CodeIgniter->handleRequest(null, Object(Config\Cache), false)
 5 FCPATH\index.php(67): CodeIgniter\CodeIgniter->run()
 6 SYSTEMPATH\Commands\Server\rewrite.php(43): require_once('FCPATH\\index.php')
CRITICAL - 2022-09-07 17:07:08 --> Argument 1 passed to App\Controllers\Admin\Produtos::buscaProdutoOu404() must be of the type int or null, string given, called in C:\xampp\htdocs\food\app\Controllers\Admin\Produtos.php on line 93
in APPPATH\Controllers\Admin\Produtos.php on line 105.
 1 APPPATH\Controllers\Admin\Produtos.php(93): App\Controllers\Admin\Produtos->buscaProdutoOu404('images')
 2 SYSTEMPATH\CodeIgniter.php(904): App\Controllers\Admin\Produtos->show('images', 'faces', 'face3.jpg')
 3 SYSTEMPATH\CodeIgniter.php(457): CodeIgniter\CodeIgniter->runController(Object(App\Controllers\Admin\Produtos))
 4 SYSTEMPATH\CodeIgniter.php(340): CodeIgniter\CodeIgniter->handleRequest(null, Object(Config\Cache), false)
 5 FCPATH\index.php(67): CodeIgniter\CodeIgniter->run()
 6 SYSTEMPATH\Commands\Server\rewrite.php(43): require_once('FCPATH\\index.php')
CRITICAL - 2022-09-07 17:07:09 --> Argument 1 passed to App\Controllers\Admin\Produtos::buscaProdutoOu404() must be of the type int or null, string given, called in C:\xampp\htdocs\food\app\Controllers\Admin\Produtos.php on line 378
in APPPATH\Controllers\Admin\Produtos.php on line 105.
 1 APPPATH\Controllers\Admin\Produtos.php(378): App\Controllers\Admin\Produtos->buscaProdutoOu404('images')
 2 SYSTEMPATH\CodeIgniter.php(904): App\Controllers\Admin\Produtos->especificacoes('images', 'logo.svg')
 3 SYSTEMPATH\CodeIgniter.php(457): CodeIgniter\CodeIgniter->runController(Object(App\Controllers\Admin\Produtos))
 4 SYSTEMPATH\CodeIgniter.php(340): CodeIgniter\CodeIgniter->handleRequest(null, Object(Config\Cache), false)
 5 FCPATH\index.php(67): CodeIgniter\CodeIgniter->run()
 6 SYSTEMPATH\Commands\Server\rewrite.php(43): require_once('FCPATH\\index.php')
CRITICAL - 2022-09-07 17:07:10 --> Argument 1 passed to App\Controllers\Admin\Produtos::buscaProdutoOu404() must be of the type int or null, string given, called in C:\xampp\htdocs\food\app\Controllers\Admin\Produtos.php on line 378
in APPPATH\Controllers\Admin\Produtos.php on line 105.
 1 APPPATH\Controllers\Admin\Produtos.php(378): App\Controllers\Admin\Produtos->buscaProdutoOu404('images')
 2 SYSTEMPATH\CodeIgniter.php(904): App\Controllers\Admin\Produtos->especificacoes('images', 'logo-mini.svg')
 3 SYSTEMPATH\CodeIgniter.php(457): CodeIgniter\CodeIgniter->runController(Object(App\Controllers\Admin\Produtos))
 4 SYSTEMPATH\CodeIgniter.php(340): CodeIgniter\CodeIgniter->handleRequest(null, Object(Config\Cache), false)
 5 FCPATH\index.php(67): CodeIgniter\CodeIgniter->run()
 6 SYSTEMPATH\Commands\Server\rewrite.php(43): require_once('FCPATH\\index.php')
CRITICAL - 2022-09-07 17:07:10 --> Argument 1 passed to App\Controllers\Admin\Produtos::buscaProdutoOu404() must be of the type int or null, string given, called in C:\xampp\htdocs\food\app\Controllers\Admin\Produtos.php on line 378
in APPPATH\Controllers\Admin\Produtos.php on line 105.
 1 APPPATH\Controllers\Admin\Produtos.php(378): App\Controllers\Admin\Produtos->buscaProdutoOu404('images')
 2 SYSTEMPATH\CodeIgniter.php(904): App\Controllers\Admin\Produtos->especificacoes('images', 'faces', 'face4.jpg')
 3 SYSTEMPATH\CodeIgniter.php(457): CodeIgniter\CodeIgniter->runController(Object(App\Controllers\Admin\Produtos))
 4 SYSTEMPATH\CodeIgniter.php(340): CodeIgniter\CodeIgniter->handleRequest(null, Object(Config\Cache), false)
 5 FCPATH\index.php(67): CodeIgniter\CodeIgniter->run()
 6 SYSTEMPATH\Commands\Server\rewrite.php(43): require_once('FCPATH\\index.php')
CRITICAL - 2022-09-07 17:07:10 --> Argument 1 passed to App\Controllers\Admin\Produtos::buscaProdutoOu404() must be of the type int or null, string given, called in C:\xampp\htdocs\food\app\Controllers\Admin\Produtos.php on line 378
in APPPATH\Controllers\Admin\Produtos.php on line 105.
 1 APPPATH\Controllers\Admin\Produtos.php(378): App\Controllers\Admin\Produtos->buscaProdutoOu404('images')
 2 SYSTEMPATH\CodeIgniter.php(904): App\Controllers\Admin\Produtos->especificacoes('images', 'faces', 'face5.jpg')
 3 SYSTEMPATH\CodeIgniter.php(457): CodeIgniter\CodeIgniter->runController(Object(App\Controllers\Admin\Produtos))
 4 SYSTEMPATH\CodeIgniter.php(340): CodeIgniter\CodeIgniter->handleRequest(null, Object(Config\Cache), false)
 5 FCPATH\index.php(67): CodeIgniter\CodeIgniter->run()
 6 SYSTEMPATH\Commands\Server\rewrite.php(43): require_once('FCPATH\\index.php')
CRITICAL - 2022-09-07 17:07:10 --> Argument 1 passed to App\Controllers\Admin\Produtos::buscaProdutoOu404() must be of the type int or null, string given, called in C:\xampp\htdocs\food\app\Controllers\Admin\Produtos.php on line 378
in APPPATH\Controllers\Admin\Produtos.php on line 105.
 1 APPPATH\Controllers\Admin\Produtos.php(378): App\Controllers\Admin\Produtos->buscaProdutoOu404('images')
 2 SYSTEMPATH\CodeIgniter.php(904): App\Controllers\Admin\Produtos->especificacoes('images', 'faces', 'face2.jpg')
 3 SYSTEMPATH\CodeIgniter.php(457): CodeIgniter\CodeIgniter->runController(Object(App\Controllers\Admin\Produtos))
 4 SYSTEMPATH\CodeIgniter.php(340): CodeIgniter\CodeIgniter->handleRequest(null, Object(Config\Cache), false)
 5 FCPATH\index.php(67): CodeIgniter\CodeIgniter->run()
 6 SYSTEMPATH\Commands\Server\rewrite.php(43): require_once('FCPATH\\index.php')
CRITICAL - 2022-09-07 17:07:10 --> Argument 1 passed to App\Controllers\Admin\Produtos::buscaProdutoOu404() must be of the type int or null, string given, called in C:\xampp\htdocs\food\app\Controllers\Admin\Produtos.php on line 378
in APPPATH\Controllers\Admin\Produtos.php on line 105.
 1 APPPATH\Controllers\Admin\Produtos.php(378): App\Controllers\Admin\Produtos->buscaProdutoOu404('images')
 2 SYSTEMPATH\CodeIgniter.php(904): App\Controllers\Admin\Produtos->especificacoes('images', 'faces', 'face3.jpg')
 3 SYSTEMPATH\CodeIgniter.php(457): CodeIgniter\CodeIgniter->runController(Object(App\Controllers\Admin\Produtos))
 4 SYSTEMPATH\CodeIgniter.php(340): CodeIgniter\CodeIgniter->handleRequest(null, Object(Config\Cache), false)
 5 FCPATH\index.php(67): CodeIgniter\CodeIgniter->run()
 6 SYSTEMPATH\Commands\Server\rewrite.php(43): require_once('FCPATH\\index.php')
CRITICAL - 2022-09-07 17:11:04 --> Argument 1 passed to App\Controllers\Admin\Produtos::buscaProdutoOu404() must be of the type int or null, string given, called in C:\xampp\htdocs\food\app\Controllers\Admin\Produtos.php on line 378
in APPPATH\Controllers\Admin\Produtos.php on line 105.
 1 APPPATH\Controllers\Admin\Produtos.php(378): App\Controllers\Admin\Produtos->buscaProdutoOu404('images')
 2 SYSTEMPATH\CodeIgniter.php(904): App\Controllers\Admin\Produtos->especificacoes('images', 'logo.svg')
 3 SYSTEMPATH\CodeIgniter.php(457): CodeIgniter\CodeIgniter->runController(Object(App\Controllers\Admin\Produtos))
 4 SYSTEMPATH\CodeIgniter.php(340): CodeIgniter\CodeIgniter->handleRequest(null, Object(Config\Cache), false)
 5 FCPATH\index.php(67): CodeIgniter\CodeIgniter->run()
 6 SYSTEMPATH\Commands\Server\rewrite.php(43): require_once('FCPATH\\index.php')
CRITICAL - 2022-09-07 17:11:05 --> Argument 1 passed to App\Controllers\Admin\Produtos::buscaProdutoOu404() must be of the type int or null, string given, called in C:\xampp\htdocs\food\app\Controllers\Admin\Produtos.php on line 378
in APPPATH\Controllers\Admin\Produtos.php on line 105.
 1 APPPATH\Controllers\Admin\Produtos.php(378): App\Controllers\Admin\Produtos->buscaProdutoOu404('images')
 2 SYSTEMPATH\CodeIgniter.php(904): App\Controllers\Admin\Produtos->especificacoes('images', 'logo-mini.svg')
 3 SYSTEMPATH\CodeIgniter.php(457): CodeIgniter\CodeIgniter->runController(Object(App\Controllers\Admin\Produtos))
 4 SYSTEMPATH\CodeIgniter.php(340): CodeIgniter\CodeIgniter->handleRequest(null, Object(Config\Cache), false)
 5 FCPATH\index.php(67): CodeIgniter\CodeIgniter->run()
 6 SYSTEMPATH\Commands\Server\rewrite.php(43): require_once('FCPATH\\index.php')
CRITICAL - 2022-09-07 17:11:05 --> Argument 1 passed to App\Controllers\Admin\Produtos::buscaProdutoOu404() must be of the type int or null, string given, called in C:\xampp\htdocs\food\app\Controllers\Admin\Produtos.php on line 378
in APPPATH\Controllers\Admin\Produtos.php on line 105.
 1 APPPATH\Controllers\Admin\Produtos.php(378): App\Controllers\Admin\Produtos->buscaProdutoOu404('images')
 2 SYSTEMPATH\CodeIgniter.php(904): App\Controllers\Admin\Produtos->especificacoes('images', 'faces', 'face4.jpg')
 3 SYSTEMPATH\CodeIgniter.php(457): CodeIgniter\CodeIgniter->runController(Object(App\Controllers\Admin\Produtos))
 4 SYSTEMPATH\CodeIgniter.php(340): CodeIgniter\CodeIgniter->handleRequest(null, Object(Config\Cache), false)
 5 FCPATH\index.php(67): CodeIgniter\CodeIgniter->run()
 6 SYSTEMPATH\Commands\Server\rewrite.php(43): require_once('FCPATH\\index.php')
CRITICAL - 2022-09-07 17:11:06 --> Argument 1 passed to App\Controllers\Admin\Produtos::buscaProdutoOu404() must be of the type int or null, string given, called in C:\xampp\htdocs\food\app\Controllers\Admin\Produtos.php on line 378
in APPPATH\Controllers\Admin\Produtos.php on line 105.
 1 APPPATH\Controllers\Admin\Produtos.php(378): App\Controllers\Admin\Produtos->buscaProdutoOu404('images')
 2 SYSTEMPATH\CodeIgniter.php(904): App\Controllers\Admin\Produtos->especificacoes('images', 'faces', 'face5.jpg')
 3 SYSTEMPATH\CodeIgniter.php(457): CodeIgniter\CodeIgniter->runController(Object(App\Controllers\Admin\Produtos))
 4 SYSTEMPATH\CodeIgniter.php(340): CodeIgniter\CodeIgniter->handleRequest(null, Object(Config\Cache), false)
 5 FCPATH\index.php(67): CodeIgniter\CodeIgniter->run()
 6 SYSTEMPATH\Commands\Server\rewrite.php(43): require_once('FCPATH\\index.php')
CRITICAL - 2022-09-07 17:11:06 --> Argument 1 passed to App\Controllers\Admin\Produtos::buscaProdutoOu404() must be of the type int or null, string given, called in C:\xampp\htdocs\food\app\Controllers\Admin\Produtos.php on line 378
in APPPATH\Controllers\Admin\Produtos.php on line 105.
 1 APPPATH\Controllers\Admin\Produtos.php(378): App\Controllers\Admin\Produtos->buscaProdutoOu404('images')
 2 SYSTEMPATH\CodeIgniter.php(904): App\Controllers\Admin\Produtos->especificacoes('images', 'faces', 'face2.jpg')
 3 SYSTEMPATH\CodeIgniter.php(457): CodeIgniter\CodeIgniter->runController(Object(App\Controllers\Admin\Produtos))
 4 SYSTEMPATH\CodeIgniter.php(340): CodeIgniter\CodeIgniter->handleRequest(null, Object(Config\Cache), false)
 5 FCPATH\index.php(67): CodeIgniter\CodeIgniter->run()
 6 SYSTEMPATH\Commands\Server\rewrite.php(43): require_once('FCPATH\\index.php')
CRITICAL - 2022-09-07 17:11:06 --> Argument 1 passed to App\Controllers\Admin\Produtos::buscaProdutoOu404() must be of the type int or null, string given, called in C:\xampp\htdocs\food\app\Controllers\Admin\Produtos.php on line 378
in APPPATH\Controllers\Admin\Produtos.php on line 105.
 1 APPPATH\Controllers\Admin\Produtos.php(378): App\Controllers\Admin\Produtos->buscaProdutoOu404('images')
 2 SYSTEMPATH\CodeIgniter.php(904): App\Controllers\Admin\Produtos->especificacoes('images', 'faces', 'face3.jpg')
 3 SYSTEMPATH\CodeIgniter.php(457): CodeIgniter\CodeIgniter->runController(Object(App\Controllers\Admin\Produtos))
 4 SYSTEMPATH\CodeIgniter.php(340): CodeIgniter\CodeIgniter->handleRequest(null, Object(Config\Cache), false)
 5 FCPATH\index.php(67): CodeIgniter\CodeIgniter->run()
 6 SYSTEMPATH\Commands\Server\rewrite.php(43): require_once('FCPATH\\index.php')
CRITICAL - 2022-09-07 17:18:42 --> Argument 1 passed to App\Controllers\Admin\Produtos::buscaProdutoOu404() must be of the type int or null, string given, called in C:\xampp\htdocs\food\app\Controllers\Admin\Produtos.php on line 93
in APPPATH\Controllers\Admin\Produtos.php on line 105.
 1 APPPATH\Controllers\Admin\Produtos.php(93): App\Controllers\Admin\Produtos->buscaProdutoOu404('images')
 2 SYSTEMPATH\CodeIgniter.php(904): App\Controllers\Admin\Produtos->show('images', 'logo.svg')
 3 SYSTEMPATH\CodeIgniter.php(457): CodeIgniter\CodeIgniter->runController(Object(App\Controllers\Admin\Produtos))
 4 SYSTEMPATH\CodeIgniter.php(340): CodeIgniter\CodeIgniter->handleRequest(null, Object(Config\Cache), false)
 5 FCPATH\index.php(67): CodeIgniter\CodeIgniter->run()
 6 SYSTEMPATH\Commands\Server\rewrite.php(43): require_once('FCPATH\\index.php')
CRITICAL - 2022-09-07 17:18:42 --> Argument 1 passed to App\Controllers\Admin\Produtos::buscaProdutoOu404() must be of the type int or null, string given, called in C:\xampp\htdocs\food\app\Controllers\Admin\Produtos.php on line 93
in APPPATH\Controllers\Admin\Produtos.php on line 105.
 1 APPPATH\Controllers\Admin\Produtos.php(93): App\Controllers\Admin\Produtos->buscaProdutoOu404('images')
 2 SYSTEMPATH\CodeIgniter.php(904): App\Controllers\Admin\Produtos->show('images', 'logo-mini.svg')
 3 SYSTEMPATH\CodeIgniter.php(457): CodeIgniter\CodeIgniter->runController(Object(App\Controllers\Admin\Produtos))
 4 SYSTEMPATH\CodeIgniter.php(340): CodeIgniter\CodeIgniter->handleRequest(null, Object(Config\Cache), false)
 5 FCPATH\index.php(67): CodeIgniter\CodeIgniter->run()
 6 SYSTEMPATH\Commands\Server\rewrite.php(43): require_once('FCPATH\\index.php')
CRITICAL - 2022-09-07 17:18:42 --> Argument 1 passed to App\Controllers\Admin\Produtos::buscaProdutoOu404() must be of the type int or null, string given, called in C:\xampp\htdocs\food\app\Controllers\Admin\Produtos.php on line 93
in APPPATH\Controllers\Admin\Produtos.php on line 105.
 1 APPPATH\Controllers\Admin\Produtos.php(93): App\Controllers\Admin\Produtos->buscaProdutoOu404('images')
 2 SYSTEMPATH\CodeIgniter.php(904): App\Controllers\Admin\Produtos->show('images', 'faces', 'face4.jpg')
 3 SYSTEMPATH\CodeIgniter.php(457): CodeIgniter\CodeIgniter->runController(Object(App\Controllers\Admin\Produtos))
 4 SYSTEMPATH\CodeIgniter.php(340): CodeIgniter\CodeIgniter->handleRequest(null, Object(Config\Cache), false)
 5 FCPATH\index.php(67): CodeIgniter\CodeIgniter->run()
 6 SYSTEMPATH\Commands\Server\rewrite.php(43): require_once('FCPATH\\index.php')
CRITICAL - 2022-09-07 17:18:42 --> Argument 1 passed to App\Controllers\Admin\Produtos::buscaProdutoOu404() must be of the type int or null, string given, called in C:\xampp\htdocs\food\app\Controllers\Admin\Produtos.php on line 93
in APPPATH\Controllers\Admin\Produtos.php on line 105.
 1 APPPATH\Controllers\Admin\Produtos.php(93): App\Controllers\Admin\Produtos->buscaProdutoOu404('images')
 2 SYSTEMPATH\CodeIgniter.php(904): App\Controllers\Admin\Produtos->show('images', 'faces', 'face2.jpg')
 3 SYSTEMPATH\CodeIgniter.php(457): CodeIgniter\CodeIgniter->runController(Object(App\Controllers\Admin\Produtos))
 4 SYSTEMPATH\CodeIgniter.php(340): CodeIgniter\CodeIgniter->handleRequest(null, Object(Config\Cache), false)
 5 FCPATH\index.php(67): CodeIgniter\CodeIgniter->run()
 6 SYSTEMPATH\Commands\Server\rewrite.php(43): require_once('FCPATH\\index.php')
CRITICAL - 2022-09-07 17:18:42 --> Argument 1 passed to App\Controllers\Admin\Produtos::buscaProdutoOu404() must be of the type int or null, string given, called in C:\xampp\htdocs\food\app\Controllers\Admin\Produtos.php on line 93
in APPPATH\Controllers\Admin\Produtos.php on line 105.
 1 APPPATH\Controllers\Admin\Produtos.php(93): App\Controllers\Admin\Produtos->buscaProdutoOu404('images')
 2 SYSTEMPATH\CodeIgniter.php(904): App\Controllers\Admin\Produtos->show('images', 'faces', 'face5.jpg')
 3 SYSTEMPATH\CodeIgniter.php(457): CodeIgniter\CodeIgniter->runController(Object(App\Controllers\Admin\Produtos))
 4 SYSTEMPATH\CodeIgniter.php(340): CodeIgniter\CodeIgniter->handleRequest(null, Object(Config\Cache), false)
 5 FCPATH\index.php(67): CodeIgniter\CodeIgniter->run()
 6 SYSTEMPATH\Commands\Server\rewrite.php(43): require_once('FCPATH\\index.php')
CRITICAL - 2022-09-07 17:18:42 --> Argument 1 passed to App\Controllers\Admin\Produtos::buscaProdutoOu404() must be of the type int or null, string given, called in C:\xampp\htdocs\food\app\Controllers\Admin\Produtos.php on line 93
in APPPATH\Controllers\Admin\Produtos.php on line 105.
 1 APPPATH\Controllers\Admin\Produtos.php(93): App\Controllers\Admin\Produtos->buscaProdutoOu404('images')
 2 SYSTEMPATH\CodeIgniter.php(904): App\Controllers\Admin\Produtos->show('images', 'faces', 'face3.jpg')
 3 SYSTEMPATH\CodeIgniter.php(457): CodeIgniter\CodeIgniter->runController(Object(App\Controllers\Admin\Produtos))
 4 SYSTEMPATH\CodeIgniter.php(340): CodeIgniter\CodeIgniter->handleRequest(null, Object(Config\Cache), false)
 5 FCPATH\index.php(67): CodeIgniter\CodeIgniter->run()
 6 SYSTEMPATH\Commands\Server\rewrite.php(43): require_once('FCPATH\\index.php')
CRITICAL - 2022-09-07 17:18:44 --> Argument 1 passed to App\Controllers\Admin\Produtos::buscaProdutoOu404() must be of the type int or null, string given, called in C:\xampp\htdocs\food\app\Controllers\Admin\Produtos.php on line 294
in APPPATH\Controllers\Admin\Produtos.php on line 105.
 1 APPPATH\Controllers\Admin\Produtos.php(294): App\Controllers\Admin\Produtos->buscaProdutoOu404('images')
 2 SYSTEMPATH\CodeIgniter.php(904): App\Controllers\Admin\Produtos->extras('images', 'logo.svg')
 3 SYSTEMPATH\CodeIgniter.php(457): CodeIgniter\CodeIgniter->runController(Object(App\Controllers\Admin\Produtos))
 4 SYSTEMPATH\CodeIgniter.php(340): CodeIgniter\CodeIgniter->handleRequest(null, Object(Config\Cache), false)
 5 FCPATH\index.php(67): CodeIgniter\CodeIgniter->run()
 6 SYSTEMPATH\Commands\Server\rewrite.php(43): require_once('FCPATH\\index.php')
CRITICAL - 2022-09-07 17:18:44 --> Argument 1 passed to App\Controllers\Admin\Produtos::buscaProdutoOu404() must be of the type int or null, string given, called in C:\xampp\htdocs\food\app\Controllers\Admin\Produtos.php on line 294
in APPPATH\Controllers\Admin\Produtos.php on line 105.
 1 APPPATH\Controllers\Admin\Produtos.php(294): App\Controllers\Admin\Produtos->buscaProdutoOu404('images')
 2 SYSTEMPATH\CodeIgniter.php(904): App\Controllers\Admin\Produtos->extras('images', 'logo-mini.svg')
 3 SYSTEMPATH\CodeIgniter.php(457): CodeIgniter\CodeIgniter->runController(Object(App\Controllers\Admin\Produtos))
 4 SYSTEMPATH\CodeIgniter.php(340): CodeIgniter\CodeIgniter->handleRequest(null, Object(Config\Cache), false)
 5 FCPATH\index.php(67): CodeIgniter\CodeIgniter->run()
 6 SYSTEMPATH\Commands\Server\rewrite.php(43): require_once('FCPATH\\index.php')
CRITICAL - 2022-09-07 17:18:44 --> Argument 1 passed to App\Controllers\Admin\Produtos::buscaProdutoOu404() must be of the type int or null, string given, called in C:\xampp\htdocs\food\app\Controllers\Admin\Produtos.php on line 294
in APPPATH\Controllers\Admin\Produtos.php on line 105.
 1 APPPATH\Controllers\Admin\Produtos.php(294): App\Controllers\Admin\Produtos->buscaProdutoOu404('images')
 2 SYSTEMPATH\CodeIgniter.php(904): App\Controllers\Admin\Produtos->extras('images', 'faces', 'face4.jpg')
 3 SYSTEMPATH\CodeIgniter.php(457): CodeIgniter\CodeIgniter->runController(Object(App\Controllers\Admin\Produtos))
 4 SYSTEMPATH\CodeIgniter.php(340): CodeIgniter\CodeIgniter->handleRequest(null, Object(Config\Cache), false)
 5 FCPATH\index.php(67): CodeIgniter\CodeIgniter->run()
 6 SYSTEMPATH\Commands\Server\rewrite.php(43): require_once('FCPATH\\index.php')
CRITICAL - 2022-09-07 17:18:44 --> Argument 1 passed to App\Controllers\Admin\Produtos::buscaProdutoOu404() must be of the type int or null, string given, called in C:\xampp\htdocs\food\app\Controllers\Admin\Produtos.php on line 294
in APPPATH\Controllers\Admin\Produtos.php on line 105.
 1 APPPATH\Controllers\Admin\Produtos.php(294): App\Controllers\Admin\Produtos->buscaProdutoOu404('images')
 2 SYSTEMPATH\CodeIgniter.php(904): App\Controllers\Admin\Produtos->extras('images', 'faces', 'face5.jpg')
 3 SYSTEMPATH\CodeIgniter.php(457): CodeIgniter\CodeIgniter->runController(Object(App\Controllers\Admin\Produtos))
 4 SYSTEMPATH\CodeIgniter.php(340): CodeIgniter\CodeIgniter->handleRequest(null, Object(Config\Cache), false)
 5 FCPATH\index.php(67): CodeIgniter\CodeIgniter->run()
 6 SYSTEMPATH\Commands\Server\rewrite.php(43): require_once('FCPATH\\index.php')
CRITICAL - 2022-09-07 17:18:44 --> Argument 1 passed to App\Controllers\Admin\Produtos::buscaProdutoOu404() must be of the type int or null, string given, called in C:\xampp\htdocs\food\app\Controllers\Admin\Produtos.php on line 294
in APPPATH\Controllers\Admin\Produtos.php on line 105.
 1 APPPATH\Controllers\Admin\Produtos.php(294): App\Controllers\Admin\Produtos->buscaProdutoOu404('images')
 2 SYSTEMPATH\CodeIgniter.php(904): App\Controllers\Admin\Produtos->extras('images', 'faces', 'face2.jpg')
 3 SYSTEMPATH\CodeIgniter.php(457): CodeIgniter\CodeIgniter->runController(Object(App\Controllers\Admin\Produtos))
 4 SYSTEMPATH\CodeIgniter.php(340): CodeIgniter\CodeIgniter->handleRequest(null, Object(Config\Cache), false)
 5 FCPATH\index.php(67): CodeIgniter\CodeIgniter->run()
 6 SYSTEMPATH\Commands\Server\rewrite.php(43): require_once('FCPATH\\index.php')
CRITICAL - 2022-09-07 17:18:44 --> Argument 1 passed to App\Controllers\Admin\Produtos::buscaProdutoOu404() must be of the type int or null, string given, called in C:\xampp\htdocs\food\app\Controllers\Admin\Produtos.php on line 294
in APPPATH\Controllers\Admin\Produtos.php on line 105.
 1 APPPATH\Controllers\Admin\Produtos.php(294): App\Controllers\Admin\Produtos->buscaProdutoOu404('images')
 2 SYSTEMPATH\CodeIgniter.php(904): App\Controllers\Admin\Produtos->extras('images', 'faces', 'face3.jpg')
 3 SYSTEMPATH\CodeIgniter.php(457): CodeIgniter\CodeIgniter->runController(Object(App\Controllers\Admin\Produtos))
 4 SYSTEMPATH\CodeIgniter.php(340): CodeIgniter\CodeIgniter->handleRequest(null, Object(Config\Cache), false)
 5 FCPATH\index.php(67): CodeIgniter\CodeIgniter->run()
 6 SYSTEMPATH\Commands\Server\rewrite.php(43): require_once('FCPATH\\index.php')
CRITICAL - 2022-09-07 17:19:07 --> Argument 1 passed to App\Controllers\Admin\Produtos::buscaProdutoOu404() must be of the type int or null, string given, called in C:\xampp\htdocs\food\app\Controllers\Admin\Produtos.php on line 93
in APPPATH\Controllers\Admin\Produtos.php on line 105.
 1 APPPATH\Controllers\Admin\Produtos.php(93): App\Controllers\Admin\Produtos->buscaProdutoOu404('images')
 2 SYSTEMPATH\CodeIgniter.php(904): App\Controllers\Admin\Produtos->show('images', 'logo.svg')
 3 SYSTEMPATH\CodeIgniter.php(457): CodeIgniter\CodeIgniter->runController(Object(App\Controllers\Admin\Produtos))
 4 SYSTEMPATH\CodeIgniter.php(340): CodeIgniter\CodeIgniter->handleRequest(null, Object(Config\Cache), false)
 5 FCPATH\index.php(67): CodeIgniter\CodeIgniter->run()
 6 SYSTEMPATH\Commands\Server\rewrite.php(43): require_once('FCPATH\\index.php')
CRITICAL - 2022-09-07 17:19:07 --> Argument 1 passed to App\Controllers\Admin\Produtos::buscaProdutoOu404() must be of the type int or null, string given, called in C:\xampp\htdocs\food\app\Controllers\Admin\Produtos.php on line 93
in APPPATH\Controllers\Admin\Produtos.php on line 105.
 1 APPPATH\Controllers\Admin\Produtos.php(93): App\Controllers\Admin\Produtos->buscaProdutoOu404('images')
 2 SYSTEMPATH\CodeIgniter.php(904): App\Controllers\Admin\Produtos->show('images', 'logo-mini.svg')
 3 SYSTEMPATH\CodeIgniter.php(457): CodeIgniter\CodeIgniter->runController(Object(App\Controllers\Admin\Produtos))
 4 SYSTEMPATH\CodeIgniter.php(340): CodeIgniter\CodeIgniter->handleRequest(null, Object(Config\Cache), false)
 5 FCPATH\index.php(67): CodeIgniter\CodeIgniter->run()
 6 SYSTEMPATH\Commands\Server\rewrite.php(43): require_once('FCPATH\\index.php')
CRITICAL - 2022-09-07 17:19:07 --> Argument 1 passed to App\Controllers\Admin\Produtos::buscaProdutoOu404() must be of the type int or null, string given, called in C:\xampp\htdocs\food\app\Controllers\Admin\Produtos.php on line 93
in APPPATH\Controllers\Admin\Produtos.php on line 105.
 1 APPPATH\Controllers\Admin\Produtos.php(93): App\Controllers\Admin\Produtos->buscaProdutoOu404('images')
 2 SYSTEMPATH\CodeIgniter.php(904): App\Controllers\Admin\Produtos->show('images', 'faces', 'face4.jpg')
 3 SYSTEMPATH\CodeIgniter.php(457): CodeIgniter\CodeIgniter->runController(Object(App\Controllers\Admin\Produtos))
 4 SYSTEMPATH\CodeIgniter.php(340): CodeIgniter\CodeIgniter->handleRequest(null, Object(Config\Cache), false)
 5 FCPATH\index.php(67): CodeIgniter\CodeIgniter->run()
 6 SYSTEMPATH\Commands\Server\rewrite.php(43): require_once('FCPATH\\index.php')
CRITICAL - 2022-09-07 17:19:07 --> Argument 1 passed to App\Controllers\Admin\Produtos::buscaProdutoOu404() must be of the type int or null, string given, called in C:\xampp\htdocs\food\app\Controllers\Admin\Produtos.php on line 93
in APPPATH\Controllers\Admin\Produtos.php on line 105.
 1 APPPATH\Controllers\Admin\Produtos.php(93): App\Controllers\Admin\Produtos->buscaProdutoOu404('images')
 2 SYSTEMPATH\CodeIgniter.php(904): App\Controllers\Admin\Produtos->show('images', 'faces', 'face5.jpg')
 3 SYSTEMPATH\CodeIgniter.php(457): CodeIgniter\CodeIgniter->runController(Object(App\Controllers\Admin\Produtos))
 4 SYSTEMPATH\CodeIgniter.php(340): CodeIgniter\CodeIgniter->handleRequest(null, Object(Config\Cache), false)
 5 FCPATH\index.php(67): CodeIgniter\CodeIgniter->run()
 6 SYSTEMPATH\Commands\Server\rewrite.php(43): require_once('FCPATH\\index.php')
CRITICAL - 2022-09-07 17:19:07 --> Argument 1 passed to App\Controllers\Admin\Produtos::buscaProdutoOu404() must be of the type int or null, string given, called in C:\xampp\htdocs\food\app\Controllers\Admin\Produtos.php on line 93
in APPPATH\Controllers\Admin\Produtos.php on line 105.
 1 APPPATH\Controllers\Admin\Produtos.php(93): App\Controllers\Admin\Produtos->buscaProdutoOu404('images')
 2 SYSTEMPATH\CodeIgniter.php(904): App\Controllers\Admin\Produtos->show('images', 'faces', 'face2.jpg')
 3 SYSTEMPATH\CodeIgniter.php(457): CodeIgniter\CodeIgniter->runController(Object(App\Controllers\Admin\Produtos))
 4 SYSTEMPATH\CodeIgniter.php(340): CodeIgniter\CodeIgniter->handleRequest(null, Object(Config\Cache), false)
 5 FCPATH\index.php(67): CodeIgniter\CodeIgniter->run()
 6 SYSTEMPATH\Commands\Server\rewrite.php(43): require_once('FCPATH\\index.php')
CRITICAL - 2022-09-07 17:19:07 --> Argument 1 passed to App\Controllers\Admin\Produtos::buscaProdutoOu404() must be of the type int or null, string given, called in C:\xampp\htdocs\food\app\Controllers\Admin\Produtos.php on line 93
in APPPATH\Controllers\Admin\Produtos.php on line 105.
 1 APPPATH\Controllers\Admin\Produtos.php(93): App\Controllers\Admin\Produtos->buscaProdutoOu404('images')
 2 SYSTEMPATH\CodeIgniter.php(904): App\Controllers\Admin\Produtos->show('images', 'faces', 'face3.jpg')
 3 SYSTEMPATH\CodeIgniter.php(457): CodeIgniter\CodeIgniter->runController(Object(App\Controllers\Admin\Produtos))
 4 SYSTEMPATH\CodeIgniter.php(340): CodeIgniter\CodeIgniter->handleRequest(null, Object(Config\Cache), false)
 5 FCPATH\index.php(67): CodeIgniter\CodeIgniter->run()
 6 SYSTEMPATH\Commands\Server\rewrite.php(43): require_once('FCPATH\\index.php')
CRITICAL - 2022-09-07 17:19:09 --> Argument 1 passed to App\Controllers\Admin\Produtos::buscaProdutoOu404() must be of the type int or null, string given, called in C:\xampp\htdocs\food\app\Controllers\Admin\Produtos.php on line 378
in APPPATH\Controllers\Admin\Produtos.php on line 105.
 1 APPPATH\Controllers\Admin\Produtos.php(378): App\Controllers\Admin\Produtos->buscaProdutoOu404('images')
 2 SYSTEMPATH\CodeIgniter.php(904): App\Controllers\Admin\Produtos->especificacoes('images', 'logo.svg')
 3 SYSTEMPATH\CodeIgniter.php(457): CodeIgniter\CodeIgniter->runController(Object(App\Controllers\Admin\Produtos))
 4 SYSTEMPATH\CodeIgniter.php(340): CodeIgniter\CodeIgniter->handleRequest(null, Object(Config\Cache), false)
 5 FCPATH\index.php(67): CodeIgniter\CodeIgniter->run()
 6 SYSTEMPATH\Commands\Server\rewrite.php(43): require_once('FCPATH\\index.php')
CRITICAL - 2022-09-07 17:19:09 --> Argument 1 passed to App\Controllers\Admin\Produtos::buscaProdutoOu404() must be of the type int or null, string given, called in C:\xampp\htdocs\food\app\Controllers\Admin\Produtos.php on line 378
in APPPATH\Controllers\Admin\Produtos.php on line 105.
 1 APPPATH\Controllers\Admin\Produtos.php(378): App\Controllers\Admin\Produtos->buscaProdutoOu404('images')
 2 SYSTEMPATH\CodeIgniter.php(904): App\Controllers\Admin\Produtos->especificacoes('images', 'logo-mini.svg')
 3 SYSTEMPATH\CodeIgniter.php(457): CodeIgniter\CodeIgniter->runController(Object(App\Controllers\Admin\Produtos))
 4 SYSTEMPATH\CodeIgniter.php(340): CodeIgniter\CodeIgniter->handleRequest(null, Object(Config\Cache), false)
 5 FCPATH\index.php(67): CodeIgniter\CodeIgniter->run()
 6 SYSTEMPATH\Commands\Server\rewrite.php(43): require_once('FCPATH\\index.php')
CRITICAL - 2022-09-07 17:19:09 --> Argument 1 passed to App\Controllers\Admin\Produtos::buscaProdutoOu404() must be of the type int or null, string given, called in C:\xampp\htdocs\food\app\Controllers\Admin\Produtos.php on line 378
in APPPATH\Controllers\Admin\Produtos.php on line 105.
 1 APPPATH\Controllers\Admin\Produtos.php(378): App\Controllers\Admin\Produtos->buscaProdutoOu404('images')
 2 SYSTEMPATH\CodeIgniter.php(904): App\Controllers\Admin\Produtos->especificacoes('images', 'faces', 'face4.jpg')
 3 SYSTEMPATH\CodeIgniter.php(457): CodeIgniter\CodeIgniter->runController(Object(App\Controllers\Admin\Produtos))
 4 SYSTEMPATH\CodeIgniter.php(340): CodeIgniter\CodeIgniter->handleRequest(null, Object(Config\Cache), false)
 5 FCPATH\index.php(67): CodeIgniter\CodeIgniter->run()
 6 SYSTEMPATH\Commands\Server\rewrite.php(43): require_once('FCPATH\\index.php')
CRITICAL - 2022-09-07 17:19:09 --> Argument 1 passed to App\Controllers\Admin\Produtos::buscaProdutoOu404() must be of the type int or null, string given, called in C:\xampp\htdocs\food\app\Controllers\Admin\Produtos.php on line 378
in APPPATH\Controllers\Admin\Produtos.php on line 105.
 1 APPPATH\Controllers\Admin\Produtos.php(378): App\Controllers\Admin\Produtos->buscaProdutoOu404('images')
 2 SYSTEMPATH\CodeIgniter.php(904): App\Controllers\Admin\Produtos->especificacoes('images', 'faces', 'face2.jpg')
 3 SYSTEMPATH\CodeIgniter.php(457): CodeIgniter\CodeIgniter->runController(Object(App\Controllers\Admin\Produtos))
 4 SYSTEMPATH\CodeIgniter.php(340): CodeIgniter\CodeIgniter->handleRequest(null, Object(Config\Cache), false)
 5 FCPATH\index.php(67): CodeIgniter\CodeIgniter->run()
 6 SYSTEMPATH\Commands\Server\rewrite.php(43): require_once('FCPATH\\index.php')
CRITICAL - 2022-09-07 17:19:09 --> Argument 1 passed to App\Controllers\Admin\Produtos::buscaProdutoOu404() must be of the type int or null, string given, called in C:\xampp\htdocs\food\app\Controllers\Admin\Produtos.php on line 378
in APPPATH\Controllers\Admin\Produtos.php on line 105.
 1 APPPATH\Controllers\Admin\Produtos.php(378): App\Controllers\Admin\Produtos->buscaProdutoOu404('images')
 2 SYSTEMPATH\CodeIgniter.php(904): App\Controllers\Admin\Produtos->especificacoes('images', 'faces', 'face5.jpg')
 3 SYSTEMPATH\CodeIgniter.php(457): CodeIgniter\CodeIgniter->runController(Object(App\Controllers\Admin\Produtos))
 4 SYSTEMPATH\CodeIgniter.php(340): CodeIgniter\CodeIgniter->handleRequest(null, Object(Config\Cache), false)
 5 FCPATH\index.php(67): CodeIgniter\CodeIgniter->run()
 6 SYSTEMPATH\Commands\Server\rewrite.php(43): require_once('FCPATH\\index.php')
CRITICAL - 2022-09-07 17:19:09 --> Argument 1 passed to App\Controllers\Admin\Produtos::buscaProdutoOu404() must be of the type int or null, string given, called in C:\xampp\htdocs\food\app\Controllers\Admin\Produtos.php on line 378
in APPPATH\Controllers\Admin\Produtos.php on line 105.
 1 APPPATH\Controllers\Admin\Produtos.php(378): App\Controllers\Admin\Produtos->buscaProdutoOu404('images')
 2 SYSTEMPATH\CodeIgniter.php(904): App\Controllers\Admin\Produtos->especificacoes('images', 'faces', 'face3.jpg')
 3 SYSTEMPATH\CodeIgniter.php(457): CodeIgniter\CodeIgniter->runController(Object(App\Controllers\Admin\Produtos))
 4 SYSTEMPATH\CodeIgniter.php(340): CodeIgniter\CodeIgniter->handleRequest(null, Object(Config\Cache), false)
 5 FCPATH\index.php(67): CodeIgniter\CodeIgniter->run()
 6 SYSTEMPATH\Commands\Server\rewrite.php(43): require_once('FCPATH\\index.php')
CRITICAL - 2022-09-07 17:28:48 --> Argument 1 passed to App\Controllers\Admin\Produtos::buscaProdutoOu404() must be of the type int or null, string given, called in C:\xampp\htdocs\food\app\Controllers\Admin\Produtos.php on line 378
in APPPATH\Controllers\Admin\Produtos.php on line 105.
 1 APPPATH\Controllers\Admin\Produtos.php(378): App\Controllers\Admin\Produtos->buscaProdutoOu404('images')
 2 SYSTEMPATH\CodeIgniter.php(904): App\Controllers\Admin\Produtos->especificacoes('images', 'logo.svg')
 3 SYSTEMPATH\CodeIgniter.php(457): CodeIgniter\CodeIgniter->runController(Object(App\Controllers\Admin\Produtos))
 4 SYSTEMPATH\CodeIgniter.php(340): CodeIgniter\CodeIgniter->handleRequest(null, Object(Config\Cache), false)
 5 FCPATH\index.php(67): CodeIgniter\CodeIgniter->run()
 6 SYSTEMPATH\Commands\Server\rewrite.php(43): require_once('FCPATH\\index.php')
CRITICAL - 2022-09-07 17:28:49 --> Argument 1 passed to App\Controllers\Admin\Produtos::buscaProdutoOu404() must be of the type int or null, string given, called in C:\xampp\htdocs\food\app\Controllers\Admin\Produtos.php on line 378
in APPPATH\Controllers\Admin\Produtos.php on line 105.
 1 APPPATH\Controllers\Admin\Produtos.php(378): App\Controllers\Admin\Produtos->buscaProdutoOu404('images')
 2 SYSTEMPATH\CodeIgniter.php(904): App\Controllers\Admin\Produtos->especificacoes('images', 'logo-mini.svg')
 3 SYSTEMPATH\CodeIgniter.php(457): CodeIgniter\CodeIgniter->runController(Object(App\Controllers\Admin\Produtos))
 4 SYSTEMPATH\CodeIgniter.php(340): CodeIgniter\CodeIgniter->handleRequest(null, Object(Config\Cache), false)
 5 FCPATH\index.php(67): CodeIgniter\CodeIgniter->run()
 6 SYSTEMPATH\Commands\Server\rewrite.php(43): require_once('FCPATH\\index.php')
CRITICAL - 2022-09-07 17:28:49 --> Argument 1 passed to App\Controllers\Admin\Produtos::buscaProdutoOu404() must be of the type int or null, string given, called in C:\xampp\htdocs\food\app\Controllers\Admin\Produtos.php on line 378
in APPPATH\Controllers\Admin\Produtos.php on line 105.
 1 APPPATH\Controllers\Admin\Produtos.php(378): App\Controllers\Admin\Produtos->buscaProdutoOu404('images')
 2 SYSTEMPATH\CodeIgniter.php(904): App\Controllers\Admin\Produtos->especificacoes('images', 'faces', 'face4.jpg')
 3 SYSTEMPATH\CodeIgniter.php(457): CodeIgniter\CodeIgniter->runController(Object(App\Controllers\Admin\Produtos))
 4 SYSTEMPATH\CodeIgniter.php(340): CodeIgniter\CodeIgniter->handleRequest(null, Object(Config\Cache), false)
 5 FCPATH\index.php(67): CodeIgniter\CodeIgniter->run()
 6 SYSTEMPATH\Commands\Server\rewrite.php(43): require_once('FCPATH\\index.php')
CRITICAL - 2022-09-07 17:28:49 --> Argument 1 passed to App\Controllers\Admin\Produtos::buscaProdutoOu404() must be of the type int or null, string given, called in C:\xampp\htdocs\food\app\Controllers\Admin\Produtos.php on line 378
in APPPATH\Controllers\Admin\Produtos.php on line 105.
 1 APPPATH\Controllers\Admin\Produtos.php(378): App\Controllers\Admin\Produtos->buscaProdutoOu404('images')
 2 SYSTEMPATH\CodeIgniter.php(904): App\Controllers\Admin\Produtos->especificacoes('images', 'faces', 'face2.jpg')
 3 SYSTEMPATH\CodeIgniter.php(457): CodeIgniter\CodeIgniter->runController(Object(App\Controllers\Admin\Produtos))
 4 SYSTEMPATH\CodeIgniter.php(340): CodeIgniter\CodeIgniter->handleRequest(null, Object(Config\Cache), false)
 5 FCPATH\index.php(67): CodeIgniter\CodeIgniter->run()
 6 SYSTEMPATH\Commands\Server\rewrite.php(43): require_once('FCPATH\\index.php')
CRITICAL - 2022-09-07 17:28:49 --> Argument 1 passed to App\Controllers\Admin\Produtos::buscaProdutoOu404() must be of the type int or null, string given, called in C:\xampp\htdocs\food\app\Controllers\Admin\Produtos.php on line 378
in APPPATH\Controllers\Admin\Produtos.php on line 105.
 1 APPPATH\Controllers\Admin\Produtos.php(378): App\Controllers\Admin\Produtos->buscaProdutoOu404('images')
 2 SYSTEMPATH\CodeIgniter.php(904): App\Controllers\Admin\Produtos->especificacoes('images', 'faces', 'face5.jpg')
 3 SYSTEMPATH\CodeIgniter.php(457): CodeIgniter\CodeIgniter->runController(Object(App\Controllers\Admin\Produtos))
 4 SYSTEMPATH\CodeIgniter.php(340): CodeIgniter\CodeIgniter->handleRequest(null, Object(Config\Cache), false)
 5 FCPATH\index.php(67): CodeIgniter\CodeIgniter->run()
 6 SYSTEMPATH\Commands\Server\rewrite.php(43): require_once('FCPATH\\index.php')
CRITICAL - 2022-09-07 17:28:49 --> Argument 1 passed to App\Controllers\Admin\Produtos::buscaProdutoOu404() must be of the type int or null, string given, called in C:\xampp\htdocs\food\app\Controllers\Admin\Produtos.php on line 378
in APPPATH\Controllers\Admin\Produtos.php on line 105.
 1 APPPATH\Controllers\Admin\Produtos.php(378): App\Controllers\Admin\Produtos->buscaProdutoOu404('images')
 2 SYSTEMPATH\CodeIgniter.php(904): App\Controllers\Admin\Produtos->especificacoes('images', 'faces', 'face3.jpg')
 3 SYSTEMPATH\CodeIgniter.php(457): CodeIgniter\CodeIgniter->runController(Object(App\Controllers\Admin\Produtos))
 4 SYSTEMPATH\CodeIgniter.php(340): CodeIgniter\CodeIgniter->handleRequest(null, Object(Config\Cache), false)
 5 FCPATH\index.php(67): CodeIgniter\CodeIgniter->run()
 6 SYSTEMPATH\Commands\Server\rewrite.php(43): require_once('FCPATH\\index.php')
CRITICAL - 2022-09-07 17:45:18 --> Argument 1 passed to App\Controllers\Admin\Produtos::buscaProdutoOu404() must be of the type int or null, string given, called in C:\xampp\htdocs\food\app\Controllers\Admin\Produtos.php on line 378
in APPPATH\Controllers\Admin\Produtos.php on line 105.
 1 APPPATH\Controllers\Admin\Produtos.php(378): App\Controllers\Admin\Produtos->buscaProdutoOu404('images')
 2 SYSTEMPATH\CodeIgniter.php(904): App\Controllers\Admin\Produtos->especificacoes('images', 'logo.svg')
 3 SYSTEMPATH\CodeIgniter.php(457): CodeIgniter\CodeIgniter->runController(Object(App\Controllers\Admin\Produtos))
 4 SYSTEMPATH\CodeIgniter.php(340): CodeIgniter\CodeIgniter->handleRequest(null, Object(Config\Cache), false)
 5 FCPATH\index.php(67): CodeIgniter\CodeIgniter->run()
 6 SYSTEMPATH\Commands\Server\rewrite.php(43): require_once('FCPATH\\index.php')
CRITICAL - 2022-09-07 17:45:18 --> Argument 1 passed to App\Controllers\Admin\Produtos::buscaProdutoOu404() must be of the type int or null, string given, called in C:\xampp\htdocs\food\app\Controllers\Admin\Produtos.php on line 378
in APPPATH\Controllers\Admin\Produtos.php on line 105.
 1 APPPATH\Controllers\Admin\Produtos.php(378): App\Controllers\Admin\Produtos->buscaProdutoOu404('images')
 2 SYSTEMPATH\CodeIgniter.php(904): App\Controllers\Admin\Produtos->especificacoes('images', 'logo-mini.svg')
 3 SYSTEMPATH\CodeIgniter.php(457): CodeIgniter\CodeIgniter->runController(Object(App\Controllers\Admin\Produtos))
 4 SYSTEMPATH\CodeIgniter.php(340): CodeIgniter\CodeIgniter->handleRequest(null, Object(Config\Cache), false)
 5 FCPATH\index.php(67): CodeIgniter\CodeIgniter->run()
 6 SYSTEMPATH\Commands\Server\rewrite.php(43): require_once('FCPATH\\index.php')
CRITICAL - 2022-09-07 17:45:18 --> Argument 1 passed to App\Controllers\Admin\Produtos::buscaProdutoOu404() must be of the type int or null, string given, called in C:\xampp\htdocs\food\app\Controllers\Admin\Produtos.php on line 378
in APPPATH\Controllers\Admin\Produtos.php on line 105.
 1 APPPATH\Controllers\Admin\Produtos.php(378): App\Controllers\Admin\Produtos->buscaProdutoOu404('images')
 2 SYSTEMPATH\CodeIgniter.php(904): App\Controllers\Admin\Produtos->especificacoes('images', 'faces', 'face5.jpg')
 3 SYSTEMPATH\CodeIgniter.php(457): CodeIgniter\CodeIgniter->runController(Object(App\Controllers\Admin\Produtos))
 4 SYSTEMPATH\CodeIgniter.php(340): CodeIgniter\CodeIgniter->handleRequest(null, Object(Config\Cache), false)
 5 FCPATH\index.php(67): CodeIgniter\CodeIgniter->run()
 6 SYSTEMPATH\Commands\Server\rewrite.php(43): require_once('FCPATH\\index.php')
CRITICAL - 2022-09-07 17:45:18 --> Argument 1 passed to App\Controllers\Admin\Produtos::buscaProdutoOu404() must be of the type int or null, string given, called in C:\xampp\htdocs\food\app\Controllers\Admin\Produtos.php on line 378
in APPPATH\Controllers\Admin\Produtos.php on line 105.
 1 APPPATH\Controllers\Admin\Produtos.php(378): App\Controllers\Admin\Produtos->buscaProdutoOu404('images')
 2 SYSTEMPATH\CodeIgniter.php(904): App\Controllers\Admin\Produtos->especificacoes('images', 'faces', 'face4.jpg')
 3 SYSTEMPATH\CodeIgniter.php(457): CodeIgniter\CodeIgniter->runController(Object(App\Controllers\Admin\Produtos))
 4 SYSTEMPATH\CodeIgniter.php(340): CodeIgniter\CodeIgniter->handleRequest(null, Object(Config\Cache), false)
 5 FCPATH\index.php(67): CodeIgniter\CodeIgniter->run()
 6 SYSTEMPATH\Commands\Server\rewrite.php(43): require_once('FCPATH\\index.php')
CRITICAL - 2022-09-07 17:45:18 --> Argument 1 passed to App\Controllers\Admin\Produtos::buscaProdutoOu404() must be of the type int or null, string given, called in C:\xampp\htdocs\food\app\Controllers\Admin\Produtos.php on line 378
in APPPATH\Controllers\Admin\Produtos.php on line 105.
 1 APPPATH\Controllers\Admin\Produtos.php(378): App\Controllers\Admin\Produtos->buscaProdutoOu404('images')
 2 SYSTEMPATH\CodeIgniter.php(904): App\Controllers\Admin\Produtos->especificacoes('images', 'faces', 'face2.jpg')
 3 SYSTEMPATH\CodeIgniter.php(457): CodeIgniter\CodeIgniter->runController(Object(App\Controllers\Admin\Produtos))
 4 SYSTEMPATH\CodeIgniter.php(340): CodeIgniter\CodeIgniter->handleRequest(null, Object(Config\Cache), false)
 5 FCPATH\index.php(67): CodeIgniter\CodeIgniter->run()
 6 SYSTEMPATH\Commands\Server\rewrite.php(43): require_once('FCPATH\\index.php')
CRITICAL - 2022-09-07 17:45:18 --> Argument 1 passed to App\Controllers\Admin\Produtos::buscaProdutoOu404() must be of the type int or null, string given, called in C:\xampp\htdocs\food\app\Controllers\Admin\Produtos.php on line 378
in APPPATH\Controllers\Admin\Produtos.php on line 105.
 1 APPPATH\Controllers\Admin\Produtos.php(378): App\Controllers\Admin\Produtos->buscaProdutoOu404('images')
 2 SYSTEMPATH\CodeIgniter.php(904): App\Controllers\Admin\Produtos->especificacoes('images', 'faces', 'face3.jpg')
 3 SYSTEMPATH\CodeIgniter.php(457): CodeIgniter\CodeIgniter->runController(Object(App\Controllers\Admin\Produtos))
 4 SYSTEMPATH\CodeIgniter.php(340): CodeIgniter\CodeIgniter->handleRequest(null, Object(Config\Cache), false)
 5 FCPATH\index.php(67): CodeIgniter\CodeIgniter->run()
 6 SYSTEMPATH\Commands\Server\rewrite.php(43): require_once('FCPATH\\index.php')
CRITICAL - 2022-09-07 17:45:30 --> Argument 1 passed to App\Controllers\Admin\Produtos::buscaProdutoOu404() must be of the type int or null, string given, called in C:\xampp\htdocs\food\app\Controllers\Admin\Produtos.php on line 378
in APPPATH\Controllers\Admin\Produtos.php on line 105.
 1 APPPATH\Controllers\Admin\Produtos.php(378): App\Controllers\Admin\Produtos->buscaProdutoOu404('images')
 2 SYSTEMPATH\CodeIgniter.php(904): App\Controllers\Admin\Produtos->especificacoes('images', 'logo.svg')
 3 SYSTEMPATH\CodeIgniter.php(457): CodeIgniter\CodeIgniter->runController(Object(App\Controllers\Admin\Produtos))
 4 SYSTEMPATH\CodeIgniter.php(340): CodeIgniter\CodeIgniter->handleRequest(null, Object(Config\Cache), false)
 5 FCPATH\index.php(67): CodeIgniter\CodeIgniter->run()
 6 SYSTEMPATH\Commands\Server\rewrite.php(43): require_once('FCPATH\\index.php')
CRITICAL - 2022-09-07 17:45:30 --> Argument 1 passed to App\Controllers\Admin\Produtos::buscaProdutoOu404() must be of the type int or null, string given, called in C:\xampp\htdocs\food\app\Controllers\Admin\Produtos.php on line 378
in APPPATH\Controllers\Admin\Produtos.php on line 105.
 1 APPPATH\Controllers\Admin\Produtos.php(378): App\Controllers\Admin\Produtos->buscaProdutoOu404('images')
 2 SYSTEMPATH\CodeIgniter.php(904): App\Controllers\Admin\Produtos->especificacoes('images', 'logo-mini.svg')
 3 SYSTEMPATH\CodeIgniter.php(457): CodeIgniter\CodeIgniter->runController(Object(App\Controllers\Admin\Produtos))
 4 SYSTEMPATH\CodeIgniter.php(340): CodeIgniter\CodeIgniter->handleRequest(null, Object(Config\Cache), false)
 5 FCPATH\index.php(67): CodeIgniter\CodeIgniter->run()
 6 SYSTEMPATH\Commands\Server\rewrite.php(43): require_once('FCPATH\\index.php')
CRITICAL - 2022-09-07 17:45:30 --> Argument 1 passed to App\Controllers\Admin\Produtos::buscaProdutoOu404() must be of the type int or null, string given, called in C:\xampp\htdocs\food\app\Controllers\Admin\Produtos.php on line 378
in APPPATH\Controllers\Admin\Produtos.php on line 105.
 1 APPPATH\Controllers\Admin\Produtos.php(378): App\Controllers\Admin\Produtos->buscaProdutoOu404('images')
 2 SYSTEMPATH\CodeIgniter.php(904): App\Controllers\Admin\Produtos->especificacoes('images', 'faces', 'face5.jpg')
 3 SYSTEMPATH\CodeIgniter.php(457): CodeIgniter\CodeIgniter->runController(Object(App\Controllers\Admin\Produtos))
 4 SYSTEMPATH\CodeIgniter.php(340): CodeIgniter\CodeIgniter->handleRequest(null, Object(Config\Cache), false)
 5 FCPATH\index.php(67): CodeIgniter\CodeIgniter->run()
 6 SYSTEMPATH\Commands\Server\rewrite.php(43): require_once('FCPATH\\index.php')
CRITICAL - 2022-09-07 17:45:30 --> Argument 1 passed to App\Controllers\Admin\Produtos::buscaProdutoOu404() must be of the type int or null, string given, called in C:\xampp\htdocs\food\app\Controllers\Admin\Produtos.php on line 378
in APPPATH\Controllers\Admin\Produtos.php on line 105.
 1 APPPATH\Controllers\Admin\Produtos.php(378): App\Controllers\Admin\Produtos->buscaProdutoOu404('images')
 2 SYSTEMPATH\CodeIgniter.php(904): App\Controllers\Admin\Produtos->especificacoes('images', 'faces', 'face4.jpg')
 3 SYSTEMPATH\CodeIgniter.php(457): CodeIgniter\CodeIgniter->runController(Object(App\Controllers\Admin\Produtos))
 4 SYSTEMPATH\CodeIgniter.php(340): CodeIgniter\CodeIgniter->handleRequest(null, Object(Config\Cache), false)
 5 FCPATH\index.php(67): CodeIgniter\CodeIgniter->run()
 6 SYSTEMPATH\Commands\Server\rewrite.php(43): require_once('FCPATH\\index.php')
CRITICAL - 2022-09-07 17:45:31 --> Argument 1 passed to App\Controllers\Admin\Produtos::buscaProdutoOu404() must be of the type int or null, string given, called in C:\xampp\htdocs\food\app\Controllers\Admin\Produtos.php on line 378
in APPPATH\Controllers\Admin\Produtos.php on line 105.
 1 APPPATH\Controllers\Admin\Produtos.php(378): App\Controllers\Admin\Produtos->buscaProdutoOu404('images')
 2 SYSTEMPATH\CodeIgniter.php(904): App\Controllers\Admin\Produtos->especificacoes('images', 'faces', 'face2.jpg')
 3 SYSTEMPATH\CodeIgniter.php(457): CodeIgniter\CodeIgniter->runController(Object(App\Controllers\Admin\Produtos))
 4 SYSTEMPATH\CodeIgniter.php(340): CodeIgniter\CodeIgniter->handleRequest(null, Object(Config\Cache), false)
 5 FCPATH\index.php(67): CodeIgniter\CodeIgniter->run()
 6 SYSTEMPATH\Commands\Server\rewrite.php(43): require_once('FCPATH\\index.php')
CRITICAL - 2022-09-07 17:45:31 --> Argument 1 passed to App\Controllers\Admin\Produtos::buscaProdutoOu404() must be of the type int or null, string given, called in C:\xampp\htdocs\food\app\Controllers\Admin\Produtos.php on line 378
in APPPATH\Controllers\Admin\Produtos.php on line 105.
 1 APPPATH\Controllers\Admin\Produtos.php(378): App\Controllers\Admin\Produtos->buscaProdutoOu404('images')
 2 SYSTEMPATH\CodeIgniter.php(904): App\Controllers\Admin\Produtos->especificacoes('images', 'faces', 'face3.jpg')
 3 SYSTEMPATH\CodeIgniter.php(457): CodeIgniter\CodeIgniter->runController(Object(App\Controllers\Admin\Produtos))
 4 SYSTEMPATH\CodeIgniter.php(340): CodeIgniter\CodeIgniter->handleRequest(null, Object(Config\Cache), false)
 5 FCPATH\index.php(67): CodeIgniter\CodeIgniter->run()
 6 SYSTEMPATH\Commands\Server\rewrite.php(43): require_once('FCPATH\\index.php')
CRITICAL - 2022-09-07 17:47:21 --> Argument 1 passed to App\Controllers\Admin\Produtos::buscaProdutoOu404() must be of the type int or null, string given, called in C:\xampp\htdocs\food\app\Controllers\Admin\Produtos.php on line 378
in APPPATH\Controllers\Admin\Produtos.php on line 105.
 1 APPPATH\Controllers\Admin\Produtos.php(378): App\Controllers\Admin\Produtos->buscaProdutoOu404('images')
 2 SYSTEMPATH\CodeIgniter.php(904): App\Controllers\Admin\Produtos->especificacoes('images', 'logo.svg')
 3 SYSTEMPATH\CodeIgniter.php(457): CodeIgniter\CodeIgniter->runController(Object(App\Controllers\Admin\Produtos))
 4 SYSTEMPATH\CodeIgniter.php(340): CodeIgniter\CodeIgniter->handleRequest(null, Object(Config\Cache), false)
 5 FCPATH\index.php(67): CodeIgniter\CodeIgniter->run()
 6 SYSTEMPATH\Commands\Server\rewrite.php(43): require_once('FCPATH\\index.php')
CRITICAL - 2022-09-07 17:47:21 --> Argument 1 passed to App\Controllers\Admin\Produtos::buscaProdutoOu404() must be of the type int or null, string given, called in C:\xampp\htdocs\food\app\Controllers\Admin\Produtos.php on line 378
in APPPATH\Controllers\Admin\Produtos.php on line 105.
 1 APPPATH\Controllers\Admin\Produtos.php(378): App\Controllers\Admin\Produtos->buscaProdutoOu404('images')
 2 SYSTEMPATH\CodeIgniter.php(904): App\Controllers\Admin\Produtos->especificacoes('images', 'logo-mini.svg')
 3 SYSTEMPATH\CodeIgniter.php(457): CodeIgniter\CodeIgniter->runController(Object(App\Controllers\Admin\Produtos))
 4 SYSTEMPATH\CodeIgniter.php(340): CodeIgniter\CodeIgniter->handleRequest(null, Object(Config\Cache), false)
 5 FCPATH\index.php(67): CodeIgniter\CodeIgniter->run()
 6 SYSTEMPATH\Commands\Server\rewrite.php(43): require_once('FCPATH\\index.php')
CRITICAL - 2022-09-07 17:47:22 --> Argument 1 passed to App\Controllers\Admin\Produtos::buscaProdutoOu404() must be of the type int or null, string given, called in C:\xampp\htdocs\food\app\Controllers\Admin\Produtos.php on line 378
in APPPATH\Controllers\Admin\Produtos.php on line 105.
 1 APPPATH\Controllers\Admin\Produtos.php(378): App\Controllers\Admin\Produtos->buscaProdutoOu404('images')
 2 SYSTEMPATH\CodeIgniter.php(904): App\Controllers\Admin\Produtos->especificacoes('images', 'faces', 'face4.jpg')
 3 SYSTEMPATH\CodeIgniter.php(457): CodeIgniter\CodeIgniter->runController(Object(App\Controllers\Admin\Produtos))
 4 SYSTEMPATH\CodeIgniter.php(340): CodeIgniter\CodeIgniter->handleRequest(null, Object(Config\Cache), false)
 5 FCPATH\index.php(67): CodeIgniter\CodeIgniter->run()
 6 SYSTEMPATH\Commands\Server\rewrite.php(43): require_once('FCPATH\\index.php')
CRITICAL - 2022-09-07 17:47:22 --> Argument 1 passed to App\Controllers\Admin\Produtos::buscaProdutoOu404() must be of the type int or null, string given, called in C:\xampp\htdocs\food\app\Controllers\Admin\Produtos.php on line 378
in APPPATH\Controllers\Admin\Produtos.php on line 105.
 1 APPPATH\Controllers\Admin\Produtos.php(378): App\Controllers\Admin\Produtos->buscaProdutoOu404('images')
 2 SYSTEMPATH\CodeIgniter.php(904): App\Controllers\Admin\Produtos->especificacoes('images', 'faces', 'face5.jpg')
 3 SYSTEMPATH\CodeIgniter.php(457): CodeIgniter\CodeIgniter->runController(Object(App\Controllers\Admin\Produtos))
 4 SYSTEMPATH\CodeIgniter.php(340): CodeIgniter\CodeIgniter->handleRequest(null, Object(Config\Cache), false)
 5 FCPATH\index.php(67): CodeIgniter\CodeIgniter->run()
 6 SYSTEMPATH\Commands\Server\rewrite.php(43): require_once('FCPATH\\index.php')
CRITICAL - 2022-09-07 17:47:22 --> Argument 1 passed to App\Controllers\Admin\Produtos::buscaProdutoOu404() must be of the type int or null, string given, called in C:\xampp\htdocs\food\app\Controllers\Admin\Produtos.php on line 378
in APPPATH\Controllers\Admin\Produtos.php on line 105.
 1 APPPATH\Controllers\Admin\Produtos.php(378): App\Controllers\Admin\Produtos->buscaProdutoOu404('images')
 2 SYSTEMPATH\CodeIgniter.php(904): App\Controllers\Admin\Produtos->especificacoes('images', 'faces', 'face2.jpg')
 3 SYSTEMPATH\CodeIgniter.php(457): CodeIgniter\CodeIgniter->runController(Object(App\Controllers\Admin\Produtos))
 4 SYSTEMPATH\CodeIgniter.php(340): CodeIgniter\CodeIgniter->handleRequest(null, Object(Config\Cache), false)
 5 FCPATH\index.php(67): CodeIgniter\CodeIgniter->run()
 6 SYSTEMPATH\Commands\Server\rewrite.php(43): require_once('FCPATH\\index.php')
CRITICAL - 2022-09-07 17:47:22 --> Argument 1 passed to App\Controllers\Admin\Produtos::buscaProdutoOu404() must be of the type int or null, string given, called in C:\xampp\htdocs\food\app\Controllers\Admin\Produtos.php on line 378
in APPPATH\Controllers\Admin\Produtos.php on line 105.
 1 APPPATH\Controllers\Admin\Produtos.php(378): App\Controllers\Admin\Produtos->buscaProdutoOu404('images')
 2 SYSTEMPATH\CodeIgniter.php(904): App\Controllers\Admin\Produtos->especificacoes('images', 'faces', 'face3.jpg')
 3 SYSTEMPATH\CodeIgniter.php(457): CodeIgniter\CodeIgniter->runController(Object(App\Controllers\Admin\Produtos))
 4 SYSTEMPATH\CodeIgniter.php(340): CodeIgniter\CodeIgniter->handleRequest(null, Object(Config\Cache), false)
 5 FCPATH\index.php(67): CodeIgniter\CodeIgniter->run()
 6 SYSTEMPATH\Commands\Server\rewrite.php(43): require_once('FCPATH\\index.php')
