CRITICAL - 2022-09-04 06:11:16 --> Class 'App\Entities\Medidas' not found
in SYSTEMPATH\Database\MySQLi\Result.php on line 148.
 1 [internal function]: CodeIgniter\Debug\Exceptions->shutdownHandler()
CRITICAL - 2022-09-04 06:11:49 --> Class 'App\Entities\Medidas' not found
in SYSTEMPATH\Database\MySQLi\Result.php on line 148.
 1 [internal function]: CodeIgniter\Debug\Exceptions->shutdownHandler()
CRITICAL - 2022-09-04 06:11:51 --> Class 'App\Entities\Medidas' not found
in SYSTEMPATH\Database\MySQLi\Result.php on line 148.
 1 [internal function]: CodeIgniter\Debug\Exceptions->shutdownHandler()
CRITICAL - 2022-09-04 06:11:54 --> Class 'App\Entities\Medidas' not found
in SYSTEMPATH\Database\MySQLi\Result.php on line 148.
 1 [internal function]: CodeIgniter\Debug\Exceptions->shutdownHandler()
CRITICAL - 2022-09-04 06:11:54 --> Class 'App\Entities\Medidas' not found
in SYSTEMPATH\Database\MySQLi\Result.php on line 148.
 1 [internal function]: CodeIgniter\Debug\Exceptions->shutdownHandler()
CRITICAL - 2022-09-04 06:12:40 --> Undefined variable: extra
in APPPATH\Views\Admin\Medidas\index.php on line 52.
 1 APPPATH\Views\Admin\Medidas\index.php(52): CodeIgniter\Debug\Exceptions->errorHandler(8, 'Undefined variable: extra', 'APPPATH\\Views\\Admin\\Medidas\\index.php', 52, [...])
 2 SYSTEMPATH\View\View.php(213): include('APPPATH\\Views\\Admin\\Medidas\\index.php')
 3 SYSTEMPATH\View\View.php(216): CodeIgniter\View\View->CodeIgniter\View\{closure}()
 4 SYSTEMPATH\Common.php(1137): CodeIgniter\View\View->render('Admin/Medidas/index', [], true)
 5 APPPATH\Controllers\Admin\Medidas.php(27): view('Admin/Medidas/index', [...])
 6 SYSTEMPATH\CodeIgniter.php(904): App\Controllers\Admin\Medidas->index()
 7 SYSTEMPATH\CodeIgniter.php(457): CodeIgniter\CodeIgniter->runController(Object(App\Controllers\Admin\Medidas))
 8 SYSTEMPATH\CodeIgniter.php(340): CodeIgniter\CodeIgniter->handleRequest(null, Object(Config\Cache), false)
 9 FCPATH\index.php(67): CodeIgniter\CodeIgniter->run()
10 SYSTEMPATH\Commands\Server\rewrite.php(43): require_once('FCPATH\\index.php')
