CRITICAL - 2022-09-11 05:42:21 --> Undefined variable: extras
in APPPATH\Views\Admin\FormasPagamento\index.php on line 49.
 1 APPPATH\Views\Admin\FormasPagamento\index.php(49): CodeIgniter\Debug\Exceptions->errorHandler(8, 'Undefined variable: extras', 'APPPATH\\Views\\Admin\\FormasPagamento\\index.php', 49, [...])
 2 SYSTEMPATH\View\View.php(213): include('APPPATH\\Views\\Admin\\FormasPagamento\\index.php')
 3 SYSTEMPATH\View\View.php(216): CodeIgniter\View\View->CodeIgniter\View\{closure}()
 4 SYSTEMPATH\Common.php(1137): CodeIgniter\View\View->render('Admin/FormasPagamento/index', [], true)
 5 APPPATH\Controllers\Admin\FormasPagamento.php(28): view('Admin/FormasPagamento/index', [...])
 6 SYSTEMPATH\CodeIgniter.php(904): App\Controllers\Admin\FormasPagamento->index()
 7 SYSTEMPATH\CodeIgniter.php(457): CodeIgniter\CodeIgniter->runController(Object(App\Controllers\Admin\FormasPagamento))
 8 SYSTEMPATH\CodeIgniter.php(340): CodeIgniter\CodeIgniter->handleRequest(null, Object(Config\Cache), false)
 9 FCPATH\index.php(67): CodeIgniter\CodeIgniter->run()
10 SYSTEMPATH\Commands\Server\rewrite.php(43): require_once('FCPATH\\index.php')
CRITICAL - 2022-09-11 06:41:00 --> Undefined variable: extra
in APPPATH\Views\Admin\Extras\form.php on line 5.
 1 APPPATH\Views\Admin\Extras\form.php(5): CodeIgniter\Debug\Exceptions->errorHandler(8, 'Undefined variable: extra', 'APPPATH\\Views\\Admin\\Extras\\form.php', 5, [...])
 2 SYSTEMPATH\View\View.php(213): include('APPPATH\\Views\\Admin\\Extras\\form.php')
 3 SYSTEMPATH\View\View.php(216): CodeIgniter\View\View->CodeIgniter\View\{closure}()
 4 SYSTEMPATH\View\View.php(429): CodeIgniter\View\View->render('Admin/Extras/form', null, true)
 5 APPPATH\Views\Admin\FormasPagamento\criar.php(46): CodeIgniter\View\View->include('Admin/Extras/form')
 6 SYSTEMPATH\View\View.php(213): include('APPPATH\\Views\\Admin\\FormasPagamento\\criar.php')
 7 SYSTEMPATH\View\View.php(216): CodeIgniter\View\View->CodeIgniter\View\{closure}()
 8 SYSTEMPATH\Common.php(1137): CodeIgniter\View\View->render('Admin/FormasPagamento/criar', [], true)
 9 APPPATH\Controllers\Admin\FormasPagamento.php(71): view('Admin/FormasPagamento/criar', [...])
10 SYSTEMPATH\CodeIgniter.php(904): App\Controllers\Admin\FormasPagamento->criar()
11 SYSTEMPATH\CodeIgniter.php(457): CodeIgniter\CodeIgniter->runController(Object(App\Controllers\Admin\FormasPagamento))
12 SYSTEMPATH\CodeIgniter.php(340): CodeIgniter\CodeIgniter->handleRequest(null, Object(Config\Cache), false)
13 FCPATH\index.php(67): CodeIgniter\CodeIgniter->run()
14 SYSTEMPATH\Commands\Server\rewrite.php(43): require_once('FCPATH\\index.php')
ERROR - 2022-09-11 17:00:31 --> Error connecting to the database: mysqli_sql_exception: Nenhuma conexão pôde ser feita porque a máquina de destino as recusou ativamente.
 in C:\xampp\htdocs\food\system\Database\MySQLi\Connection.php:171
Stack trace:
#0 C:\xampp\htdocs\food\system\Database\MySQLi\Connection.php(171): mysqli->real_connect('localhost', 'root', '', 'food', 3306, '', 0)
#1 C:\xampp\htdocs\food\system\Database\BaseConnection.php(382): CodeIgniter\Database\MySQLi\Connection->connect(false)
#2 C:\xampp\htdocs\food\system\Database\BaseConnection.php(588): CodeIgniter\Database\BaseConnection->initialize()
#3 C:\xampp\htdocs\food\system\Database\BaseBuilder.php(1585): CodeIgniter\Database\BaseConnection->query('SELECT *\nFROM `...', Array, false)
#4 C:\xampp\htdocs\food\system\Model.php(249): CodeIgniter\Database\BaseBuilder->get()
#5 C:\xampp\htdocs\food\system\BaseModel.php(622): CodeIgniter\Model->doFirst()
#6 C:\xampp\htdocs\food\app\Models\UsuarioModel.php(114): CodeIgniter\BaseModel->first()
#7 C:\xampp\htdocs\food\app\Libraries\Autenticacao.php(23): App\Models\UsuarioModel->buscaUsuarioPorEmail('antoniodaleo@ou...')
#8 C:\xampp\htdocs\food\app\Controllers\Login.php(32): App\Libraries\Autenticacao->login('antoniodaleo@ou...', '123456')
#9 C:\xampp\htdocs\food\system\CodeIgniter.php(904): App\Controllers\Login->criar()
#10 C:\xampp\htdocs\food\system\CodeIgniter.php(457): CodeIgniter\CodeIgniter->runController(Object(App\Controllers\Login))
#11 C:\xampp\htdocs\food\system\CodeIgniter.php(340): CodeIgniter\CodeIgniter->handleRequest(NULL, Object(Config\Cache), false)
#12 C:\xampp\htdocs\food\public\index.php(67): CodeIgniter\CodeIgniter->run()
#13 C:\xampp\htdocs\food\system\Commands\Server\rewrite.php(43): require_once('C:\\xampp\\htdocs...')
#14 {main}

Next CodeIgniter\Database\Exceptions\DatabaseException: Nenhuma conexão pôde ser feita porque a máquina de destino as recusou ativamente.
 in C:\xampp\htdocs\food\system\Database\MySQLi\Connection.php:215
Stack trace:
#0 C:\xampp\htdocs\food\system\Database\BaseConnection.php(382): CodeIgniter\Database\MySQLi\Connection->connect(false)
#1 C:\xampp\htdocs\food\system\Database\BaseConnection.php(588): CodeIgniter\Database\BaseConnection->initialize()
#2 C:\xampp\htdocs\food\system\Database\BaseBuilder.php(1585): CodeIgniter\Database\BaseConnection->query('SELECT *\nFROM `...', Array, false)
#3 C:\xampp\htdocs\food\system\Model.php(249): CodeIgniter\Database\BaseBuilder->get()
#4 C:\xampp\htdocs\food\system\BaseModel.php(622): CodeIgniter\Model->doFirst()
#5 C:\xampp\htdocs\food\app\Models\UsuarioModel.php(114): CodeIgniter\BaseModel->first()
#6 C:\xampp\htdocs\food\app\Libraries\Autenticacao.php(23): App\Models\UsuarioModel->buscaUsuarioPorEmail('antoniodaleo@ou...')
#7 C:\xampp\htdocs\food\app\Controllers\Login.php(32): App\Libraries\Autenticacao->login('antoniodaleo@ou...', '123456')
#8 C:\xampp\htdocs\food\system\CodeIgniter.php(904): App\Controllers\Login->criar()
#9 C:\xampp\htdocs\food\system\CodeIgniter.php(457): CodeIgniter\CodeIgniter->runController(Object(App\Controllers\Login))
#10 C:\xampp\htdocs\food\system\CodeIgniter.php(340): CodeIgniter\CodeIgniter->handleRequest(NULL, Object(Config\Cache), false)
#11 C:\xampp\htdocs\food\public\index.php(67): CodeIgniter\CodeIgniter->run()
#12 C:\xampp\htdocs\food\system\Commands\Server\rewrite.php(43): require_once('C:\\xampp\\htdocs...')
#13 {main}
CRITICAL - 2022-09-11 17:00:31 --> Unable to connect to the database.
Main connection [MySQLi]: Nenhuma conexão pôde ser feita porque a máquina de destino as recusou ativamente.

in SYSTEMPATH\Database\BaseConnection.php on line 418.
 1 SYSTEMPATH\Database\BaseConnection.php(588): CodeIgniter\Database\BaseConnection->initialize()
 2 SYSTEMPATH\Database\BaseBuilder.php(1585): CodeIgniter\Database\BaseConnection->query('SELECT *
FROM `usuarios`
WHERE `email` = :email:
AND `usuarios`.`deletado_em` IS NULL
 LIMIT 1', [...], false)
 3 SYSTEMPATH\Model.php(249): CodeIgniter\Database\BaseBuilder->get()
 4 SYSTEMPATH\BaseModel.php(622): CodeIgniter\Model->doFirst()
 5 APPPATH\Models\UsuarioModel.php(114): CodeIgniter\BaseModel->first()
 6 APPPATH\Libraries\Autenticacao.php(23): App\Models\UsuarioModel->buscaUsuarioPorEmail('antoniodaleo@outlook.com')
 7 APPPATH\Controllers\Login.php(32): App\Libraries\Autenticacao->login('antoniodaleo@outlook.com', '123456')
 8 SYSTEMPATH\CodeIgniter.php(904): App\Controllers\Login->criar()
 9 SYSTEMPATH\CodeIgniter.php(457): CodeIgniter\CodeIgniter->runController(Object(App\Controllers\Login))
10 SYSTEMPATH\CodeIgniter.php(340): CodeIgniter\CodeIgniter->handleRequest(null, Object(Config\Cache), false)
11 FCPATH\index.php(67): CodeIgniter\CodeIgniter->run()
12 SYSTEMPATH\Commands\Server\rewrite.php(43): require_once('FCPATH\\index.php')
CRITICAL - 2022-09-11 17:10:54 --> Arquivo inválido: Admin/FormaPagamento/excluir.php
in SYSTEMPATH\Exceptions\FrameworkException.php on line 33.
 1 SYSTEMPATH\View\View.php(201): CodeIgniter\Exceptions\FrameworkException::forInvalidFile('Admin/FormaPagamento/excluir.php')
 2 SYSTEMPATH\Common.php(1137): CodeIgniter\View\View->render('Admin/FormaPagamento/excluir', [], true)
 3 APPPATH\Controllers\Admin\FormasPagamento.php(201): view('Admin/FormaPagamento/excluir', [...])
 4 SYSTEMPATH\CodeIgniter.php(904): App\Controllers\Admin\FormasPagamento->excluir('3')
 5 SYSTEMPATH\CodeIgniter.php(457): CodeIgniter\CodeIgniter->runController(Object(App\Controllers\Admin\FormasPagamento))
 6 SYSTEMPATH\CodeIgniter.php(340): CodeIgniter\CodeIgniter->handleRequest(null, Object(Config\Cache), false)
 7 FCPATH\index.php(67): CodeIgniter\CodeIgniter->run()
 8 SYSTEMPATH\Commands\Server\rewrite.php(43): require_once('FCPATH\\index.php')
