CRITICAL - 2022-09-13 17:34:47 --> Undefined variable: bairros
in APPPATH\Views\Admin\Bairros\index.php on line 49.
 1 APPPATH\Views\Admin\Bairros\index.php(49): CodeIgniter\Debug\Exceptions->errorHandler(8, 'Undefined variable: bairros', 'APPPATH\\Views\\Admin\\Bairros\\index.php', 49, [...])
 2 SYSTEMPATH\View\View.php(213): include('APPPATH\\Views\\Admin\\Bairros\\index.php')
 3 SYSTEMPATH\View\View.php(216): CodeIgniter\View\View->CodeIgniter\View\{closure}()
 4 SYSTEMPATH\Common.php(1137): CodeIgniter\View\View->render('Admin/Bairros/index', [], true)
 5 APPPATH\Controllers\Admin\Bairros.php(33): view('Admin/Bairros/index', [...])
 6 SYSTEMPATH\CodeIgniter.php(904): App\Controllers\Admin\Bairros->index()
 7 SYSTEMPATH\CodeIgniter.php(457): CodeIgniter\CodeIgniter->runController(Object(App\Controllers\Admin\Bairros))
 8 SYSTEMPATH\CodeIgniter.php(340): CodeIgniter\CodeIgniter->handleRequest(null, Object(Config\Cache), false)
 9 FCPATH\index.php(67): CodeIgniter\CodeIgniter->run()
10 SYSTEMPATH\Commands\Server\rewrite.php(43): require_once('FCPATH\\index.php')
CRITICAL - 2022-09-13 17:36:29 --> Call to a member function humanize() on string
in APPPATH\Views\Admin\Bairros\index.php on line 57.
 1 SYSTEMPATH\View\View.php(213): include()
 2 SYSTEMPATH\View\View.php(216): CodeIgniter\View\View->CodeIgniter\View\{closure}()
 3 SYSTEMPATH\Common.php(1137): CodeIgniter\View\View->render('Admin/Bairros/index', [], true)
 4 APPPATH\Controllers\Admin\Bairros.php(33): view('Admin/Bairros/index', [...])
 5 SYSTEMPATH\CodeIgniter.php(904): App\Controllers\Admin\Bairros->index()
 6 SYSTEMPATH\CodeIgniter.php(457): CodeIgniter\CodeIgniter->runController(Object(App\Controllers\Admin\Bairros))
 7 SYSTEMPATH\CodeIgniter.php(340): CodeIgniter\CodeIgniter->handleRequest(null, Object(Config\Cache), false)
 8 FCPATH\index.php(67): CodeIgniter\CodeIgniter->run()
 9 SYSTEMPATH\Commands\Server\rewrite.php(43): require_once('FCPATH\\index.php')
CRITICAL - 2022-09-13 17:42:07 --> Undefined property: App\Controllers\Admin\Bairros::$extraModel
in APPPATH\Controllers\Admin\Bairros.php on line 78.
 1 APPPATH\Controllers\Admin\Bairros.php(78): CodeIgniter\Debug\Exceptions->errorHandler(8, 'Undefined property: App\\Controllers\\Admin\\Bairros::$extraModel', 'APPPATH\\Controllers\\Admin\\Bairros.php', 78, [...])
 2 APPPATH\Controllers\Admin\Bairros.php(69): App\Controllers\Admin\Bairros->buscaBairroOu404(1)
 3 SYSTEMPATH\CodeIgniter.php(904): App\Controllers\Admin\Bairros->show('1')
 4 SYSTEMPATH\CodeIgniter.php(457): CodeIgniter\CodeIgniter->runController(Object(App\Controllers\Admin\Bairros))
 5 SYSTEMPATH\CodeIgniter.php(340): CodeIgniter\CodeIgniter->handleRequest(null, Object(Config\Cache), false)
 6 FCPATH\index.php(67): CodeIgniter\CodeIgniter->run()
 7 SYSTEMPATH\Commands\Server\rewrite.php(43): require_once('FCPATH\\index.php')
CRITICAL - 2022-09-13 17:46:54 --> Argument 1 passed to App\Controllers\Admin\Bairros::buscaBairroOu404() must be of the type int or null, string given, called in C:\xampp\htdocs\food\app\Controllers\Admin\Bairros.php on line 69
in APPPATH\Controllers\Admin\Bairros.php on line 82.
 1 APPPATH\Controllers\Admin\Bairros.php(69): App\Controllers\Admin\Bairros->buscaBairroOu404('images')
 2 SYSTEMPATH\CodeIgniter.php(904): App\Controllers\Admin\Bairros->show('images', 'logo.svg')
 3 SYSTEMPATH\CodeIgniter.php(457): CodeIgniter\CodeIgniter->runController(Object(App\Controllers\Admin\Bairros))
 4 SYSTEMPATH\CodeIgniter.php(340): CodeIgniter\CodeIgniter->handleRequest(null, Object(Config\Cache), false)
 5 FCPATH\index.php(67): CodeIgniter\CodeIgniter->run()
 6 SYSTEMPATH\Commands\Server\rewrite.php(43): require_once('FCPATH\\index.php')
CRITICAL - 2022-09-13 17:46:55 --> Argument 1 passed to App\Controllers\Admin\Bairros::buscaBairroOu404() must be of the type int or null, string given, called in C:\xampp\htdocs\food\app\Controllers\Admin\Bairros.php on line 69
in APPPATH\Controllers\Admin\Bairros.php on line 82.
 1 APPPATH\Controllers\Admin\Bairros.php(69): App\Controllers\Admin\Bairros->buscaBairroOu404('images')
 2 SYSTEMPATH\CodeIgniter.php(904): App\Controllers\Admin\Bairros->show('images', 'logo-mini.svg')
 3 SYSTEMPATH\CodeIgniter.php(457): CodeIgniter\CodeIgniter->runController(Object(App\Controllers\Admin\Bairros))
 4 SYSTEMPATH\CodeIgniter.php(340): CodeIgniter\CodeIgniter->handleRequest(null, Object(Config\Cache), false)
 5 FCPATH\index.php(67): CodeIgniter\CodeIgniter->run()
 6 SYSTEMPATH\Commands\Server\rewrite.php(43): require_once('FCPATH\\index.php')
CRITICAL - 2022-09-13 17:46:55 --> Argument 1 passed to App\Controllers\Admin\Bairros::buscaBairroOu404() must be of the type int or null, string given, called in C:\xampp\htdocs\food\app\Controllers\Admin\Bairros.php on line 69
in APPPATH\Controllers\Admin\Bairros.php on line 82.
 1 APPPATH\Controllers\Admin\Bairros.php(69): App\Controllers\Admin\Bairros->buscaBairroOu404('images')
 2 SYSTEMPATH\CodeIgniter.php(904): App\Controllers\Admin\Bairros->show('images', 'faces', 'face4.jpg')
 3 SYSTEMPATH\CodeIgniter.php(457): CodeIgniter\CodeIgniter->runController(Object(App\Controllers\Admin\Bairros))
 4 SYSTEMPATH\CodeIgniter.php(340): CodeIgniter\CodeIgniter->handleRequest(null, Object(Config\Cache), false)
 5 FCPATH\index.php(67): CodeIgniter\CodeIgniter->run()
 6 SYSTEMPATH\Commands\Server\rewrite.php(43): require_once('FCPATH\\index.php')
CRITICAL - 2022-09-13 17:46:55 --> Argument 1 passed to App\Controllers\Admin\Bairros::buscaBairroOu404() must be of the type int or null, string given, called in C:\xampp\htdocs\food\app\Controllers\Admin\Bairros.php on line 69
in APPPATH\Controllers\Admin\Bairros.php on line 82.
 1 APPPATH\Controllers\Admin\Bairros.php(69): App\Controllers\Admin\Bairros->buscaBairroOu404('images')
 2 SYSTEMPATH\CodeIgniter.php(904): App\Controllers\Admin\Bairros->show('images', 'faces', 'face2.jpg')
 3 SYSTEMPATH\CodeIgniter.php(457): CodeIgniter\CodeIgniter->runController(Object(App\Controllers\Admin\Bairros))
 4 SYSTEMPATH\CodeIgniter.php(340): CodeIgniter\CodeIgniter->handleRequest(null, Object(Config\Cache), false)
 5 FCPATH\index.php(67): CodeIgniter\CodeIgniter->run()
 6 SYSTEMPATH\Commands\Server\rewrite.php(43): require_once('FCPATH\\index.php')
CRITICAL - 2022-09-13 17:46:55 --> Argument 1 passed to App\Controllers\Admin\Bairros::buscaBairroOu404() must be of the type int or null, string given, called in C:\xampp\htdocs\food\app\Controllers\Admin\Bairros.php on line 69
in APPPATH\Controllers\Admin\Bairros.php on line 82.
 1 APPPATH\Controllers\Admin\Bairros.php(69): App\Controllers\Admin\Bairros->buscaBairroOu404('images')
 2 SYSTEMPATH\CodeIgniter.php(904): App\Controllers\Admin\Bairros->show('images', 'faces', 'face3.jpg')
 3 SYSTEMPATH\CodeIgniter.php(457): CodeIgniter\CodeIgniter->runController(Object(App\Controllers\Admin\Bairros))
 4 SYSTEMPATH\CodeIgniter.php(340): CodeIgniter\CodeIgniter->handleRequest(null, Object(Config\Cache), false)
 5 FCPATH\index.php(67): CodeIgniter\CodeIgniter->run()
 6 SYSTEMPATH\Commands\Server\rewrite.php(43): require_once('FCPATH\\index.php')
CRITICAL - 2022-09-13 17:46:55 --> Argument 1 passed to App\Controllers\Admin\Bairros::buscaBairroOu404() must be of the type int or null, string given, called in C:\xampp\htdocs\food\app\Controllers\Admin\Bairros.php on line 69
in APPPATH\Controllers\Admin\Bairros.php on line 82.
 1 APPPATH\Controllers\Admin\Bairros.php(69): App\Controllers\Admin\Bairros->buscaBairroOu404('images')
 2 SYSTEMPATH\CodeIgniter.php(904): App\Controllers\Admin\Bairros->show('images', 'faces', 'face5.jpg')
 3 SYSTEMPATH\CodeIgniter.php(457): CodeIgniter\CodeIgniter->runController(Object(App\Controllers\Admin\Bairros))
 4 SYSTEMPATH\CodeIgniter.php(340): CodeIgniter\CodeIgniter->handleRequest(null, Object(Config\Cache), false)
 5 FCPATH\index.php(67): CodeIgniter\CodeIgniter->run()
 6 SYSTEMPATH\Commands\Server\rewrite.php(43): require_once('FCPATH\\index.php')
CRITICAL - 2022-09-13 17:47:30 --> Argument 1 passed to App\Controllers\Admin\Bairros::buscaBairroOu404() must be of the type int or null, string given, called in C:\xampp\htdocs\food\app\Controllers\Admin\Bairros.php on line 69
in APPPATH\Controllers\Admin\Bairros.php on line 82.
 1 APPPATH\Controllers\Admin\Bairros.php(69): App\Controllers\Admin\Bairros->buscaBairroOu404('images')
 2 SYSTEMPATH\CodeIgniter.php(904): App\Controllers\Admin\Bairros->show('images', 'logo.svg')
 3 SYSTEMPATH\CodeIgniter.php(457): CodeIgniter\CodeIgniter->runController(Object(App\Controllers\Admin\Bairros))
 4 SYSTEMPATH\CodeIgniter.php(340): CodeIgniter\CodeIgniter->handleRequest(null, Object(Config\Cache), false)
 5 FCPATH\index.php(67): CodeIgniter\CodeIgniter->run()
 6 SYSTEMPATH\Commands\Server\rewrite.php(43): require_once('FCPATH\\index.php')
CRITICAL - 2022-09-13 17:47:30 --> Argument 1 passed to App\Controllers\Admin\Bairros::buscaBairroOu404() must be of the type int or null, string given, called in C:\xampp\htdocs\food\app\Controllers\Admin\Bairros.php on line 69
in APPPATH\Controllers\Admin\Bairros.php on line 82.
 1 APPPATH\Controllers\Admin\Bairros.php(69): App\Controllers\Admin\Bairros->buscaBairroOu404('images')
 2 SYSTEMPATH\CodeIgniter.php(904): App\Controllers\Admin\Bairros->show('images', 'logo-mini.svg')
 3 SYSTEMPATH\CodeIgniter.php(457): CodeIgniter\CodeIgniter->runController(Object(App\Controllers\Admin\Bairros))
 4 SYSTEMPATH\CodeIgniter.php(340): CodeIgniter\CodeIgniter->handleRequest(null, Object(Config\Cache), false)
 5 FCPATH\index.php(67): CodeIgniter\CodeIgniter->run()
 6 SYSTEMPATH\Commands\Server\rewrite.php(43): require_once('FCPATH\\index.php')
CRITICAL - 2022-09-13 17:47:30 --> Argument 1 passed to App\Controllers\Admin\Bairros::buscaBairroOu404() must be of the type int or null, string given, called in C:\xampp\htdocs\food\app\Controllers\Admin\Bairros.php on line 69
in APPPATH\Controllers\Admin\Bairros.php on line 82.
 1 APPPATH\Controllers\Admin\Bairros.php(69): App\Controllers\Admin\Bairros->buscaBairroOu404('images')
 2 SYSTEMPATH\CodeIgniter.php(904): App\Controllers\Admin\Bairros->show('images', 'faces', 'face4.jpg')
 3 SYSTEMPATH\CodeIgniter.php(457): CodeIgniter\CodeIgniter->runController(Object(App\Controllers\Admin\Bairros))
 4 SYSTEMPATH\CodeIgniter.php(340): CodeIgniter\CodeIgniter->handleRequest(null, Object(Config\Cache), false)
 5 FCPATH\index.php(67): CodeIgniter\CodeIgniter->run()
 6 SYSTEMPATH\Commands\Server\rewrite.php(43): require_once('FCPATH\\index.php')
CRITICAL - 2022-09-13 17:47:30 --> Argument 1 passed to App\Controllers\Admin\Bairros::buscaBairroOu404() must be of the type int or null, string given, called in C:\xampp\htdocs\food\app\Controllers\Admin\Bairros.php on line 69
in APPPATH\Controllers\Admin\Bairros.php on line 82.
 1 APPPATH\Controllers\Admin\Bairros.php(69): App\Controllers\Admin\Bairros->buscaBairroOu404('images')
 2 SYSTEMPATH\CodeIgniter.php(904): App\Controllers\Admin\Bairros->show('images', 'faces', 'face2.jpg')
 3 SYSTEMPATH\CodeIgniter.php(457): CodeIgniter\CodeIgniter->runController(Object(App\Controllers\Admin\Bairros))
 4 SYSTEMPATH\CodeIgniter.php(340): CodeIgniter\CodeIgniter->handleRequest(null, Object(Config\Cache), false)
 5 FCPATH\index.php(67): CodeIgniter\CodeIgniter->run()
 6 SYSTEMPATH\Commands\Server\rewrite.php(43): require_once('FCPATH\\index.php')
CRITICAL - 2022-09-13 17:47:31 --> Argument 1 passed to App\Controllers\Admin\Bairros::buscaBairroOu404() must be of the type int or null, string given, called in C:\xampp\htdocs\food\app\Controllers\Admin\Bairros.php on line 69
in APPPATH\Controllers\Admin\Bairros.php on line 82.
 1 APPPATH\Controllers\Admin\Bairros.php(69): App\Controllers\Admin\Bairros->buscaBairroOu404('images')
 2 SYSTEMPATH\CodeIgniter.php(904): App\Controllers\Admin\Bairros->show('images', 'faces', 'face3.jpg')
 3 SYSTEMPATH\CodeIgniter.php(457): CodeIgniter\CodeIgniter->runController(Object(App\Controllers\Admin\Bairros))
 4 SYSTEMPATH\CodeIgniter.php(340): CodeIgniter\CodeIgniter->handleRequest(null, Object(Config\Cache), false)
 5 FCPATH\index.php(67): CodeIgniter\CodeIgniter->run()
 6 SYSTEMPATH\Commands\Server\rewrite.php(43): require_once('FCPATH\\index.php')
CRITICAL - 2022-09-13 17:47:31 --> Argument 1 passed to App\Controllers\Admin\Bairros::buscaBairroOu404() must be of the type int or null, string given, called in C:\xampp\htdocs\food\app\Controllers\Admin\Bairros.php on line 69
in APPPATH\Controllers\Admin\Bairros.php on line 82.
 1 APPPATH\Controllers\Admin\Bairros.php(69): App\Controllers\Admin\Bairros->buscaBairroOu404('images')
 2 SYSTEMPATH\CodeIgniter.php(904): App\Controllers\Admin\Bairros->show('images', 'faces', 'face5.jpg')
 3 SYSTEMPATH\CodeIgniter.php(457): CodeIgniter\CodeIgniter->runController(Object(App\Controllers\Admin\Bairros))
 4 SYSTEMPATH\CodeIgniter.php(340): CodeIgniter\CodeIgniter->handleRequest(null, Object(Config\Cache), false)
 5 FCPATH\index.php(67): CodeIgniter\CodeIgniter->run()
 6 SYSTEMPATH\Commands\Server\rewrite.php(43): require_once('FCPATH\\index.php')
CRITICAL - 2022-09-13 17:47:52 --> Argument 1 passed to App\Controllers\Admin\Bairros::buscaBairroOu404() must be of the type int or null, string given, called in C:\xampp\htdocs\food\app\Controllers\Admin\Bairros.php on line 69
in APPPATH\Controllers\Admin\Bairros.php on line 82.
 1 APPPATH\Controllers\Admin\Bairros.php(69): App\Controllers\Admin\Bairros->buscaBairroOu404('images')
 2 SYSTEMPATH\CodeIgniter.php(904): App\Controllers\Admin\Bairros->show('images', 'logo.svg')
 3 SYSTEMPATH\CodeIgniter.php(457): CodeIgniter\CodeIgniter->runController(Object(App\Controllers\Admin\Bairros))
 4 SYSTEMPATH\CodeIgniter.php(340): CodeIgniter\CodeIgniter->handleRequest(null, Object(Config\Cache), false)
 5 FCPATH\index.php(67): CodeIgniter\CodeIgniter->run()
 6 SYSTEMPATH\Commands\Server\rewrite.php(43): require_once('FCPATH\\index.php')
CRITICAL - 2022-09-13 17:47:52 --> Argument 1 passed to App\Controllers\Admin\Bairros::buscaBairroOu404() must be of the type int or null, string given, called in C:\xampp\htdocs\food\app\Controllers\Admin\Bairros.php on line 69
in APPPATH\Controllers\Admin\Bairros.php on line 82.
 1 APPPATH\Controllers\Admin\Bairros.php(69): App\Controllers\Admin\Bairros->buscaBairroOu404('images')
 2 SYSTEMPATH\CodeIgniter.php(904): App\Controllers\Admin\Bairros->show('images', 'logo-mini.svg')
 3 SYSTEMPATH\CodeIgniter.php(457): CodeIgniter\CodeIgniter->runController(Object(App\Controllers\Admin\Bairros))
 4 SYSTEMPATH\CodeIgniter.php(340): CodeIgniter\CodeIgniter->handleRequest(null, Object(Config\Cache), false)
 5 FCPATH\index.php(67): CodeIgniter\CodeIgniter->run()
 6 SYSTEMPATH\Commands\Server\rewrite.php(43): require_once('FCPATH\\index.php')
CRITICAL - 2022-09-13 17:47:52 --> Argument 1 passed to App\Controllers\Admin\Bairros::buscaBairroOu404() must be of the type int or null, string given, called in C:\xampp\htdocs\food\app\Controllers\Admin\Bairros.php on line 69
in APPPATH\Controllers\Admin\Bairros.php on line 82.
 1 APPPATH\Controllers\Admin\Bairros.php(69): App\Controllers\Admin\Bairros->buscaBairroOu404('images')
 2 SYSTEMPATH\CodeIgniter.php(904): App\Controllers\Admin\Bairros->show('images', 'faces', 'face4.jpg')
 3 SYSTEMPATH\CodeIgniter.php(457): CodeIgniter\CodeIgniter->runController(Object(App\Controllers\Admin\Bairros))
 4 SYSTEMPATH\CodeIgniter.php(340): CodeIgniter\CodeIgniter->handleRequest(null, Object(Config\Cache), false)
 5 FCPATH\index.php(67): CodeIgniter\CodeIgniter->run()
 6 SYSTEMPATH\Commands\Server\rewrite.php(43): require_once('FCPATH\\index.php')
CRITICAL - 2022-09-13 17:47:52 --> Argument 1 passed to App\Controllers\Admin\Bairros::buscaBairroOu404() must be of the type int or null, string given, called in C:\xampp\htdocs\food\app\Controllers\Admin\Bairros.php on line 69
in APPPATH\Controllers\Admin\Bairros.php on line 82.
 1 APPPATH\Controllers\Admin\Bairros.php(69): App\Controllers\Admin\Bairros->buscaBairroOu404('images')
 2 SYSTEMPATH\CodeIgniter.php(904): App\Controllers\Admin\Bairros->show('images', 'faces', 'face5.jpg')
 3 SYSTEMPATH\CodeIgniter.php(457): CodeIgniter\CodeIgniter->runController(Object(App\Controllers\Admin\Bairros))
 4 SYSTEMPATH\CodeIgniter.php(340): CodeIgniter\CodeIgniter->handleRequest(null, Object(Config\Cache), false)
 5 FCPATH\index.php(67): CodeIgniter\CodeIgniter->run()
 6 SYSTEMPATH\Commands\Server\rewrite.php(43): require_once('FCPATH\\index.php')
CRITICAL - 2022-09-13 17:47:52 --> Argument 1 passed to App\Controllers\Admin\Bairros::buscaBairroOu404() must be of the type int or null, string given, called in C:\xampp\htdocs\food\app\Controllers\Admin\Bairros.php on line 69
in APPPATH\Controllers\Admin\Bairros.php on line 82.
 1 APPPATH\Controllers\Admin\Bairros.php(69): App\Controllers\Admin\Bairros->buscaBairroOu404('images')
 2 SYSTEMPATH\CodeIgniter.php(904): App\Controllers\Admin\Bairros->show('images', 'faces', 'face2.jpg')
 3 SYSTEMPATH\CodeIgniter.php(457): CodeIgniter\CodeIgniter->runController(Object(App\Controllers\Admin\Bairros))
 4 SYSTEMPATH\CodeIgniter.php(340): CodeIgniter\CodeIgniter->handleRequest(null, Object(Config\Cache), false)
 5 FCPATH\index.php(67): CodeIgniter\CodeIgniter->run()
 6 SYSTEMPATH\Commands\Server\rewrite.php(43): require_once('FCPATH\\index.php')
CRITICAL - 2022-09-13 17:47:52 --> Argument 1 passed to App\Controllers\Admin\Bairros::buscaBairroOu404() must be of the type int or null, string given, called in C:\xampp\htdocs\food\app\Controllers\Admin\Bairros.php on line 69
in APPPATH\Controllers\Admin\Bairros.php on line 82.
 1 APPPATH\Controllers\Admin\Bairros.php(69): App\Controllers\Admin\Bairros->buscaBairroOu404('images')
 2 SYSTEMPATH\CodeIgniter.php(904): App\Controllers\Admin\Bairros->show('images', 'faces', 'face3.jpg')
 3 SYSTEMPATH\CodeIgniter.php(457): CodeIgniter\CodeIgniter->runController(Object(App\Controllers\Admin\Bairros))
 4 SYSTEMPATH\CodeIgniter.php(340): CodeIgniter\CodeIgniter->handleRequest(null, Object(Config\Cache), false)
 5 FCPATH\index.php(67): CodeIgniter\CodeIgniter->run()
 6 SYSTEMPATH\Commands\Server\rewrite.php(43): require_once('FCPATH\\index.php')
