CRITICAL - 2022-09-21 17:17:58 --> Arquivo inválido: Produto/detalhes.php
in SYSTEMPATH\Exceptions\FrameworkException.php on line 33.
 1 SYSTEMPATH\View\View.php(201): CodeIgniter\Exceptions\FrameworkException::forInvalidFile('Produto/detalhes.php')
 2 SYSTEMPATH\Common.php(1137): CodeIgniter\View\View->render('Produto/detalhes', [], true)
 3 APPPATH\Controllers\Produto.php(31): view('Produto/detalhes', [...])
 4 SYSTEMPATH\CodeIgniter.php(904): App\Controllers\Produto->detalhes('coca-cola')
 5 SYSTEMPATH\CodeIgniter.php(457): CodeIgniter\CodeIgniter->runController(Object(App\Controllers\Produto))
 6 SYSTEMPATH\CodeIgniter.php(340): CodeIgniter\CodeIgniter->handleRequest(null, Object(Config\Cache), false)
 7 FCPATH\index.php(67): CodeIgniter\CodeIgniter->run()
 8 SYSTEMPATH\Commands\Server\rewrite.php(43): require_once('FCPATH\\index.php')
CRITICAL - 2022-09-21 17:29:51 --> Arquivo inválido: Produto/detalhes.php
in SYSTEMPATH\Exceptions\FrameworkException.php on line 33.
 1 SYSTEMPATH\View\View.php(201): CodeIgniter\Exceptions\FrameworkException::forInvalidFile('Produto/detalhes.php')
 2 SYSTEMPATH\Common.php(1137): CodeIgniter\View\View->render('Produto/detalhes', [], true)
 3 APPPATH\Controllers\Produto.php(33): view('Produto/detalhes', [...])
 4 SYSTEMPATH\CodeIgniter.php(904): App\Controllers\Produto->detalhes('coca-cola')
 5 SYSTEMPATH\CodeIgniter.php(457): CodeIgniter\CodeIgniter->runController(Object(App\Controllers\Produto))
 6 SYSTEMPATH\CodeIgniter.php(340): CodeIgniter\CodeIgniter->handleRequest(null, Object(Config\Cache), false)
 7 FCPATH\index.php(67): CodeIgniter\CodeIgniter->run()
 8 SYSTEMPATH\Commands\Server\rewrite.php(43): require_once('FCPATH\\index.php')
CRITICAL - 2022-09-21 19:06:45 --> Undefined variable: especificacoes
in APPPATH\Views\Produto\detalhes.php on line 36.
 1 APPPATH\Views\Produto\detalhes.php(36): CodeIgniter\Debug\Exceptions->errorHandler(8, 'Undefined variable: especificacoes', 'APPPATH\\Views\\Produto\\detalhes.php', 36, [...])
 2 SYSTEMPATH\View\View.php(213): include('APPPATH\\Views\\Produto\\detalhes.php')
 3 SYSTEMPATH\View\View.php(216): CodeIgniter\View\View->CodeIgniter\View\{closure}()
 4 SYSTEMPATH\Common.php(1137): CodeIgniter\View\View->render('Produto/detalhes', [], true)
 5 APPPATH\Controllers\Produto.php(36): view('Produto/detalhes', [...])
 6 SYSTEMPATH\CodeIgniter.php(904): App\Controllers\Produto->detalhes('bresaola-e-rucola')
 7 SYSTEMPATH\CodeIgniter.php(457): CodeIgniter\CodeIgniter->runController(Object(App\Controllers\Produto))
 8 SYSTEMPATH\CodeIgniter.php(340): CodeIgniter\CodeIgniter->handleRequest(null, Object(Config\Cache), false)
 9 FCPATH\index.php(67): CodeIgniter\CodeIgniter->run()
10 SYSTEMPATH\Commands\Server\rewrite.php(43): require_once('FCPATH\\index.php')
CRITICAL - 2022-09-21 19:08:23 --> Undefined variable: especificacoes
in APPPATH\Views\Produto\detalhes.php on line 36.
 1 APPPATH\Views\Produto\detalhes.php(36): CodeIgniter\Debug\Exceptions->errorHandler(8, 'Undefined variable: especificacoes', 'APPPATH\\Views\\Produto\\detalhes.php', 36, [...])
 2 SYSTEMPATH\View\View.php(213): include('APPPATH\\Views\\Produto\\detalhes.php')
 3 SYSTEMPATH\View\View.php(216): CodeIgniter\View\View->CodeIgniter\View\{closure}()
 4 SYSTEMPATH\Common.php(1137): CodeIgniter\View\View->render('Produto/detalhes', [], true)
 5 APPPATH\Controllers\Produto.php(38): view('Produto/detalhes', [...])
 6 SYSTEMPATH\CodeIgniter.php(904): App\Controllers\Produto->detalhes('bresaola-e-rucola')
 7 SYSTEMPATH\CodeIgniter.php(457): CodeIgniter\CodeIgniter->runController(Object(App\Controllers\Produto))
 8 SYSTEMPATH\CodeIgniter.php(340): CodeIgniter\CodeIgniter->handleRequest(null, Object(Config\Cache), false)
 9 FCPATH\index.php(67): CodeIgniter\CodeIgniter->run()
10 SYSTEMPATH\Commands\Server\rewrite.php(43): require_once('FCPATH\\index.php')
CRITICAL - 2022-09-21 19:08:25 --> Undefined variable: especificacoes
in APPPATH\Views\Produto\detalhes.php on line 36.
 1 APPPATH\Views\Produto\detalhes.php(36): CodeIgniter\Debug\Exceptions->errorHandler(8, 'Undefined variable: especificacoes', 'APPPATH\\Views\\Produto\\detalhes.php', 36, [...])
 2 SYSTEMPATH\View\View.php(213): include('APPPATH\\Views\\Produto\\detalhes.php')
 3 SYSTEMPATH\View\View.php(216): CodeIgniter\View\View->CodeIgniter\View\{closure}()
 4 SYSTEMPATH\Common.php(1137): CodeIgniter\View\View->render('Produto/detalhes', [], true)
 5 APPPATH\Controllers\Produto.php(38): view('Produto/detalhes', [...])
 6 SYSTEMPATH\CodeIgniter.php(904): App\Controllers\Produto->detalhes('bresaola-e-rucola')
 7 SYSTEMPATH\CodeIgniter.php(457): CodeIgniter\CodeIgniter->runController(Object(App\Controllers\Produto))
 8 SYSTEMPATH\CodeIgniter.php(340): CodeIgniter\CodeIgniter->handleRequest(null, Object(Config\Cache), false)
 9 FCPATH\index.php(67): CodeIgniter\CodeIgniter->run()
10 SYSTEMPATH\Commands\Server\rewrite.php(43): require_once('FCPATH\\index.php')
CRITICAL - 2022-09-21 19:10:23 --> Undefined property: stdClass::$especificacao_id
in APPPATH\Views\Produto\detalhes.php on line 40.
 1 APPPATH\Views\Produto\detalhes.php(40): CodeIgniter\Debug\Exceptions->errorHandler(8, 'Undefined property: stdClass::$especificacao_id', 'APPPATH\\Views\\Produto\\detalhes.php', 40, [...])
 2 SYSTEMPATH\View\View.php(213): include('APPPATH\\Views\\Produto\\detalhes.php')
 3 SYSTEMPATH\View\View.php(216): CodeIgniter\View\View->CodeIgniter\View\{closure}()
 4 SYSTEMPATH\Common.php(1137): CodeIgniter\View\View->render('Produto/detalhes', [], true)
 5 APPPATH\Controllers\Produto.php(38): view('Produto/detalhes', [...])
 6 SYSTEMPATH\CodeIgniter.php(904): App\Controllers\Produto->detalhes('bresaola-e-rucola')
 7 SYSTEMPATH\CodeIgniter.php(457): CodeIgniter\CodeIgniter->runController(Object(App\Controllers\Produto))
 8 SYSTEMPATH\CodeIgniter.php(340): CodeIgniter\CodeIgniter->handleRequest(null, Object(Config\Cache), false)
 9 FCPATH\index.php(67): CodeIgniter\CodeIgniter->run()
10 SYSTEMPATH\Commands\Server\rewrite.php(43): require_once('FCPATH\\index.php')
CRITICAL - 2022-09-21 19:11:07 --> Undefined property: stdClass::$especificacao_id
in APPPATH\Views\Produto\detalhes.php on line 40.
 1 APPPATH\Views\Produto\detalhes.php(40): CodeIgniter\Debug\Exceptions->errorHandler(8, 'Undefined property: stdClass::$especificacao_id', 'APPPATH\\Views\\Produto\\detalhes.php', 40, [...])
 2 SYSTEMPATH\View\View.php(213): include('APPPATH\\Views\\Produto\\detalhes.php')
 3 SYSTEMPATH\View\View.php(216): CodeIgniter\View\View->CodeIgniter\View\{closure}()
 4 SYSTEMPATH\Common.php(1137): CodeIgniter\View\View->render('Produto/detalhes', [], true)
 5 APPPATH\Controllers\Produto.php(38): view('Produto/detalhes', [...])
 6 SYSTEMPATH\CodeIgniter.php(904): App\Controllers\Produto->detalhes('bresaola-e-rucola')
 7 SYSTEMPATH\CodeIgniter.php(457): CodeIgniter\CodeIgniter->runController(Object(App\Controllers\Produto))
 8 SYSTEMPATH\CodeIgniter.php(340): CodeIgniter\CodeIgniter->handleRequest(null, Object(Config\Cache), false)
 9 FCPATH\index.php(67): CodeIgniter\CodeIgniter->run()
10 SYSTEMPATH\Commands\Server\rewrite.php(43): require_once('FCPATH\\index.php')
CRITICAL - 2022-09-21 19:11:08 --> Undefined property: stdClass::$especificacao_id
in APPPATH\Views\Produto\detalhes.php on line 40.
 1 APPPATH\Views\Produto\detalhes.php(40): CodeIgniter\Debug\Exceptions->errorHandler(8, 'Undefined property: stdClass::$especificacao_id', 'APPPATH\\Views\\Produto\\detalhes.php', 40, [...])
 2 SYSTEMPATH\View\View.php(213): include('APPPATH\\Views\\Produto\\detalhes.php')
 3 SYSTEMPATH\View\View.php(216): CodeIgniter\View\View->CodeIgniter\View\{closure}()
 4 SYSTEMPATH\Common.php(1137): CodeIgniter\View\View->render('Produto/detalhes', [], true)
 5 APPPATH\Controllers\Produto.php(38): view('Produto/detalhes', [...])
 6 SYSTEMPATH\CodeIgniter.php(904): App\Controllers\Produto->detalhes('bresaola-e-rucola')
 7 SYSTEMPATH\CodeIgniter.php(457): CodeIgniter\CodeIgniter->runController(Object(App\Controllers\Produto))
 8 SYSTEMPATH\CodeIgniter.php(340): CodeIgniter\CodeIgniter->handleRequest(null, Object(Config\Cache), false)
 9 FCPATH\index.php(67): CodeIgniter\CodeIgniter->run()
10 SYSTEMPATH\Commands\Server\rewrite.php(43): require_once('FCPATH\\index.php')
CRITICAL - 2022-09-21 19:12:05 --> Undefined property: stdClass::$especificacao_id
in APPPATH\Views\Produto\detalhes.php on line 40.
 1 APPPATH\Views\Produto\detalhes.php(40): CodeIgniter\Debug\Exceptions->errorHandler(8, 'Undefined property: stdClass::$especificacao_id', 'APPPATH\\Views\\Produto\\detalhes.php', 40, [...])
 2 SYSTEMPATH\View\View.php(213): include('APPPATH\\Views\\Produto\\detalhes.php')
 3 SYSTEMPATH\View\View.php(216): CodeIgniter\View\View->CodeIgniter\View\{closure}()
 4 SYSTEMPATH\Common.php(1137): CodeIgniter\View\View->render('Produto/detalhes', [], true)
 5 APPPATH\Controllers\Produto.php(38): view('Produto/detalhes', [...])
 6 SYSTEMPATH\CodeIgniter.php(904): App\Controllers\Produto->detalhes('bresaola-e-rucola')
 7 SYSTEMPATH\CodeIgniter.php(457): CodeIgniter\CodeIgniter->runController(Object(App\Controllers\Produto))
 8 SYSTEMPATH\CodeIgniter.php(340): CodeIgniter\CodeIgniter->handleRequest(null, Object(Config\Cache), false)
 9 FCPATH\index.php(67): CodeIgniter\CodeIgniter->run()
10 SYSTEMPATH\Commands\Server\rewrite.php(43): require_once('FCPATH\\index.php')
CRITICAL - 2022-09-21 19:12:06 --> Undefined property: stdClass::$especificacao_id
in APPPATH\Views\Produto\detalhes.php on line 40.
 1 APPPATH\Views\Produto\detalhes.php(40): CodeIgniter\Debug\Exceptions->errorHandler(8, 'Undefined property: stdClass::$especificacao_id', 'APPPATH\\Views\\Produto\\detalhes.php', 40, [...])
 2 SYSTEMPATH\View\View.php(213): include('APPPATH\\Views\\Produto\\detalhes.php')
 3 SYSTEMPATH\View\View.php(216): CodeIgniter\View\View->CodeIgniter\View\{closure}()
 4 SYSTEMPATH\Common.php(1137): CodeIgniter\View\View->render('Produto/detalhes', [], true)
 5 APPPATH\Controllers\Produto.php(38): view('Produto/detalhes', [...])
 6 SYSTEMPATH\CodeIgniter.php(904): App\Controllers\Produto->detalhes('bresaola-e-rucola')
 7 SYSTEMPATH\CodeIgniter.php(457): CodeIgniter\CodeIgniter->runController(Object(App\Controllers\Produto))
 8 SYSTEMPATH\CodeIgniter.php(340): CodeIgniter\CodeIgniter->handleRequest(null, Object(Config\Cache), false)
 9 FCPATH\index.php(67): CodeIgniter\CodeIgniter->run()
10 SYSTEMPATH\Commands\Server\rewrite.php(43): require_once('FCPATH\\index.php')
CRITICAL - 2022-09-21 19:12:06 --> Undefined property: stdClass::$especificacao_id
in APPPATH\Views\Produto\detalhes.php on line 40.
 1 APPPATH\Views\Produto\detalhes.php(40): CodeIgniter\Debug\Exceptions->errorHandler(8, 'Undefined property: stdClass::$especificacao_id', 'APPPATH\\Views\\Produto\\detalhes.php', 40, [...])
 2 SYSTEMPATH\View\View.php(213): include('APPPATH\\Views\\Produto\\detalhes.php')
 3 SYSTEMPATH\View\View.php(216): CodeIgniter\View\View->CodeIgniter\View\{closure}()
 4 SYSTEMPATH\Common.php(1137): CodeIgniter\View\View->render('Produto/detalhes', [], true)
 5 APPPATH\Controllers\Produto.php(38): view('Produto/detalhes', [...])
 6 SYSTEMPATH\CodeIgniter.php(904): App\Controllers\Produto->detalhes('bresaola-e-rucola')
 7 SYSTEMPATH\CodeIgniter.php(457): CodeIgniter\CodeIgniter->runController(Object(App\Controllers\Produto))
 8 SYSTEMPATH\CodeIgniter.php(340): CodeIgniter\CodeIgniter->handleRequest(null, Object(Config\Cache), false)
 9 FCPATH\index.php(67): CodeIgniter\CodeIgniter->run()
10 SYSTEMPATH\Commands\Server\rewrite.php(43): require_once('FCPATH\\index.php')
CRITICAL - 2022-09-21 19:12:07 --> Undefined property: stdClass::$especificacao_id
in APPPATH\Views\Produto\detalhes.php on line 40.
 1 APPPATH\Views\Produto\detalhes.php(40): CodeIgniter\Debug\Exceptions->errorHandler(8, 'Undefined property: stdClass::$especificacao_id', 'APPPATH\\Views\\Produto\\detalhes.php', 40, [...])
 2 SYSTEMPATH\View\View.php(213): include('APPPATH\\Views\\Produto\\detalhes.php')
 3 SYSTEMPATH\View\View.php(216): CodeIgniter\View\View->CodeIgniter\View\{closure}()
 4 SYSTEMPATH\Common.php(1137): CodeIgniter\View\View->render('Produto/detalhes', [], true)
 5 APPPATH\Controllers\Produto.php(38): view('Produto/detalhes', [...])
 6 SYSTEMPATH\CodeIgniter.php(904): App\Controllers\Produto->detalhes('bresaola-e-rucola')
 7 SYSTEMPATH\CodeIgniter.php(457): CodeIgniter\CodeIgniter->runController(Object(App\Controllers\Produto))
 8 SYSTEMPATH\CodeIgniter.php(340): CodeIgniter\CodeIgniter->handleRequest(null, Object(Config\Cache), false)
 9 FCPATH\index.php(67): CodeIgniter\CodeIgniter->run()
10 SYSTEMPATH\Commands\Server\rewrite.php(43): require_once('FCPATH\\index.php')
CRITICAL - 2022-09-21 19:16:44 --> Undefined property: stdClass::$preco
in APPPATH\Views\Produto\detalhes.php on line 40.
 1 APPPATH\Views\Produto\detalhes.php(40): CodeIgniter\Debug\Exceptions->errorHandler(8, 'Undefined property: stdClass::$preco', 'APPPATH\\Views\\Produto\\detalhes.php', 40, [...])
 2 SYSTEMPATH\View\View.php(213): include('APPPATH\\Views\\Produto\\detalhes.php')
 3 SYSTEMPATH\View\View.php(216): CodeIgniter\View\View->CodeIgniter\View\{closure}()
 4 SYSTEMPATH\Common.php(1137): CodeIgniter\View\View->render('Produto/detalhes', [], true)
 5 APPPATH\Controllers\Produto.php(36): view('Produto/detalhes', [...])
 6 SYSTEMPATH\CodeIgniter.php(904): App\Controllers\Produto->detalhes('bresaola-e-rucola')
 7 SYSTEMPATH\CodeIgniter.php(457): CodeIgniter\CodeIgniter->runController(Object(App\Controllers\Produto))
 8 SYSTEMPATH\CodeIgniter.php(340): CodeIgniter\CodeIgniter->handleRequest(null, Object(Config\Cache), false)
 9 FCPATH\index.php(67): CodeIgniter\CodeIgniter->run()
10 SYSTEMPATH\Commands\Server\rewrite.php(43): require_once('FCPATH\\index.php')
