CRITICAL - 2022-09-03 21:15:03 --> Argument 1 passed to App\Controllers\Admin\Extras::buscaExtraOu404() must be of the type int or null, string given, called in C:\xampp\htdocs\food\app\Controllers\Admin\Extras.php on line 105
in APPPATH\Controllers\Admin\Extras.php on line 118.
 1 APPPATH\Controllers\Admin\Extras.php(105): App\Controllers\Admin\Extras->buscaExtraOu404('images')
 2 SYSTEMPATH\CodeIgniter.php(904): App\Controllers\Admin\Extras->show('images', 'logo.svg')
 3 SYSTEMPATH\CodeIgniter.php(457): CodeIgniter\CodeIgniter->runController(Object(App\Controllers\Admin\Extras))
 4 SYSTEMPATH\CodeIgniter.php(340): CodeIgniter\CodeIgniter->handleRequest(null, Object(Config\Cache), false)
 5 FCPATH\index.php(67): CodeIgniter\CodeIgniter->run()
 6 SYSTEMPATH\Commands\Server\rewrite.php(43): require_once('FCPATH\\index.php')
CRITICAL - 2022-09-03 21:15:04 --> Argument 1 passed to App\Controllers\Admin\Extras::buscaExtraOu404() must be of the type int or null, string given, called in C:\xampp\htdocs\food\app\Controllers\Admin\Extras.php on line 105
in APPPATH\Controllers\Admin\Extras.php on line 118.
 1 APPPATH\Controllers\Admin\Extras.php(105): App\Controllers\Admin\Extras->buscaExtraOu404('images')
 2 SYSTEMPATH\CodeIgniter.php(904): App\Controllers\Admin\Extras->show('images', 'logo-mini.svg')
 3 SYSTEMPATH\CodeIgniter.php(457): CodeIgniter\CodeIgniter->runController(Object(App\Controllers\Admin\Extras))
 4 SYSTEMPATH\CodeIgniter.php(340): CodeIgniter\CodeIgniter->handleRequest(null, Object(Config\Cache), false)
 5 FCPATH\index.php(67): CodeIgniter\CodeIgniter->run()
 6 SYSTEMPATH\Commands\Server\rewrite.php(43): require_once('FCPATH\\index.php')
CRITICAL - 2022-09-03 21:15:04 --> Argument 1 passed to App\Controllers\Admin\Extras::buscaExtraOu404() must be of the type int or null, string given, called in C:\xampp\htdocs\food\app\Controllers\Admin\Extras.php on line 105
in APPPATH\Controllers\Admin\Extras.php on line 118.
 1 APPPATH\Controllers\Admin\Extras.php(105): App\Controllers\Admin\Extras->buscaExtraOu404('images')
 2 SYSTEMPATH\CodeIgniter.php(904): App\Controllers\Admin\Extras->show('images', 'faces', 'face4.jpg')
 3 SYSTEMPATH\CodeIgniter.php(457): CodeIgniter\CodeIgniter->runController(Object(App\Controllers\Admin\Extras))
 4 SYSTEMPATH\CodeIgniter.php(340): CodeIgniter\CodeIgniter->handleRequest(null, Object(Config\Cache), false)
 5 FCPATH\index.php(67): CodeIgniter\CodeIgniter->run()
 6 SYSTEMPATH\Commands\Server\rewrite.php(43): require_once('FCPATH\\index.php')
CRITICAL - 2022-09-03 21:15:04 --> Argument 1 passed to App\Controllers\Admin\Extras::buscaExtraOu404() must be of the type int or null, string given, called in C:\xampp\htdocs\food\app\Controllers\Admin\Extras.php on line 105
in APPPATH\Controllers\Admin\Extras.php on line 118.
 1 APPPATH\Controllers\Admin\Extras.php(105): App\Controllers\Admin\Extras->buscaExtraOu404('images')
 2 SYSTEMPATH\CodeIgniter.php(904): App\Controllers\Admin\Extras->show('images', 'faces', 'face2.jpg')
 3 SYSTEMPATH\CodeIgniter.php(457): CodeIgniter\CodeIgniter->runController(Object(App\Controllers\Admin\Extras))
 4 SYSTEMPATH\CodeIgniter.php(340): CodeIgniter\CodeIgniter->handleRequest(null, Object(Config\Cache), false)
 5 FCPATH\index.php(67): CodeIgniter\CodeIgniter->run()
 6 SYSTEMPATH\Commands\Server\rewrite.php(43): require_once('FCPATH\\index.php')
CRITICAL - 2022-09-03 21:15:04 --> Argument 1 passed to App\Controllers\Admin\Extras::buscaExtraOu404() must be of the type int or null, string given, called in C:\xampp\htdocs\food\app\Controllers\Admin\Extras.php on line 105
in APPPATH\Controllers\Admin\Extras.php on line 118.
 1 APPPATH\Controllers\Admin\Extras.php(105): App\Controllers\Admin\Extras->buscaExtraOu404('images')
 2 SYSTEMPATH\CodeIgniter.php(904): App\Controllers\Admin\Extras->show('images', 'faces', 'face3.jpg')
 3 SYSTEMPATH\CodeIgniter.php(457): CodeIgniter\CodeIgniter->runController(Object(App\Controllers\Admin\Extras))
 4 SYSTEMPATH\CodeIgniter.php(340): CodeIgniter\CodeIgniter->handleRequest(null, Object(Config\Cache), false)
 5 FCPATH\index.php(67): CodeIgniter\CodeIgniter->run()
 6 SYSTEMPATH\Commands\Server\rewrite.php(43): require_once('FCPATH\\index.php')
CRITICAL - 2022-09-03 21:15:04 --> Argument 1 passed to App\Controllers\Admin\Extras::buscaExtraOu404() must be of the type int or null, string given, called in C:\xampp\htdocs\food\app\Controllers\Admin\Extras.php on line 105
in APPPATH\Controllers\Admin\Extras.php on line 118.
 1 APPPATH\Controllers\Admin\Extras.php(105): App\Controllers\Admin\Extras->buscaExtraOu404('images')
 2 SYSTEMPATH\CodeIgniter.php(904): App\Controllers\Admin\Extras->show('images', 'faces', 'face5.jpg')
 3 SYSTEMPATH\CodeIgniter.php(457): CodeIgniter\CodeIgniter->runController(Object(App\Controllers\Admin\Extras))
 4 SYSTEMPATH\CodeIgniter.php(340): CodeIgniter\CodeIgniter->handleRequest(null, Object(Config\Cache), false)
 5 FCPATH\index.php(67): CodeIgniter\CodeIgniter->run()
 6 SYSTEMPATH\Commands\Server\rewrite.php(43): require_once('FCPATH\\index.php')
CRITICAL - 2022-09-03 21:15:06 --> Argument 1 passed to App\Controllers\Admin\Extras::buscaExtraOu404() must be of the type int or null, string given, called in C:\xampp\htdocs\food\app\Controllers\Admin\Extras.php on line 105
in APPPATH\Controllers\Admin\Extras.php on line 118.
 1 APPPATH\Controllers\Admin\Extras.php(105): App\Controllers\Admin\Extras->buscaExtraOu404('images')
 2 SYSTEMPATH\CodeIgniter.php(904): App\Controllers\Admin\Extras->show('images', 'logo.svg')
 3 SYSTEMPATH\CodeIgniter.php(457): CodeIgniter\CodeIgniter->runController(Object(App\Controllers\Admin\Extras))
 4 SYSTEMPATH\CodeIgniter.php(340): CodeIgniter\CodeIgniter->handleRequest(null, Object(Config\Cache), false)
 5 FCPATH\index.php(67): CodeIgniter\CodeIgniter->run()
 6 SYSTEMPATH\Commands\Server\rewrite.php(43): require_once('FCPATH\\index.php')
CRITICAL - 2022-09-03 21:15:06 --> Argument 1 passed to App\Controllers\Admin\Extras::buscaExtraOu404() must be of the type int or null, string given, called in C:\xampp\htdocs\food\app\Controllers\Admin\Extras.php on line 105
in APPPATH\Controllers\Admin\Extras.php on line 118.
 1 APPPATH\Controllers\Admin\Extras.php(105): App\Controllers\Admin\Extras->buscaExtraOu404('images')
 2 SYSTEMPATH\CodeIgniter.php(904): App\Controllers\Admin\Extras->show('images', 'logo-mini.svg')
 3 SYSTEMPATH\CodeIgniter.php(457): CodeIgniter\CodeIgniter->runController(Object(App\Controllers\Admin\Extras))
 4 SYSTEMPATH\CodeIgniter.php(340): CodeIgniter\CodeIgniter->handleRequest(null, Object(Config\Cache), false)
 5 FCPATH\index.php(67): CodeIgniter\CodeIgniter->run()
 6 SYSTEMPATH\Commands\Server\rewrite.php(43): require_once('FCPATH\\index.php')
CRITICAL - 2022-09-03 21:15:06 --> Argument 1 passed to App\Controllers\Admin\Extras::buscaExtraOu404() must be of the type int or null, string given, called in C:\xampp\htdocs\food\app\Controllers\Admin\Extras.php on line 105
in APPPATH\Controllers\Admin\Extras.php on line 118.
 1 APPPATH\Controllers\Admin\Extras.php(105): App\Controllers\Admin\Extras->buscaExtraOu404('images')
 2 SYSTEMPATH\CodeIgniter.php(904): App\Controllers\Admin\Extras->show('images', 'faces', 'face4.jpg')
 3 SYSTEMPATH\CodeIgniter.php(457): CodeIgniter\CodeIgniter->runController(Object(App\Controllers\Admin\Extras))
 4 SYSTEMPATH\CodeIgniter.php(340): CodeIgniter\CodeIgniter->handleRequest(null, Object(Config\Cache), false)
 5 FCPATH\index.php(67): CodeIgniter\CodeIgniter->run()
 6 SYSTEMPATH\Commands\Server\rewrite.php(43): require_once('FCPATH\\index.php')
CRITICAL - 2022-09-03 21:15:06 --> Argument 1 passed to App\Controllers\Admin\Extras::buscaExtraOu404() must be of the type int or null, string given, called in C:\xampp\htdocs\food\app\Controllers\Admin\Extras.php on line 105
in APPPATH\Controllers\Admin\Extras.php on line 118.
 1 APPPATH\Controllers\Admin\Extras.php(105): App\Controllers\Admin\Extras->buscaExtraOu404('images')
 2 SYSTEMPATH\CodeIgniter.php(904): App\Controllers\Admin\Extras->show('images', 'faces', 'face2.jpg')
 3 SYSTEMPATH\CodeIgniter.php(457): CodeIgniter\CodeIgniter->runController(Object(App\Controllers\Admin\Extras))
 4 SYSTEMPATH\CodeIgniter.php(340): CodeIgniter\CodeIgniter->handleRequest(null, Object(Config\Cache), false)
 5 FCPATH\index.php(67): CodeIgniter\CodeIgniter->run()
 6 SYSTEMPATH\Commands\Server\rewrite.php(43): require_once('FCPATH\\index.php')
CRITICAL - 2022-09-03 21:15:06 --> Argument 1 passed to App\Controllers\Admin\Extras::buscaExtraOu404() must be of the type int or null, string given, called in C:\xampp\htdocs\food\app\Controllers\Admin\Extras.php on line 105
in APPPATH\Controllers\Admin\Extras.php on line 118.
 1 APPPATH\Controllers\Admin\Extras.php(105): App\Controllers\Admin\Extras->buscaExtraOu404('images')
 2 SYSTEMPATH\CodeIgniter.php(904): App\Controllers\Admin\Extras->show('images', 'faces', 'face3.jpg')
 3 SYSTEMPATH\CodeIgniter.php(457): CodeIgniter\CodeIgniter->runController(Object(App\Controllers\Admin\Extras))
 4 SYSTEMPATH\CodeIgniter.php(340): CodeIgniter\CodeIgniter->handleRequest(null, Object(Config\Cache), false)
 5 FCPATH\index.php(67): CodeIgniter\CodeIgniter->run()
 6 SYSTEMPATH\Commands\Server\rewrite.php(43): require_once('FCPATH\\index.php')
CRITICAL - 2022-09-03 21:15:06 --> Argument 1 passed to App\Controllers\Admin\Extras::buscaExtraOu404() must be of the type int or null, string given, called in C:\xampp\htdocs\food\app\Controllers\Admin\Extras.php on line 105
in APPPATH\Controllers\Admin\Extras.php on line 118.
 1 APPPATH\Controllers\Admin\Extras.php(105): App\Controllers\Admin\Extras->buscaExtraOu404('images')
 2 SYSTEMPATH\CodeIgniter.php(904): App\Controllers\Admin\Extras->show('images', 'faces', 'face5.jpg')
 3 SYSTEMPATH\CodeIgniter.php(457): CodeIgniter\CodeIgniter->runController(Object(App\Controllers\Admin\Extras))
 4 SYSTEMPATH\CodeIgniter.php(340): CodeIgniter\CodeIgniter->handleRequest(null, Object(Config\Cache), false)
 5 FCPATH\index.php(67): CodeIgniter\CodeIgniter->run()
 6 SYSTEMPATH\Commands\Server\rewrite.php(43): require_once('FCPATH\\index.php')
CRITICAL - 2022-09-03 21:18:42 --> Argument 1 passed to App\Controllers\Admin\Extras::buscaExtraOu404() must be of the type int or null, string given, called in C:\xampp\htdocs\food\app\Controllers\Admin\Extras.php on line 105
in APPPATH\Controllers\Admin\Extras.php on line 118.
 1 APPPATH\Controllers\Admin\Extras.php(105): App\Controllers\Admin\Extras->buscaExtraOu404('images')
 2 SYSTEMPATH\CodeIgniter.php(904): App\Controllers\Admin\Extras->show('images', 'logo.svg')
 3 SYSTEMPATH\CodeIgniter.php(457): CodeIgniter\CodeIgniter->runController(Object(App\Controllers\Admin\Extras))
 4 SYSTEMPATH\CodeIgniter.php(340): CodeIgniter\CodeIgniter->handleRequest(null, Object(Config\Cache), false)
 5 FCPATH\index.php(67): CodeIgniter\CodeIgniter->run()
 6 SYSTEMPATH\Commands\Server\rewrite.php(43): require_once('FCPATH\\index.php')
CRITICAL - 2022-09-03 21:18:42 --> Argument 1 passed to App\Controllers\Admin\Extras::buscaExtraOu404() must be of the type int or null, string given, called in C:\xampp\htdocs\food\app\Controllers\Admin\Extras.php on line 105
in APPPATH\Controllers\Admin\Extras.php on line 118.
 1 APPPATH\Controllers\Admin\Extras.php(105): App\Controllers\Admin\Extras->buscaExtraOu404('images')
 2 SYSTEMPATH\CodeIgniter.php(904): App\Controllers\Admin\Extras->show('images', 'faces', 'face5.jpg')
 3 SYSTEMPATH\CodeIgniter.php(457): CodeIgniter\CodeIgniter->runController(Object(App\Controllers\Admin\Extras))
 4 SYSTEMPATH\CodeIgniter.php(340): CodeIgniter\CodeIgniter->handleRequest(null, Object(Config\Cache), false)
 5 FCPATH\index.php(67): CodeIgniter\CodeIgniter->run()
 6 SYSTEMPATH\Commands\Server\rewrite.php(43): require_once('FCPATH\\index.php')
CRITICAL - 2022-09-03 21:18:42 --> Argument 1 passed to App\Controllers\Admin\Extras::buscaExtraOu404() must be of the type int or null, string given, called in C:\xampp\htdocs\food\app\Controllers\Admin\Extras.php on line 105
in APPPATH\Controllers\Admin\Extras.php on line 118.
 1 APPPATH\Controllers\Admin\Extras.php(105): App\Controllers\Admin\Extras->buscaExtraOu404('images')
 2 SYSTEMPATH\CodeIgniter.php(904): App\Controllers\Admin\Extras->show('images', 'logo-mini.svg')
 3 SYSTEMPATH\CodeIgniter.php(457): CodeIgniter\CodeIgniter->runController(Object(App\Controllers\Admin\Extras))
 4 SYSTEMPATH\CodeIgniter.php(340): CodeIgniter\CodeIgniter->handleRequest(null, Object(Config\Cache), false)
 5 FCPATH\index.php(67): CodeIgniter\CodeIgniter->run()
 6 SYSTEMPATH\Commands\Server\rewrite.php(43): require_once('FCPATH\\index.php')
CRITICAL - 2022-09-03 21:18:42 --> Argument 1 passed to App\Controllers\Admin\Extras::buscaExtraOu404() must be of the type int or null, string given, called in C:\xampp\htdocs\food\app\Controllers\Admin\Extras.php on line 105
in APPPATH\Controllers\Admin\Extras.php on line 118.
 1 APPPATH\Controllers\Admin\Extras.php(105): App\Controllers\Admin\Extras->buscaExtraOu404('images')
 2 SYSTEMPATH\CodeIgniter.php(904): App\Controllers\Admin\Extras->show('images', 'faces', 'face4.jpg')
 3 SYSTEMPATH\CodeIgniter.php(457): CodeIgniter\CodeIgniter->runController(Object(App\Controllers\Admin\Extras))
 4 SYSTEMPATH\CodeIgniter.php(340): CodeIgniter\CodeIgniter->handleRequest(null, Object(Config\Cache), false)
 5 FCPATH\index.php(67): CodeIgniter\CodeIgniter->run()
 6 SYSTEMPATH\Commands\Server\rewrite.php(43): require_once('FCPATH\\index.php')
CRITICAL - 2022-09-03 21:18:42 --> Undefined variable: categoria
in APPPATH\Views\Admin\Extras\excluir.php on line 44.
 1 APPPATH\Views\Admin\Extras\excluir.php(44): CodeIgniter\Debug\Exceptions->errorHandler(8, 'Undefined variable: categoria', 'APPPATH\\Views\\Admin\\Extras\\excluir.php', 44, [...])
 2 SYSTEMPATH\View\View.php(213): include('APPPATH\\Views\\Admin\\Extras\\excluir.php')
 3 SYSTEMPATH\View\View.php(216): CodeIgniter\View\View->CodeIgniter\View\{closure}()
 4 SYSTEMPATH\Common.php(1137): CodeIgniter\View\View->render('Admin/Extras/excluir', [], true)
 5 APPPATH\Controllers\Admin\Extras.php(209): view('Admin/Extras/excluir', [...])
 6 SYSTEMPATH\CodeIgniter.php(904): App\Controllers\Admin\Extras->excluir('1')
 7 SYSTEMPATH\CodeIgniter.php(457): CodeIgniter\CodeIgniter->runController(Object(App\Controllers\Admin\Extras))
 8 SYSTEMPATH\CodeIgniter.php(340): CodeIgniter\CodeIgniter->handleRequest(null, Object(Config\Cache), false)
 9 FCPATH\index.php(67): CodeIgniter\CodeIgniter->run()
10 SYSTEMPATH\Commands\Server\rewrite.php(43): require_once('FCPATH\\index.php')
CRITICAL - 2022-09-03 21:18:43 --> Argument 1 passed to App\Controllers\Admin\Extras::buscaExtraOu404() must be of the type int or null, string given, called in C:\xampp\htdocs\food\app\Controllers\Admin\Extras.php on line 105
in APPPATH\Controllers\Admin\Extras.php on line 118.
 1 APPPATH\Controllers\Admin\Extras.php(105): App\Controllers\Admin\Extras->buscaExtraOu404('images')
 2 SYSTEMPATH\CodeIgniter.php(904): App\Controllers\Admin\Extras->show('images', 'faces', 'face2.jpg')
 3 SYSTEMPATH\CodeIgniter.php(457): CodeIgniter\CodeIgniter->runController(Object(App\Controllers\Admin\Extras))
 4 SYSTEMPATH\CodeIgniter.php(340): CodeIgniter\CodeIgniter->handleRequest(null, Object(Config\Cache), false)
 5 FCPATH\index.php(67): CodeIgniter\CodeIgniter->run()
 6 SYSTEMPATH\Commands\Server\rewrite.php(43): require_once('FCPATH\\index.php')
CRITICAL - 2022-09-03 21:18:43 --> Argument 1 passed to App\Controllers\Admin\Extras::buscaExtraOu404() must be of the type int or null, string given, called in C:\xampp\htdocs\food\app\Controllers\Admin\Extras.php on line 105
in APPPATH\Controllers\Admin\Extras.php on line 118.
 1 APPPATH\Controllers\Admin\Extras.php(105): App\Controllers\Admin\Extras->buscaExtraOu404('images')
 2 SYSTEMPATH\CodeIgniter.php(904): App\Controllers\Admin\Extras->show('images', 'faces', 'face3.jpg')
 3 SYSTEMPATH\CodeIgniter.php(457): CodeIgniter\CodeIgniter->runController(Object(App\Controllers\Admin\Extras))
 4 SYSTEMPATH\CodeIgniter.php(340): CodeIgniter\CodeIgniter->handleRequest(null, Object(Config\Cache), false)
 5 FCPATH\index.php(67): CodeIgniter\CodeIgniter->run()
 6 SYSTEMPATH\Commands\Server\rewrite.php(43): require_once('FCPATH\\index.php')
CRITICAL - 2022-09-03 21:19:59 --> Argument 1 passed to App\Controllers\Admin\Extras::buscaExtraOu404() must be of the type int or null, string given, called in C:\xampp\htdocs\food\app\Controllers\Admin\Extras.php on line 105
in APPPATH\Controllers\Admin\Extras.php on line 118.
 1 APPPATH\Controllers\Admin\Extras.php(105): App\Controllers\Admin\Extras->buscaExtraOu404('images')
 2 SYSTEMPATH\CodeIgniter.php(904): App\Controllers\Admin\Extras->show('images', 'logo.svg')
 3 SYSTEMPATH\CodeIgniter.php(457): CodeIgniter\CodeIgniter->runController(Object(App\Controllers\Admin\Extras))
 4 SYSTEMPATH\CodeIgniter.php(340): CodeIgniter\CodeIgniter->handleRequest(null, Object(Config\Cache), false)
 5 FCPATH\index.php(67): CodeIgniter\CodeIgniter->run()
 6 SYSTEMPATH\Commands\Server\rewrite.php(43): require_once('FCPATH\\index.php')
CRITICAL - 2022-09-03 21:19:59 --> Argument 1 passed to App\Controllers\Admin\Extras::buscaExtraOu404() must be of the type int or null, string given, called in C:\xampp\htdocs\food\app\Controllers\Admin\Extras.php on line 105
in APPPATH\Controllers\Admin\Extras.php on line 118.
 1 APPPATH\Controllers\Admin\Extras.php(105): App\Controllers\Admin\Extras->buscaExtraOu404('images')
 2 SYSTEMPATH\CodeIgniter.php(904): App\Controllers\Admin\Extras->show('images', 'logo-mini.svg')
 3 SYSTEMPATH\CodeIgniter.php(457): CodeIgniter\CodeIgniter->runController(Object(App\Controllers\Admin\Extras))
 4 SYSTEMPATH\CodeIgniter.php(340): CodeIgniter\CodeIgniter->handleRequest(null, Object(Config\Cache), false)
 5 FCPATH\index.php(67): CodeIgniter\CodeIgniter->run()
 6 SYSTEMPATH\Commands\Server\rewrite.php(43): require_once('FCPATH\\index.php')
CRITICAL - 2022-09-03 21:19:59 --> Argument 1 passed to App\Controllers\Admin\Extras::buscaExtraOu404() must be of the type int or null, string given, called in C:\xampp\htdocs\food\app\Controllers\Admin\Extras.php on line 105
in APPPATH\Controllers\Admin\Extras.php on line 118.
 1 APPPATH\Controllers\Admin\Extras.php(105): App\Controllers\Admin\Extras->buscaExtraOu404('images')
 2 SYSTEMPATH\CodeIgniter.php(904): App\Controllers\Admin\Extras->show('images', 'faces', 'face4.jpg')
 3 SYSTEMPATH\CodeIgniter.php(457): CodeIgniter\CodeIgniter->runController(Object(App\Controllers\Admin\Extras))
 4 SYSTEMPATH\CodeIgniter.php(340): CodeIgniter\CodeIgniter->handleRequest(null, Object(Config\Cache), false)
 5 FCPATH\index.php(67): CodeIgniter\CodeIgniter->run()
 6 SYSTEMPATH\Commands\Server\rewrite.php(43): require_once('FCPATH\\index.php')
CRITICAL - 2022-09-03 21:20:00 --> Argument 1 passed to App\Controllers\Admin\Extras::buscaExtraOu404() must be of the type int or null, string given, called in C:\xampp\htdocs\food\app\Controllers\Admin\Extras.php on line 105
in APPPATH\Controllers\Admin\Extras.php on line 118.
 1 APPPATH\Controllers\Admin\Extras.php(105): App\Controllers\Admin\Extras->buscaExtraOu404('images')
 2 SYSTEMPATH\CodeIgniter.php(904): App\Controllers\Admin\Extras->show('images', 'faces', 'face2.jpg')
 3 SYSTEMPATH\CodeIgniter.php(457): CodeIgniter\CodeIgniter->runController(Object(App\Controllers\Admin\Extras))
 4 SYSTEMPATH\CodeIgniter.php(340): CodeIgniter\CodeIgniter->handleRequest(null, Object(Config\Cache), false)
 5 FCPATH\index.php(67): CodeIgniter\CodeIgniter->run()
 6 SYSTEMPATH\Commands\Server\rewrite.php(43): require_once('FCPATH\\index.php')
CRITICAL - 2022-09-03 21:20:00 --> Argument 1 passed to App\Controllers\Admin\Extras::buscaExtraOu404() must be of the type int or null, string given, called in C:\xampp\htdocs\food\app\Controllers\Admin\Extras.php on line 105
in APPPATH\Controllers\Admin\Extras.php on line 118.
 1 APPPATH\Controllers\Admin\Extras.php(105): App\Controllers\Admin\Extras->buscaExtraOu404('images')
 2 SYSTEMPATH\CodeIgniter.php(904): App\Controllers\Admin\Extras->show('images', 'faces', 'face3.jpg')
 3 SYSTEMPATH\CodeIgniter.php(457): CodeIgniter\CodeIgniter->runController(Object(App\Controllers\Admin\Extras))
 4 SYSTEMPATH\CodeIgniter.php(340): CodeIgniter\CodeIgniter->handleRequest(null, Object(Config\Cache), false)
 5 FCPATH\index.php(67): CodeIgniter\CodeIgniter->run()
 6 SYSTEMPATH\Commands\Server\rewrite.php(43): require_once('FCPATH\\index.php')
CRITICAL - 2022-09-03 21:20:00 --> Argument 1 passed to App\Controllers\Admin\Extras::buscaExtraOu404() must be of the type int or null, string given, called in C:\xampp\htdocs\food\app\Controllers\Admin\Extras.php on line 105
in APPPATH\Controllers\Admin\Extras.php on line 118.
 1 APPPATH\Controllers\Admin\Extras.php(105): App\Controllers\Admin\Extras->buscaExtraOu404('images')
 2 SYSTEMPATH\CodeIgniter.php(904): App\Controllers\Admin\Extras->show('images', 'faces', 'face5.jpg')
 3 SYSTEMPATH\CodeIgniter.php(457): CodeIgniter\CodeIgniter->runController(Object(App\Controllers\Admin\Extras))
 4 SYSTEMPATH\CodeIgniter.php(340): CodeIgniter\CodeIgniter->handleRequest(null, Object(Config\Cache), false)
 5 FCPATH\index.php(67): CodeIgniter\CodeIgniter->run()
 6 SYSTEMPATH\Commands\Server\rewrite.php(43): require_once('FCPATH\\index.php')
CRITICAL - 2022-09-03 21:20:06 --> Argument 1 passed to App\Controllers\Admin\Extras::buscaExtraOu404() must be of the type int or null, string given, called in C:\xampp\htdocs\food\app\Controllers\Admin\Extras.php on line 105
in APPPATH\Controllers\Admin\Extras.php on line 118.
 1 APPPATH\Controllers\Admin\Extras.php(105): App\Controllers\Admin\Extras->buscaExtraOu404('images')
 2 SYSTEMPATH\CodeIgniter.php(904): App\Controllers\Admin\Extras->show('images', 'logo.svg')
 3 SYSTEMPATH\CodeIgniter.php(457): CodeIgniter\CodeIgniter->runController(Object(App\Controllers\Admin\Extras))
 4 SYSTEMPATH\CodeIgniter.php(340): CodeIgniter\CodeIgniter->handleRequest(null, Object(Config\Cache), false)
 5 FCPATH\index.php(67): CodeIgniter\CodeIgniter->run()
 6 SYSTEMPATH\Commands\Server\rewrite.php(43): require_once('FCPATH\\index.php')
CRITICAL - 2022-09-03 21:20:06 --> Argument 1 passed to App\Controllers\Admin\Extras::buscaExtraOu404() must be of the type int or null, string given, called in C:\xampp\htdocs\food\app\Controllers\Admin\Extras.php on line 105
in APPPATH\Controllers\Admin\Extras.php on line 118.
 1 APPPATH\Controllers\Admin\Extras.php(105): App\Controllers\Admin\Extras->buscaExtraOu404('images')
 2 SYSTEMPATH\CodeIgniter.php(904): App\Controllers\Admin\Extras->show('images', 'logo-mini.svg')
 3 SYSTEMPATH\CodeIgniter.php(457): CodeIgniter\CodeIgniter->runController(Object(App\Controllers\Admin\Extras))
 4 SYSTEMPATH\CodeIgniter.php(340): CodeIgniter\CodeIgniter->handleRequest(null, Object(Config\Cache), false)
 5 FCPATH\index.php(67): CodeIgniter\CodeIgniter->run()
 6 SYSTEMPATH\Commands\Server\rewrite.php(43): require_once('FCPATH\\index.php')
CRITICAL - 2022-09-03 21:20:06 --> Argument 1 passed to App\Controllers\Admin\Extras::buscaExtraOu404() must be of the type int or null, string given, called in C:\xampp\htdocs\food\app\Controllers\Admin\Extras.php on line 105
in APPPATH\Controllers\Admin\Extras.php on line 118.
 1 APPPATH\Controllers\Admin\Extras.php(105): App\Controllers\Admin\Extras->buscaExtraOu404('images')
 2 SYSTEMPATH\CodeIgniter.php(904): App\Controllers\Admin\Extras->show('images', 'faces', 'face4.jpg')
 3 SYSTEMPATH\CodeIgniter.php(457): CodeIgniter\CodeIgniter->runController(Object(App\Controllers\Admin\Extras))
 4 SYSTEMPATH\CodeIgniter.php(340): CodeIgniter\CodeIgniter->handleRequest(null, Object(Config\Cache), false)
 5 FCPATH\index.php(67): CodeIgniter\CodeIgniter->run()
 6 SYSTEMPATH\Commands\Server\rewrite.php(43): require_once('FCPATH\\index.php')
CRITICAL - 2022-09-03 21:20:06 --> Argument 1 passed to App\Controllers\Admin\Extras::buscaExtraOu404() must be of the type int or null, string given, called in C:\xampp\htdocs\food\app\Controllers\Admin\Extras.php on line 105
in APPPATH\Controllers\Admin\Extras.php on line 118.
 1 APPPATH\Controllers\Admin\Extras.php(105): App\Controllers\Admin\Extras->buscaExtraOu404('images')
 2 SYSTEMPATH\CodeIgniter.php(904): App\Controllers\Admin\Extras->show('images', 'faces', 'face2.jpg')
 3 SYSTEMPATH\CodeIgniter.php(457): CodeIgniter\CodeIgniter->runController(Object(App\Controllers\Admin\Extras))
 4 SYSTEMPATH\CodeIgniter.php(340): CodeIgniter\CodeIgniter->handleRequest(null, Object(Config\Cache), false)
 5 FCPATH\index.php(67): CodeIgniter\CodeIgniter->run()
 6 SYSTEMPATH\Commands\Server\rewrite.php(43): require_once('FCPATH\\index.php')
CRITICAL - 2022-09-03 21:20:06 --> Argument 1 passed to App\Controllers\Admin\Extras::buscaExtraOu404() must be of the type int or null, string given, called in C:\xampp\htdocs\food\app\Controllers\Admin\Extras.php on line 105
in APPPATH\Controllers\Admin\Extras.php on line 118.
 1 APPPATH\Controllers\Admin\Extras.php(105): App\Controllers\Admin\Extras->buscaExtraOu404('images')
 2 SYSTEMPATH\CodeIgniter.php(904): App\Controllers\Admin\Extras->show('images', 'faces', 'face3.jpg')
 3 SYSTEMPATH\CodeIgniter.php(457): CodeIgniter\CodeIgniter->runController(Object(App\Controllers\Admin\Extras))
 4 SYSTEMPATH\CodeIgniter.php(340): CodeIgniter\CodeIgniter->handleRequest(null, Object(Config\Cache), false)
 5 FCPATH\index.php(67): CodeIgniter\CodeIgniter->run()
 6 SYSTEMPATH\Commands\Server\rewrite.php(43): require_once('FCPATH\\index.php')
CRITICAL - 2022-09-03 21:20:06 --> Argument 1 passed to App\Controllers\Admin\Extras::buscaExtraOu404() must be of the type int or null, string given, called in C:\xampp\htdocs\food\app\Controllers\Admin\Extras.php on line 105
in APPPATH\Controllers\Admin\Extras.php on line 118.
 1 APPPATH\Controllers\Admin\Extras.php(105): App\Controllers\Admin\Extras->buscaExtraOu404('images')
 2 SYSTEMPATH\CodeIgniter.php(904): App\Controllers\Admin\Extras->show('images', 'faces', 'face5.jpg')
 3 SYSTEMPATH\CodeIgniter.php(457): CodeIgniter\CodeIgniter->runController(Object(App\Controllers\Admin\Extras))
 4 SYSTEMPATH\CodeIgniter.php(340): CodeIgniter\CodeIgniter->handleRequest(null, Object(Config\Cache), false)
 5 FCPATH\index.php(67): CodeIgniter\CodeIgniter->run()
 6 SYSTEMPATH\Commands\Server\rewrite.php(43): require_once('FCPATH\\index.php')
CRITICAL - 2022-09-03 21:20:07 --> Argument 1 passed to App\Controllers\Admin\Extras::buscaExtraOu404() must be of the type int or null, string given, called in C:\xampp\htdocs\food\app\Controllers\Admin\Extras.php on line 188
in APPPATH\Controllers\Admin\Extras.php on line 118.
 1 APPPATH\Controllers\Admin\Extras.php(188): App\Controllers\Admin\Extras->buscaExtraOu404('images')
 2 SYSTEMPATH\CodeIgniter.php(904): App\Controllers\Admin\Extras->excluir('images', 'logo.svg')
 3 SYSTEMPATH\CodeIgniter.php(457): CodeIgniter\CodeIgniter->runController(Object(App\Controllers\Admin\Extras))
 4 SYSTEMPATH\CodeIgniter.php(340): CodeIgniter\CodeIgniter->handleRequest(null, Object(Config\Cache), false)
 5 FCPATH\index.php(67): CodeIgniter\CodeIgniter->run()
 6 SYSTEMPATH\Commands\Server\rewrite.php(43): require_once('FCPATH\\index.php')
CRITICAL - 2022-09-03 21:20:07 --> Argument 1 passed to App\Controllers\Admin\Extras::buscaExtraOu404() must be of the type int or null, string given, called in C:\xampp\htdocs\food\app\Controllers\Admin\Extras.php on line 188
in APPPATH\Controllers\Admin\Extras.php on line 118.
 1 APPPATH\Controllers\Admin\Extras.php(188): App\Controllers\Admin\Extras->buscaExtraOu404('images')
 2 SYSTEMPATH\CodeIgniter.php(904): App\Controllers\Admin\Extras->excluir('images', 'logo-mini.svg')
 3 SYSTEMPATH\CodeIgniter.php(457): CodeIgniter\CodeIgniter->runController(Object(App\Controllers\Admin\Extras))
 4 SYSTEMPATH\CodeIgniter.php(340): CodeIgniter\CodeIgniter->handleRequest(null, Object(Config\Cache), false)
 5 FCPATH\index.php(67): CodeIgniter\CodeIgniter->run()
 6 SYSTEMPATH\Commands\Server\rewrite.php(43): require_once('FCPATH\\index.php')
CRITICAL - 2022-09-03 21:20:07 --> Argument 1 passed to App\Controllers\Admin\Extras::buscaExtraOu404() must be of the type int or null, string given, called in C:\xampp\htdocs\food\app\Controllers\Admin\Extras.php on line 188
in APPPATH\Controllers\Admin\Extras.php on line 118.
 1 APPPATH\Controllers\Admin\Extras.php(188): App\Controllers\Admin\Extras->buscaExtraOu404('images')
 2 SYSTEMPATH\CodeIgniter.php(904): App\Controllers\Admin\Extras->excluir('images', 'faces', 'face4.jpg')
 3 SYSTEMPATH\CodeIgniter.php(457): CodeIgniter\CodeIgniter->runController(Object(App\Controllers\Admin\Extras))
 4 SYSTEMPATH\CodeIgniter.php(340): CodeIgniter\CodeIgniter->handleRequest(null, Object(Config\Cache), false)
 5 FCPATH\index.php(67): CodeIgniter\CodeIgniter->run()
 6 SYSTEMPATH\Commands\Server\rewrite.php(43): require_once('FCPATH\\index.php')
CRITICAL - 2022-09-03 21:20:08 --> Argument 1 passed to App\Controllers\Admin\Extras::buscaExtraOu404() must be of the type int or null, string given, called in C:\xampp\htdocs\food\app\Controllers\Admin\Extras.php on line 188
in APPPATH\Controllers\Admin\Extras.php on line 118.
 1 APPPATH\Controllers\Admin\Extras.php(188): App\Controllers\Admin\Extras->buscaExtraOu404('images')
 2 SYSTEMPATH\CodeIgniter.php(904): App\Controllers\Admin\Extras->excluir('images', 'faces', 'face2.jpg')
 3 SYSTEMPATH\CodeIgniter.php(457): CodeIgniter\CodeIgniter->runController(Object(App\Controllers\Admin\Extras))
 4 SYSTEMPATH\CodeIgniter.php(340): CodeIgniter\CodeIgniter->handleRequest(null, Object(Config\Cache), false)
 5 FCPATH\index.php(67): CodeIgniter\CodeIgniter->run()
 6 SYSTEMPATH\Commands\Server\rewrite.php(43): require_once('FCPATH\\index.php')
CRITICAL - 2022-09-03 21:20:08 --> Argument 1 passed to App\Controllers\Admin\Extras::buscaExtraOu404() must be of the type int or null, string given, called in C:\xampp\htdocs\food\app\Controllers\Admin\Extras.php on line 188
in APPPATH\Controllers\Admin\Extras.php on line 118.
 1 APPPATH\Controllers\Admin\Extras.php(188): App\Controllers\Admin\Extras->buscaExtraOu404('images')
 2 SYSTEMPATH\CodeIgniter.php(904): App\Controllers\Admin\Extras->excluir('images', 'faces', 'face5.jpg')
 3 SYSTEMPATH\CodeIgniter.php(457): CodeIgniter\CodeIgniter->runController(Object(App\Controllers\Admin\Extras))
 4 SYSTEMPATH\CodeIgniter.php(340): CodeIgniter\CodeIgniter->handleRequest(null, Object(Config\Cache), false)
 5 FCPATH\index.php(67): CodeIgniter\CodeIgniter->run()
 6 SYSTEMPATH\Commands\Server\rewrite.php(43): require_once('FCPATH\\index.php')
CRITICAL - 2022-09-03 21:20:08 --> Argument 1 passed to App\Controllers\Admin\Extras::buscaExtraOu404() must be of the type int or null, string given, called in C:\xampp\htdocs\food\app\Controllers\Admin\Extras.php on line 188
in APPPATH\Controllers\Admin\Extras.php on line 118.
 1 APPPATH\Controllers\Admin\Extras.php(188): App\Controllers\Admin\Extras->buscaExtraOu404('images')
 2 SYSTEMPATH\CodeIgniter.php(904): App\Controllers\Admin\Extras->excluir('images', 'faces', 'face3.jpg')
 3 SYSTEMPATH\CodeIgniter.php(457): CodeIgniter\CodeIgniter->runController(Object(App\Controllers\Admin\Extras))
 4 SYSTEMPATH\CodeIgniter.php(340): CodeIgniter\CodeIgniter->handleRequest(null, Object(Config\Cache), false)
 5 FCPATH\index.php(67): CodeIgniter\CodeIgniter->run()
 6 SYSTEMPATH\Commands\Server\rewrite.php(43): require_once('FCPATH\\index.php')
CRITICAL - 2022-09-03 21:21:46 --> Argument 1 passed to App\Controllers\Admin\Extras::buscaExtraOu404() must be of the type int or null, string given, called in C:\xampp\htdocs\food\app\Controllers\Admin\Extras.php on line 105
in APPPATH\Controllers\Admin\Extras.php on line 118.
 1 APPPATH\Controllers\Admin\Extras.php(105): App\Controllers\Admin\Extras->buscaExtraOu404('images')
 2 SYSTEMPATH\CodeIgniter.php(904): App\Controllers\Admin\Extras->show('images', 'logo.svg')
 3 SYSTEMPATH\CodeIgniter.php(457): CodeIgniter\CodeIgniter->runController(Object(App\Controllers\Admin\Extras))
 4 SYSTEMPATH\CodeIgniter.php(340): CodeIgniter\CodeIgniter->handleRequest(null, Object(Config\Cache), false)
 5 FCPATH\index.php(67): CodeIgniter\CodeIgniter->run()
 6 SYSTEMPATH\Commands\Server\rewrite.php(43): require_once('FCPATH\\index.php')
CRITICAL - 2022-09-03 21:21:50 --> Argument 1 passed to App\Controllers\Admin\Extras::buscaExtraOu404() must be of the type int or null, string given, called in C:\xampp\htdocs\food\app\Controllers\Admin\Extras.php on line 105
in APPPATH\Controllers\Admin\Extras.php on line 118.
 1 APPPATH\Controllers\Admin\Extras.php(105): App\Controllers\Admin\Extras->buscaExtraOu404('images')
 2 SYSTEMPATH\CodeIgniter.php(904): App\Controllers\Admin\Extras->show('images', 'logo-mini.svg')
 3 SYSTEMPATH\CodeIgniter.php(457): CodeIgniter\CodeIgniter->runController(Object(App\Controllers\Admin\Extras))
 4 SYSTEMPATH\CodeIgniter.php(340): CodeIgniter\CodeIgniter->handleRequest(null, Object(Config\Cache), false)
 5 FCPATH\index.php(67): CodeIgniter\CodeIgniter->run()
 6 SYSTEMPATH\Commands\Server\rewrite.php(43): require_once('FCPATH\\index.php')
CRITICAL - 2022-09-03 21:21:50 --> Argument 1 passed to App\Controllers\Admin\Extras::buscaExtraOu404() must be of the type int or null, string given, called in C:\xampp\htdocs\food\app\Controllers\Admin\Extras.php on line 105
in APPPATH\Controllers\Admin\Extras.php on line 118.
 1 APPPATH\Controllers\Admin\Extras.php(105): App\Controllers\Admin\Extras->buscaExtraOu404('images')
 2 SYSTEMPATH\CodeIgniter.php(904): App\Controllers\Admin\Extras->show('images', 'faces', 'face4.jpg')
 3 SYSTEMPATH\CodeIgniter.php(457): CodeIgniter\CodeIgniter->runController(Object(App\Controllers\Admin\Extras))
 4 SYSTEMPATH\CodeIgniter.php(340): CodeIgniter\CodeIgniter->handleRequest(null, Object(Config\Cache), false)
 5 FCPATH\index.php(67): CodeIgniter\CodeIgniter->run()
 6 SYSTEMPATH\Commands\Server\rewrite.php(43): require_once('FCPATH\\index.php')
CRITICAL - 2022-09-03 21:21:50 --> Argument 1 passed to App\Controllers\Admin\Extras::buscaExtraOu404() must be of the type int or null, string given, called in C:\xampp\htdocs\food\app\Controllers\Admin\Extras.php on line 105
in APPPATH\Controllers\Admin\Extras.php on line 118.
 1 APPPATH\Controllers\Admin\Extras.php(105): App\Controllers\Admin\Extras->buscaExtraOu404('images')
 2 SYSTEMPATH\CodeIgniter.php(904): App\Controllers\Admin\Extras->show('images', 'faces', 'face5.jpg')
 3 SYSTEMPATH\CodeIgniter.php(457): CodeIgniter\CodeIgniter->runController(Object(App\Controllers\Admin\Extras))
 4 SYSTEMPATH\CodeIgniter.php(340): CodeIgniter\CodeIgniter->handleRequest(null, Object(Config\Cache), false)
 5 FCPATH\index.php(67): CodeIgniter\CodeIgniter->run()
 6 SYSTEMPATH\Commands\Server\rewrite.php(43): require_once('FCPATH\\index.php')
CRITICAL - 2022-09-03 21:21:51 --> Argument 1 passed to App\Controllers\Admin\Extras::buscaExtraOu404() must be of the type int or null, string given, called in C:\xampp\htdocs\food\app\Controllers\Admin\Extras.php on line 105
in APPPATH\Controllers\Admin\Extras.php on line 118.
 1 APPPATH\Controllers\Admin\Extras.php(105): App\Controllers\Admin\Extras->buscaExtraOu404('images')
 2 SYSTEMPATH\CodeIgniter.php(904): App\Controllers\Admin\Extras->show('images', 'faces', 'face2.jpg')
 3 SYSTEMPATH\CodeIgniter.php(457): CodeIgniter\CodeIgniter->runController(Object(App\Controllers\Admin\Extras))
 4 SYSTEMPATH\CodeIgniter.php(340): CodeIgniter\CodeIgniter->handleRequest(null, Object(Config\Cache), false)
 5 FCPATH\index.php(67): CodeIgniter\CodeIgniter->run()
 6 SYSTEMPATH\Commands\Server\rewrite.php(43): require_once('FCPATH\\index.php')
CRITICAL - 2022-09-03 21:21:51 --> Argument 1 passed to App\Controllers\Admin\Extras::buscaExtraOu404() must be of the type int or null, string given, called in C:\xampp\htdocs\food\app\Controllers\Admin\Extras.php on line 105
in APPPATH\Controllers\Admin\Extras.php on line 118.
 1 APPPATH\Controllers\Admin\Extras.php(105): App\Controllers\Admin\Extras->buscaExtraOu404('images')
 2 SYSTEMPATH\CodeIgniter.php(904): App\Controllers\Admin\Extras->show('images', 'faces', 'face3.jpg')
 3 SYSTEMPATH\CodeIgniter.php(457): CodeIgniter\CodeIgniter->runController(Object(App\Controllers\Admin\Extras))
 4 SYSTEMPATH\CodeIgniter.php(340): CodeIgniter\CodeIgniter->handleRequest(null, Object(Config\Cache), false)
 5 FCPATH\index.php(67): CodeIgniter\CodeIgniter->run()
 6 SYSTEMPATH\Commands\Server\rewrite.php(43): require_once('FCPATH\\index.php')
CRITICAL - 2022-09-03 21:21:51 --> Argument 1 passed to App\Controllers\Admin\Extras::buscaExtraOu404() must be of the type int or null, string given, called in C:\xampp\htdocs\food\app\Controllers\Admin\Extras.php on line 188
in APPPATH\Controllers\Admin\Extras.php on line 118.
 1 APPPATH\Controllers\Admin\Extras.php(188): App\Controllers\Admin\Extras->buscaExtraOu404('images')
 2 SYSTEMPATH\CodeIgniter.php(904): App\Controllers\Admin\Extras->excluir('images', 'logo.svg')
 3 SYSTEMPATH\CodeIgniter.php(457): CodeIgniter\CodeIgniter->runController(Object(App\Controllers\Admin\Extras))
 4 SYSTEMPATH\CodeIgniter.php(340): CodeIgniter\CodeIgniter->handleRequest(null, Object(Config\Cache), false)
 5 FCPATH\index.php(67): CodeIgniter\CodeIgniter->run()
 6 SYSTEMPATH\Commands\Server\rewrite.php(43): require_once('FCPATH\\index.php')
CRITICAL - 2022-09-03 21:21:51 --> Argument 1 passed to App\Controllers\Admin\Extras::buscaExtraOu404() must be of the type int or null, string given, called in C:\xampp\htdocs\food\app\Controllers\Admin\Extras.php on line 188
in APPPATH\Controllers\Admin\Extras.php on line 118.
 1 APPPATH\Controllers\Admin\Extras.php(188): App\Controllers\Admin\Extras->buscaExtraOu404('images')
 2 SYSTEMPATH\CodeIgniter.php(904): App\Controllers\Admin\Extras->excluir('images', 'logo-mini.svg')
 3 SYSTEMPATH\CodeIgniter.php(457): CodeIgniter\CodeIgniter->runController(Object(App\Controllers\Admin\Extras))
 4 SYSTEMPATH\CodeIgniter.php(340): CodeIgniter\CodeIgniter->handleRequest(null, Object(Config\Cache), false)
 5 FCPATH\index.php(67): CodeIgniter\CodeIgniter->run()
 6 SYSTEMPATH\Commands\Server\rewrite.php(43): require_once('FCPATH\\index.php')
CRITICAL - 2022-09-03 21:21:51 --> Argument 1 passed to App\Controllers\Admin\Extras::buscaExtraOu404() must be of the type int or null, string given, called in C:\xampp\htdocs\food\app\Controllers\Admin\Extras.php on line 188
in APPPATH\Controllers\Admin\Extras.php on line 118.
 1 APPPATH\Controllers\Admin\Extras.php(188): App\Controllers\Admin\Extras->buscaExtraOu404('images')
 2 SYSTEMPATH\CodeIgniter.php(904): App\Controllers\Admin\Extras->excluir('images', 'faces', 'face4.jpg')
 3 SYSTEMPATH\CodeIgniter.php(457): CodeIgniter\CodeIgniter->runController(Object(App\Controllers\Admin\Extras))
 4 SYSTEMPATH\CodeIgniter.php(340): CodeIgniter\CodeIgniter->handleRequest(null, Object(Config\Cache), false)
 5 FCPATH\index.php(67): CodeIgniter\CodeIgniter->run()
 6 SYSTEMPATH\Commands\Server\rewrite.php(43): require_once('FCPATH\\index.php')
CRITICAL - 2022-09-03 21:21:51 --> Argument 1 passed to App\Controllers\Admin\Extras::buscaExtraOu404() must be of the type int or null, string given, called in C:\xampp\htdocs\food\app\Controllers\Admin\Extras.php on line 188
in APPPATH\Controllers\Admin\Extras.php on line 118.
 1 APPPATH\Controllers\Admin\Extras.php(188): App\Controllers\Admin\Extras->buscaExtraOu404('images')
 2 SYSTEMPATH\CodeIgniter.php(904): App\Controllers\Admin\Extras->excluir('images', 'faces', 'face2.jpg')
 3 SYSTEMPATH\CodeIgniter.php(457): CodeIgniter\CodeIgniter->runController(Object(App\Controllers\Admin\Extras))
 4 SYSTEMPATH\CodeIgniter.php(340): CodeIgniter\CodeIgniter->handleRequest(null, Object(Config\Cache), false)
 5 FCPATH\index.php(67): CodeIgniter\CodeIgniter->run()
 6 SYSTEMPATH\Commands\Server\rewrite.php(43): require_once('FCPATH\\index.php')
CRITICAL - 2022-09-03 21:21:51 --> Argument 1 passed to App\Controllers\Admin\Extras::buscaExtraOu404() must be of the type int or null, string given, called in C:\xampp\htdocs\food\app\Controllers\Admin\Extras.php on line 188
in APPPATH\Controllers\Admin\Extras.php on line 118.
 1 APPPATH\Controllers\Admin\Extras.php(188): App\Controllers\Admin\Extras->buscaExtraOu404('images')
 2 SYSTEMPATH\CodeIgniter.php(904): App\Controllers\Admin\Extras->excluir('images', 'faces', 'face3.jpg')
 3 SYSTEMPATH\CodeIgniter.php(457): CodeIgniter\CodeIgniter->runController(Object(App\Controllers\Admin\Extras))
 4 SYSTEMPATH\CodeIgniter.php(340): CodeIgniter\CodeIgniter->handleRequest(null, Object(Config\Cache), false)
 5 FCPATH\index.php(67): CodeIgniter\CodeIgniter->run()
 6 SYSTEMPATH\Commands\Server\rewrite.php(43): require_once('FCPATH\\index.php')
CRITICAL - 2022-09-03 21:21:51 --> Argument 1 passed to App\Controllers\Admin\Extras::buscaExtraOu404() must be of the type int or null, string given, called in C:\xampp\htdocs\food\app\Controllers\Admin\Extras.php on line 188
in APPPATH\Controllers\Admin\Extras.php on line 118.
 1 APPPATH\Controllers\Admin\Extras.php(188): App\Controllers\Admin\Extras->buscaExtraOu404('images')
 2 SYSTEMPATH\CodeIgniter.php(904): App\Controllers\Admin\Extras->excluir('images', 'faces', 'face5.jpg')
 3 SYSTEMPATH\CodeIgniter.php(457): CodeIgniter\CodeIgniter->runController(Object(App\Controllers\Admin\Extras))
 4 SYSTEMPATH\CodeIgniter.php(340): CodeIgniter\CodeIgniter->handleRequest(null, Object(Config\Cache), false)
 5 FCPATH\index.php(67): CodeIgniter\CodeIgniter->run()
 6 SYSTEMPATH\Commands\Server\rewrite.php(43): require_once('FCPATH\\index.php')
